Removed Pin From Net: NetName=DGND Pin=C4-2
Removed Pin From Net: NetName=DGND Pin=C5-1
Removed Pin From Net: NetName=NetC7_1 Pin=C7-1
Removed Pin From Net: NetName=DGND Pin=C7-2
Removed Pin From Net: NetName=GND Pin=D1-3
Removed Pin From Net: NetName=GND Pin=D2-3
Removed Pin From Net: NetName=NetC7_1 Pin=D3-3
Removed Pin From Net: NetName=DGND Pin=D5-3
Removed Pin From Net: NetName=CHGND Pin=J1-A1/B12
Removed Pin From Net: NetName=CHGND Pin=J1-B1/A12
Removed Pin From Net: NetName=NetD4_3 Pin=R7-1
Removed Pin From Net: NetName=NetD4_3 Pin=R9-2
Removed Pin From Net: NetName=DGND Pin=U3-2
Removed Pin From Net: NetName=NetC7_1 Pin=U3-5
Removed Member From Class: ClassName=CtlBoard Member=C5
Removed Member From Class: ClassName=CtlBoard Member=C6
Removed Member From Class: ClassName=CtlBoard Member=C7
Removed Member From Class: ClassName=CtlBoard Member=CN1
Removed Member From Class: ClassName=CtlBoard Member=D2
Removed Member From Class: ClassName=CtlBoard Member=D3
Removed Member From Class: ClassName=CtlBoard Member=D4
Removed Member From Class: ClassName=CtlBoard Member=D5
Removed Member From Class: ClassName=CtlBoard Member=R100
Removed Member From Class: ClassName=CtlBoard Member=U3
Change Component Footprint: Designator=C4 Old Footprint=CAP_EEE1CA100AR New Footprint=CAPC2012X60N
Change Component Footprint: Designator=D4 Old Footprint=SOT91P240X110-3N New Footprint=SOT95P230X110-3N
Change Component Comment : Designator=R7 Old Comment= New Comment=5K1
Change Component Comment : Designator=Q1 Old Comment=DMP1045U New Comment=
Change Component Comment : Designator=Q2 Old Comment=DMP1045U New Comment=
Change Component Comment : Designator=U2 Old Comment=DW01A New Comment=LITHUM PROTECTION
Change Component Comment : Designator=R8 Old Comment=NF New Comment=0R0
Change Component Comment : Designator=R1 Old Comment=NF New Comment=1K0
Change Component Comment : Designator=R2 Old Comment=NF New Comment=1K0
Change Component Comment : Designator=R3 Old Comment=NF New Comment=1K0
Change Component Comment : Designator=R4 Old Comment=NF New Comment=1K2
Change Component Comment : Designator=R6 Old Comment=NF New Comment=5K1
Change Component Comment : Designator=C1 Old Comment=NF New Comment=10U
Change Component Comment : Designator=C2 Old Comment=NF New Comment=100N
Change Component Comment : Designator=C3 Old Comment=NF New Comment=100N
Change Component Comment : Designator=C4 Old Comment=NF New Comment=100N
Change Component Comment : Designator=R9 Old Comment=NF New Comment=100R
Change Component Comment : Designator=J1 Old Comment=USB-C CONNECTOR New Comment=USB
Change Component Designator: OldDesignator=D4 NewDesignator=D1
Change component parameters: Designator = "C1" ("C1"); Footprint = "CAPC2012X60N"; UniqueID = "\DAFORAQE" ("\DAFORAQE")
Change component parameters (AddParameter): Name = "Arrow"; Value = ""; VariantName = "[No Variations]"
Change component parameters (AddParameter): Name = "Category"; Value = "[0000] Passive components"; VariantName = "[No Variations]"
Change component parameters (AddParameter): Name = "Cost"; Value = "0.172"; VariantName = "[No Variations]"
Change component parameters (AddParameter): Name = "DigiKey"; Value = ""; VariantName = "[No Variations]"
Change component parameters (AddParameter): Name = "Farnell"; Value = "3581774"; VariantName = "[No Variations]"
Change component parameters (AddParameter): Name = "FootprintName"; Value = ""; VariantName = "[No Variations]"
Change component parameters (AddParameter): Name = "HelpURL"; Value = ""; VariantName = "[No Variations]"
Change component parameters (AddParameter): Name = "LCSC"; Value = ""; VariantName = "[No Variations]"
Change component parameters (AddParameter): Name = "LibraryVersion"; Value = "v1"; VariantName = "[No Variations]"
Change component parameters (AddParameter): Name = "MF"; Value = ""; VariantName = "[No Variations]"
Change component parameters (AddParameter): Name = "Mounting"; Value = "SMT"; VariantName = "[No Variations]"
Change component parameters (AddParameter): Name = "Mouser"; Value = ""; VariantName = "[No Variations]"
Change component parameters (AddParameter): Name = "MP"; Value = ""; VariantName = "[No Variations]"
Change component parameters (AddParameter): Name = "My_P/N"; Value = ""; VariantName = "[No Variations]"
Change component parameters (AddParameter): Name = "My_PN"; Value = ""; VariantName = "[No Variations]"
Change component parameters (AddParameter): Name = "Package"; Value = ""; VariantName = "[No Variations]"
Change component parameters (AddParameter): Name = "Profusion"; Value = ""; VariantName = "[No Variations]"
Change component parameters (AddParameter): Name = "RS"; Value = ""; VariantName = "[No Variations]"
Change component parameters (AddParameter): Name = "Subcategory"; Value = "[0002] Capacitor"; VariantName = "[No Variations]"
Change component parameters (AddParameter): Name = "UA P/N"; Value = "16-0004"; VariantName = "[No Variations]"
Change component parameters (AddParameter): Name = "Unique ID"; Value = "139"; VariantName = "[No Variations]"
Change component parameters (AddParameter): Name = "Value"; Value = "10U"; VariantName = "[No Variations]"
Change component parameters: Designator = "C2" ("C2"); Footprint = "CAPC2012X60N"; UniqueID = "\BXBOZXJX" ("\BXBOZXJX")
Change component parameters (AddParameter): Name = "Arrow"; Value = ""; VariantName = "[No Variations]"
Change component parameters (AddParameter): Name = "Category"; Value = "[0000] Passive components"; VariantName = "[No Variations]"
Change component parameters (AddParameter): Name = "Cost"; Value = "0.0195"; VariantName = "[No Variations]"
Change component parameters (AddParameter): Name = "DigiKey"; Value = ""; VariantName = "[No Variations]"
Change component parameters (AddParameter): Name = "Farnell"; Value = "2408561"; VariantName = "[No Variations]"
Change component parameters (AddParameter): Name = "FootprintName"; Value = ""; VariantName = "[No Variations]"
Change component parameters (AddParameter): Name = "HelpURL"; Value = ""; VariantName = "[No Variations]"
Change component parameters (AddParameter): Name = "LCSC"; Value = ""; VariantName = "[No Variations]"
Change component parameters (AddParameter): Name = "LibraryVersion"; Value = "v1"; VariantName = "[No Variations]"
Change component parameters (AddParameter): Name = "MF"; Value = ""; VariantName = "[No Variations]"
Change component parameters (AddParameter): Name = "Mounting"; Value = "SMT"; VariantName = "[No Variations]"
Change component parameters (AddParameter): Name = "Mouser"; Value = ""; VariantName = "[No Variations]"
Change component parameters (AddParameter): Name = "MP"; Value = ""; VariantName = "[No Variations]"
Change component parameters (AddParameter): Name = "My_P/N"; Value = ""; VariantName = "[No Variations]"
Change component parameters (AddParameter): Name = "My_PN"; Value = ""; VariantName = "[No Variations]"
Change component parameters (AddParameter): Name = "Package"; Value = ""; VariantName = "[No Variations]"
Change component parameters (AddParameter): Name = "Profusion"; Value = ""; VariantName = "[No Variations]"
Change component parameters (AddParameter): Name = "RS"; Value = ""; VariantName = "[No Variations]"
Change component parameters (AddParameter): Name = "Subcategory"; Value = "[0002] Capacitor"; VariantName = "[No Variations]"
Change component parameters (AddParameter): Name = "UA P/N"; Value = "16-0001"; VariantName = "[No Variations]"
Change component parameters (AddParameter): Name = "Unique ID"; Value = "118"; VariantName = "[No Variations]"
Change component parameters (AddParameter): Name = "Value"; Value = "100N"; VariantName = "[No Variations]"
Change component parameters: Designator = "C3" ("C3"); Footprint = "CAPC2012X60N"; UniqueID = "\BLLOXVYE" ("\BLLOXVYE")
Change component parameters (AddParameter): Name = "Arrow"; Value = ""; VariantName = "[No Variations]"
Change component parameters (AddParameter): Name = "Category"; Value = "[0000] Passive components"; VariantName = "[No Variations]"
Change component parameters (AddParameter): Name = "Cost"; Value = "0.0195"; VariantName = "[No Variations]"
Change component parameters (AddParameter): Name = "DigiKey"; Value = ""; VariantName = "[No Variations]"
Change component parameters (AddParameter): Name = "Farnell"; Value = "2408561"; VariantName = "[No Variations]"
Change component parameters (AddParameter): Name = "FootprintName"; Value = ""; VariantName = "[No Variations]"
Change component parameters (AddParameter): Name = "HelpURL"; Value = ""; VariantName = "[No Variations]"
Change component parameters (AddParameter): Name = "LCSC"; Value = ""; VariantName = "[No Variations]"
Change component parameters (AddParameter): Name = "LibraryVersion"; Value = "v1"; VariantName = "[No Variations]"
Change component parameters (AddParameter): Name = "MF"; Value = ""; VariantName = "[No Variations]"
Change component parameters (AddParameter): Name = "Mounting"; Value = "SMT"; VariantName = "[No Variations]"
Change component parameters (AddParameter): Name = "Mouser"; Value = ""; VariantName = "[No Variations]"
Change component parameters (AddParameter): Name = "MP"; Value = ""; VariantName = "[No Variations]"
Change component parameters (AddParameter): Name = "My_P/N"; Value = ""; VariantName = "[No Variations]"
Change component parameters (AddParameter): Name = "My_PN"; Value = ""; VariantName = "[No Variations]"
Change component parameters (AddParameter): Name = "Package"; Value = ""; VariantName = "[No Variations]"
Change component parameters (AddParameter): Name = "Profusion"; Value = ""; VariantName = "[No Variations]"
Change component parameters (AddParameter): Name = "RS"; Value = ""; VariantName = "[No Variations]"
Change component parameters (AddParameter): Name = "Subcategory"; Value = "[0002] Capacitor"; VariantName = "[No Variations]"
Change component parameters (AddParameter): Name = "UA P/N"; Value = "16-0001"; VariantName = "[No Variations]"
Change component parameters (AddParameter): Name = "Unique ID"; Value = "118"; VariantName = "[No Variations]"
Change component parameters (AddParameter): Name = "Value"; Value = "100N"; VariantName = "[No Variations]"
Change component parameters: Designator = "C4" ("C4"); Footprint = "CAP_EEE1CA100AR"; UniqueID = "\VZELGGNM" ("\VZELGGNM")
Change component parameters (AddParameter): Name = "Arrow"; Value = ""; VariantName = "[No Variations]"
Change component parameters (AddParameter): Name = "Category"; Value = "[0000] Passive components"; VariantName = "[No Variations]"
Change component parameters (AddParameter): Name = "Cost"; Value = "0.0195"; VariantName = "[No Variations]"
Change component parameters (AddParameter): Name = "DigiKey"; Value = ""; VariantName = "[No Variations]"
Change component parameters (AddParameter): Name = "Farnell"; Value = "2408561"; VariantName = "[No Variations]"
Change component parameters (AddParameter): Name = "FootprintName"; Value = ""; VariantName = "[No Variations]"
Change component parameters (AddParameter): Name = "HelpURL"; Value = ""; VariantName = "[No Variations]"
Change component parameters (AddParameter): Name = "LCSC"; Value = ""; VariantName = "[No Variations]"
Change component parameters (AddParameter): Name = "LibraryVersion"; Value = "v1"; VariantName = "[No Variations]"
Change component parameters (AddParameter): Name = "MF"; Value = ""; VariantName = "[No Variations]"
Change component parameters (AddParameter): Name = "Mounting"; Value = "SMT"; VariantName = "[No Variations]"
Change component parameters (AddParameter): Name = "Mouser"; Value = ""; VariantName = "[No Variations]"
Change component parameters (AddParameter): Name = "MP"; Value = ""; VariantName = "[No Variations]"
Change component parameters (AddParameter): Name = "My_P/N"; Value = ""; VariantName = "[No Variations]"
Change component parameters (AddParameter): Name = "My_PN"; Value = ""; VariantName = "[No Variations]"
Change component parameters (AddParameter): Name = "Package"; Value = ""; VariantName = "[No Variations]"
Change component parameters (AddParameter): Name = "Profusion"; Value = ""; VariantName = "[No Variations]"
Change component parameters (AddParameter): Name = "RS"; Value = ""; VariantName = "[No Variations]"
Change component parameters (AddParameter): Name = "Subcategory"; Value = "[0002] Capacitor"; VariantName = "[No Variations]"
Change component parameters (AddParameter): Name = "UA P/N"; Value = "16-0001"; VariantName = "[No Variations]"
Change component parameters (AddParameter): Name = "Unique ID"; Value = "118"; VariantName = "[No Variations]"
Change component parameters (AddParameter): Name = "Value"; Value = "100N"; VariantName = "[No Variations]"
Change component parameters: Designator = "D4" ("D1"); Footprint = "SOT91P240X110-3N"; UniqueID = "\YLDYAQMV" ("\YLDYAQMV")
Change component parameters (AddParameter): Name = "Arrow"; Value = ""; VariantName = "[No Variations]"
Change component parameters (AddParameter): Name = "Category"; Value = "[0300] Discrete Semiconductors"; VariantName = "[No Variations]"
Change component parameters (AddParameter): Name = "ComponentLink1Description"; Value = "Web MF"; VariantName = "[No Variations]"
Change component parameters (AddParameter): Name = "ComponentLink1URL"; Value = "https://www.diodes.com"; VariantName = "[No Variations]"
Change component parameters (AddParameter): Name = "ComponentLink2Description"; Value = "Datasheet web"; VariantName = "[No Variations]"
Change component parameters (AddParameter): Name = "ComponentLink2URL"; Value = "https://pdf1.alldatasheet.com/datasheet-pdf/view/515456/DIODES/ZHCS1000TA.html"; VariantName = "[No Variations]"
Change component parameters (AddParameter): Name = "ComponentLink3Description"; Value = "Datasheet local"; VariantName = "[No Variations]"
Change component parameters (AddParameter): Name = "ComponentLink3URL"; Value = "/D/"; VariantName = "[No Variations]"
Change component parameters (AddParameter): Name = "Cost"; Value = "0.157"; VariantName = "[No Variations]"
Change component parameters (AddParameter): Name = "DigiKey"; Value = ""; VariantName = "[No Variations]"
Change component parameters (AddParameter): Name = "Farnell"; Value = "9526773"; VariantName = "[No Variations]"
Change component parameters (AddParameter): Name = "FootprintName"; Value = ""; VariantName = "[No Variations]"
Change component parameters (AddParameter): Name = "HelpURL"; Value = ""; VariantName = "[No Variations]"
Change component parameters (AddParameter): Name = "LCSC"; Value = ""; VariantName = "[No Variations]"
Change component parameters (AddParameter): Name = "LibraryVersion"; Value = "v1"; VariantName = "[No Variations]"
Change component parameters (AddParameter): Name = "MF"; Value = ""; VariantName = "[No Variations]"
Change component parameters (AddParameter): Name = "Mounting"; Value = "SMT"; VariantName = "[No Variations]"
Change component parameters (AddParameter): Name = "Mouser"; Value = ""; VariantName = "[No Variations]"
Change component parameters (AddParameter): Name = "MP"; Value = ""; VariantName = "[No Variations]"
Change component parameters (AddParameter): Name = "My_P/N"; Value = ""; VariantName = "[No Variations]"
Change component parameters (AddParameter): Name = "Package"; Value = ""; VariantName = "[No Variations]"
Change component parameters (AddParameter): Name = "Profusion"; Value = ""; VariantName = "[No Variations]"
Change component parameters (AddParameter): Name = "RS"; Value = ""; VariantName = "[No Variations]"
Change component parameters (AddParameter): Name = "Subcategory"; Value = "[0308] Schottky Diodes"; VariantName = "[No Variations]"
Change component parameters (AddParameter): Name = "UA P/N"; Value = "15-0119"; VariantName = "[No Variations]"
Change component parameters (AddParameter): Name = "Unique ID"; Value = "219"; VariantName = "[No Variations]"
Change component parameters (AddParameter): Name = "Value"; Value = "ZHCS1000TA"; VariantName = "[No Variations]"
Change component parameters: Designator = "J1" ("J1"); Footprint = "GCT_USB4110-GF-A_REVB"; UniqueID = "\DVUTTHHI" ("\DVUTTHHI")
Change component parameters (AddParameter): Name = "Arrow"; Value = ""; VariantName = "[No Variations]"
Change component parameters (AddParameter): Name = "Category"; Value = "[0500] Connectors"; VariantName = "[No Variations]"
Change component parameters (AddParameter): Name = "ComponentLink1Description"; Value = "Web MF"; VariantName = "[No Variations]"
Change component parameters (AddParameter): Name = "ComponentLink1URL"; Value = "https://gct.co"; VariantName = "[No Variations]"
Change component parameters (AddParameter): Name = "ComponentLink2Description"; Value = "Datasheet web"; VariantName = "[No Variations]"
Change component parameters (AddParameter): Name = "ComponentLink2URL"; Value = "https://pdf1.alldatasheet.com/datasheet-pdf/view/1355856/ETC/USB4110-GF-A.html"; VariantName = "[No Variations]"
Change component parameters (AddParameter): Name = "ComponentLink3Description"; Value = "Datasheet local"; VariantName = "[No Variations]"
Change component parameters (AddParameter): Name = "ComponentLink3URL"; Value = "/D/"; VariantName = "[No Variations]"
Change component parameters (AddParameter): Name = "Cost"; Value = "0.662"; VariantName = "[No Variations]"
Change component parameters (AddParameter): Name = "DigiKey"; Value = ""; VariantName = "[No Variations]"
Change component parameters (AddParameter): Name = "Farnell"; Value = "3588206"; VariantName = "[No Variations]"
Change component parameters (AddParameter): Name = "FootprintName"; Value = ""; VariantName = "[No Variations]"
Change component parameters (AddParameter): Name = "HelpURL"; Value = ""; VariantName = "[No Variations]"
Change component parameters (AddParameter): Name = "LCSC"; Value = ""; VariantName = "[No Variations]"
Change component parameters (AddParameter): Name = "LibraryVersion"; Value = "V1"; VariantName = "[No Variations]"
Change component parameters (AddParameter): Name = "MF"; Value = ""; VariantName = "[No Variations]"
Change component parameters (AddParameter): Name = "Mounting"; Value = "SMD"; VariantName = "[No Variations]"
Change component parameters (AddParameter): Name = "Mouser"; Value = ""; VariantName = "[No Variations]"
Change component parameters (AddParameter): Name = "MP"; Value = ""; VariantName = "[No Variations]"
Change component parameters (AddParameter): Name = "My_P/N"; Value = ""; VariantName = "[No Variations]"
Change component parameters (AddParameter): Name = "Package"; Value = ""; VariantName = "[No Variations]"
Change component parameters (AddParameter): Name = "Profusion"; Value = ""; VariantName = "[No Variations]"
Change component parameters (AddParameter): Name = "RS"; Value = ""; VariantName = "[No Variations]"
Change component parameters (AddParameter): Name = "Subcategory"; Value = "[0502] USB connectors"; VariantName = "[No Variations]"
Change component parameters (AddParameter): Name = "UA P/N"; Value = "112-0099"; VariantName = "[No Variations]"
Change component parameters (AddParameter): Name = "Unique ID"; Value = "399"; VariantName = "[No Variations]"
Change component parameters (AddParameter): Name = "Value"; Value = "USB"; VariantName = "[No Variations]"
Change component parameters: Designator = "Q1" ("Q1"); Footprint = "SOT91P240X110-3N"; UniqueID = "\GHXSQULS" ("\GHXSQULS")
Change component parameters (AddParameter): Name = "Arrow"; Value = ""; VariantName = "[No Variations]"
Change component parameters (AddParameter): Name = "Category"; Value = "[0300] Discrete Semiconductors"; VariantName = "[No Variations]"
Change component parameters (AddParameter): Name = "ComponentLink1Description"; Value = "Web MF"; VariantName = "[No Variations]"
Change component parameters (AddParameter): Name = "ComponentLink1URL"; Value = "https://www.diodes.com"; VariantName = "[No Variations]"
Change component parameters (AddParameter): Name = "ComponentLink2Description"; Value = "Datasheet web"; VariantName = "[No Variations]"
Change component parameters (AddParameter): Name = "ComponentLink2URL"; Value = "https://html.alldatasheet.com/html-pdf/833068/DIODES/DMP1045U/217/1/DMP1045U.html"; VariantName = "[No Variations]"
Change component parameters (AddParameter): Name = "ComponentLink3Description"; Value = "Datasheet local"; VariantName = "[No Variations]"
Change component parameters (AddParameter): Name = "ComponentLink3URL"; Value = "/D/"; VariantName = "[No Variations]"
Change component parameters (AddParameter): Name = "Cost"; Value = "0"; VariantName = "[No Variations]"
Change component parameters (AddParameter): Name = "DigiKey"; Value = ""; VariantName = "[No Variations]"
Change component parameters (AddParameter): Name = "Farnell"; Value = ""; VariantName = "[No Variations]"
Change component parameters (AddParameter): Name = "FootprintName"; Value = ""; VariantName = "[No Variations]"
Change component parameters (AddParameter): Name = "HelpURL"; Value = ""; VariantName = "[No Variations]"
Change component parameters (AddParameter): Name = "LCSC"; Value = ""; VariantName = "[No Variations]"
Change component parameters (AddParameter): Name = "LibraryVersion"; Value = "V1"; VariantName = "[No Variations]"
Change component parameters (AddParameter): Name = "MF"; Value = ""; VariantName = "[No Variations]"
Change component parameters (AddParameter): Name = "Mounting"; Value = "SMT"; VariantName = "[No Variations]"
Change component parameters (AddParameter): Name = "Mouser"; Value = ""; VariantName = "[No Variations]"
Change component parameters (AddParameter): Name = "MP"; Value = ""; VariantName = "[No Variations]"
Change component parameters (AddParameter): Name = "My_P/N"; Value = ""; VariantName = "[No Variations]"
Change component parameters (AddParameter): Name = "Package"; Value = ""; VariantName = "[No Variations]"
Change component parameters (AddParameter): Name = "Profusion"; Value = ""; VariantName = "[No Variations]"
Change component parameters (AddParameter): Name = "RS"; Value = ""; VariantName = "[No Variations]"
Change component parameters (AddParameter): Name = "Subcategory"; Value = "[0303] MOSFETs"; VariantName = "[No Variations]"
Change component parameters (AddParameter): Name = "UA P/N"; Value = ""; VariantName = "[No Variations]"
Change component parameters (AddParameter): Name = "Unique ID"; Value = "527"; VariantName = "[No Variations]"
Change component parameters (AddParameter): Name = "Value"; Value = ""; VariantName = "[No Variations]"
Change component parameters: Designator = "Q2" ("Q2"); Footprint = "SOT91P240X110-3N"; UniqueID = "\LAYBPEXZ" ("\LAYBPEXZ")
Change component parameters (AddParameter): Name = "Arrow"; Value = ""; VariantName = "[No Variations]"
Change component parameters (AddParameter): Name = "Category"; Value = "[0300] Discrete Semiconductors"; VariantName = "[No Variations]"
Change component parameters (AddParameter): Name = "ComponentLink1Description"; Value = "Web MF"; VariantName = "[No Variations]"
Change component parameters (AddParameter): Name = "ComponentLink1URL"; Value = "https://www.diodes.com"; VariantName = "[No Variations]"
Change component parameters (AddParameter): Name = "ComponentLink2Description"; Value = "Datasheet web"; VariantName = "[No Variations]"
Change component parameters (AddParameter): Name = "ComponentLink2URL"; Value = "https://html.alldatasheet.com/html-pdf/833068/DIODES/DMP1045U/217/1/DMP1045U.html"; VariantName = "[No Variations]"
Change component parameters (AddParameter): Name = "ComponentLink3Description"; Value = "Datasheet local"; VariantName = "[No Variations]"
Change component parameters (AddParameter): Name = "ComponentLink3URL"; Value = "/D/"; VariantName = "[No Variations]"
Change component parameters (AddParameter): Name = "Cost"; Value = "0"; VariantName = "[No Variations]"
Change component parameters (AddParameter): Name = "DigiKey"; Value = ""; VariantName = "[No Variations]"
Change component parameters (AddParameter): Name = "Farnell"; Value = ""; VariantName = "[No Variations]"
Change component parameters (AddParameter): Name = "FootprintName"; Value = ""; VariantName = "[No Variations]"
Change component parameters (AddParameter): Name = "HelpURL"; Value = ""; VariantName = "[No Variations]"
Change component parameters (AddParameter): Name = "LCSC"; Value = ""; VariantName = "[No Variations]"
Change component parameters (AddParameter): Name = "LibraryVersion"; Value = "V1"; VariantName = "[No Variations]"
Change component parameters (AddParameter): Name = "MF"; Value = ""; VariantName = "[No Variations]"
Change component parameters (AddParameter): Name = "Mounting"; Value = "SMT"; VariantName = "[No Variations]"
Change component parameters (AddParameter): Name = "Mouser"; Value = ""; VariantName = "[No Variations]"
Change component parameters (AddParameter): Name = "MP"; Value = ""; VariantName = "[No Variations]"
Change component parameters (AddParameter): Name = "My_P/N"; Value = ""; VariantName = "[No Variations]"
Change component parameters (AddParameter): Name = "Package"; Value = ""; VariantName = "[No Variations]"
Change component parameters (AddParameter): Name = "Profusion"; Value = ""; VariantName = "[No Variations]"
Change component parameters (AddParameter): Name = "RS"; Value = ""; VariantName = "[No Variations]"
Change component parameters (AddParameter): Name = "Subcategory"; Value = "[0303] MOSFETs"; VariantName = "[No Variations]"
Change component parameters (AddParameter): Name = "UA P/N"; Value = ""; VariantName = "[No Variations]"
Change component parameters (AddParameter): Name = "Unique ID"; Value = "527"; VariantName = "[No Variations]"
Change component parameters (AddParameter): Name = "Value"; Value = ""; VariantName = "[No Variations]"
Change component parameters: Designator = "R1" ("R1"); Footprint = "RESC2012X60N"; UniqueID = "\QDOKNFMZ" ("\QDOKNFMZ")
Change component parameters (AddParameter): Name = "Arrow"; Value = ""; VariantName = "[No Variations]"
Change component parameters (AddParameter): Name = "Category"; Value = "[0000] Passive components"; VariantName = "[No Variations]"
Change component parameters (AddParameter): Name = "Cost"; Value = "0.00214"; VariantName = "[No Variations]"
Change component parameters (AddParameter): Name = "DigiKey"; Value = ""; VariantName = "[No Variations]"
Change component parameters (AddParameter): Name = "Farnell"; Value = "2446904"; VariantName = "[No Variations]"
Change component parameters (AddParameter): Name = "FootprintName"; Value = ""; VariantName = "[No Variations]"
Change component parameters (AddParameter): Name = "HelpURL"; Value = ""; VariantName = "[No Variations]"
Change component parameters (AddParameter): Name = "LCSC"; Value = ""; VariantName = "[No Variations]"
Change component parameters (AddParameter): Name = "LibraryVersion"; Value = "v1"; VariantName = "[No Variations]"
Change component parameters (AddParameter): Name = "MF"; Value = ""; VariantName = "[No Variations]"
Change component parameters (AddParameter): Name = "Mounting"; Value = "SMT"; VariantName = "[No Variations]"
Change component parameters (AddParameter): Name = "Mouser"; Value = ""; VariantName = "[No Variations]"
Change component parameters (AddParameter): Name = "MP"; Value = ""; VariantName = "[No Variations]"
Change component parameters (AddParameter): Name = "My_P/N"; Value = ""; VariantName = "[No Variations]"
Change component parameters (AddParameter): Name = "My_PN"; Value = ""; VariantName = "[No Variations]"
Change component parameters (AddParameter): Name = "Package"; Value = ""; VariantName = "[No Variations]"
Change component parameters (AddParameter): Name = "Profusion"; Value = ""; VariantName = "[No Variations]"
Change component parameters (AddParameter): Name = "RS"; Value = ""; VariantName = "[No Variations]"
Change component parameters (AddParameter): Name = "Subcategory"; Value = "[0001] Resistor"; VariantName = "[No Variations]"
Change component parameters (AddParameter): Name = "UA P/N"; Value = "13-0022"; VariantName = "[No Variations]"
Change component parameters (AddParameter): Name = "Unique ID"; Value = "21"; VariantName = "[No Variations]"
Change component parameters (AddParameter): Name = "Value"; Value = "1K0"; VariantName = "[No Variations]"
Change component parameters: Designator = "R2" ("R2"); Footprint = "RESC2012X60N"; UniqueID = "\UTWJQZIT" ("\UTWJQZIT")
Change component parameters (AddParameter): Name = "Arrow"; Value = ""; VariantName = "[No Variations]"
Change component parameters (AddParameter): Name = "Category"; Value = "[0000] Passive components"; VariantName = "[No Variations]"
Change component parameters (AddParameter): Name = "Cost"; Value = "0.00214"; VariantName = "[No Variations]"
Change component parameters (AddParameter): Name = "DigiKey"; Value = ""; VariantName = "[No Variations]"
Change component parameters (AddParameter): Name = "Farnell"; Value = "2446904"; VariantName = "[No Variations]"
Change component parameters (AddParameter): Name = "FootprintName"; Value = ""; VariantName = "[No Variations]"
Change component parameters (AddParameter): Name = "HelpURL"; Value = ""; VariantName = "[No Variations]"
Change component parameters (AddParameter): Name = "LCSC"; Value = ""; VariantName = "[No Variations]"
Change component parameters (AddParameter): Name = "LibraryVersion"; Value = "v1"; VariantName = "[No Variations]"
Change component parameters (AddParameter): Name = "MF"; Value = ""; VariantName = "[No Variations]"
Change component parameters (AddParameter): Name = "Mounting"; Value = "SMT"; VariantName = "[No Variations]"
Change component parameters (AddParameter): Name = "Mouser"; Value = ""; VariantName = "[No Variations]"
Change component parameters (AddParameter): Name = "MP"; Value = ""; VariantName = "[No Variations]"
Change component parameters (AddParameter): Name = "My_P/N"; Value = ""; VariantName = "[No Variations]"
Change component parameters (AddParameter): Name = "My_PN"; Value = ""; VariantName = "[No Variations]"
Change component parameters (AddParameter): Name = "Package"; Value = ""; VariantName = "[No Variations]"
Change component parameters (AddParameter): Name = "Profusion"; Value = ""; VariantName = "[No Variations]"
Change component parameters (AddParameter): Name = "RS"; Value = ""; VariantName = "[No Variations]"
Change component parameters (AddParameter): Name = "Subcategory"; Value = "[0001] Resistor"; VariantName = "[No Variations]"
Change component parameters (AddParameter): Name = "UA P/N"; Value = "13-0022"; VariantName = "[No Variations]"
Change component parameters (AddParameter): Name = "Unique ID"; Value = "21"; VariantName = "[No Variations]"
Change component parameters (AddParameter): Name = "Value"; Value = "1K0"; VariantName = "[No Variations]"
Change component parameters: Designator = "R3" ("R3"); Footprint = "RESC2012X60N"; UniqueID = "\EMCFGFRY" ("\EMCFGFRY")
Change component parameters (AddParameter): Name = "Arrow"; Value = ""; VariantName = "[No Variations]"
Change component parameters (AddParameter): Name = "Category"; Value = "[0000] Passive components"; VariantName = "[No Variations]"
Change component parameters (AddParameter): Name = "Cost"; Value = "0.00214"; VariantName = "[No Variations]"
Change component parameters (AddParameter): Name = "DigiKey"; Value = ""; VariantName = "[No Variations]"
Change component parameters (AddParameter): Name = "Farnell"; Value = "2446904"; VariantName = "[No Variations]"
Change component parameters (AddParameter): Name = "FootprintName"; Value = ""; VariantName = "[No Variations]"
Change component parameters (AddParameter): Name = "HelpURL"; Value = ""; VariantName = "[No Variations]"
Change component parameters (AddParameter): Name = "LCSC"; Value = ""; VariantName = "[No Variations]"
Change component parameters (AddParameter): Name = "LibraryVersion"; Value = "v1"; VariantName = "[No Variations]"
Change component parameters (AddParameter): Name = "MF"; Value = ""; VariantName = "[No Variations]"
Change component parameters (AddParameter): Name = "Mounting"; Value = "SMT"; VariantName = "[No Variations]"
Change component parameters (AddParameter): Name = "Mouser"; Value = ""; VariantName = "[No Variations]"
Change component parameters (AddParameter): Name = "MP"; Value = ""; VariantName = "[No Variations]"
Change component parameters (AddParameter): Name = "My_P/N"; Value = ""; VariantName = "[No Variations]"
Change component parameters (AddParameter): Name = "My_PN"; Value = ""; VariantName = "[No Variations]"
Change component parameters (AddParameter): Name = "Package"; Value = ""; VariantName = "[No Variations]"
Change component parameters (AddParameter): Name = "Profusion"; Value = ""; VariantName = "[No Variations]"
Change component parameters (AddParameter): Name = "RS"; Value = ""; VariantName = "[No Variations]"
Change component parameters (AddParameter): Name = "Subcategory"; Value = "[0001] Resistor"; VariantName = "[No Variations]"
Change component parameters (AddParameter): Name = "UA P/N"; Value = "13-0022"; VariantName = "[No Variations]"
Change component parameters (AddParameter): Name = "Unique ID"; Value = "21"; VariantName = "[No Variations]"
Change component parameters (AddParameter): Name = "Value"; Value = "1K0"; VariantName = "[No Variations]"
Change component parameters: Designator = "R4" ("R4"); Footprint = "RESC2012X60N"; UniqueID = "\AVUDXDCV" ("\AVUDXDCV")
Change component parameters (AddParameter): Name = "Arrow"; Value = ""; VariantName = "[No Variations]"
Change component parameters (AddParameter): Name = "Category"; Value = "[0000] Passive components"; VariantName = "[No Variations]"
Change component parameters (AddParameter): Name = "Cost"; Value = "0.00352"; VariantName = "[No Variations]"
Change component parameters (AddParameter): Name = "DigiKey"; Value = ""; VariantName = "[No Variations]"
Change component parameters (AddParameter): Name = "Farnell"; Value = "2446906"; VariantName = "[No Variations]"
Change component parameters (AddParameter): Name = "FootprintName"; Value = ""; VariantName = "[No Variations]"
Change component parameters (AddParameter): Name = "HelpURL"; Value = ""; VariantName = "[No Variations]"
Change component parameters (AddParameter): Name = "LCSC"; Value = ""; VariantName = "[No Variations]"
Change component parameters (AddParameter): Name = "LibraryVersion"; Value = "v1"; VariantName = "[No Variations]"
Change component parameters (AddParameter): Name = "MF"; Value = ""; VariantName = "[No Variations]"
Change component parameters (AddParameter): Name = "Mounting"; Value = "SMT"; VariantName = "[No Variations]"
Change component parameters (AddParameter): Name = "Mouser"; Value = ""; VariantName = "[No Variations]"
Change component parameters (AddParameter): Name = "MP"; Value = ""; VariantName = "[No Variations]"
Change component parameters (AddParameter): Name = "My_P/N"; Value = ""; VariantName = "[No Variations]"
Change component parameters (AddParameter): Name = "My_PN"; Value = ""; VariantName = "[No Variations]"
Change component parameters (AddParameter): Name = "Package"; Value = ""; VariantName = "[No Variations]"
Change component parameters (AddParameter): Name = "Profusion"; Value = ""; VariantName = "[No Variations]"
Change component parameters (AddParameter): Name = "RS"; Value = ""; VariantName = "[No Variations]"
Change component parameters (AddParameter): Name = "Subcategory"; Value = "[0001] Resistor"; VariantName = "[No Variations]"
Change component parameters (AddParameter): Name = "UA P/N"; Value = "13-0024"; VariantName = "[No Variations]"
Change component parameters (AddParameter): Name = "Unique ID"; Value = "23"; VariantName = "[No Variations]"
Change component parameters (AddParameter): Name = "Value"; Value = "1K2"; VariantName = "[No Variations]"
Change component parameters: Designator = "R6" ("R6"); Footprint = "RESC2012X60N"; UniqueID = "\PJVYBMUP" ("\PJVYBMUP")
Change component parameters (AddParameter): Name = "Arrow"; Value = ""; VariantName = "[No Variations]"
Change component parameters (AddParameter): Name = "Category"; Value = "[0000] Passive components"; VariantName = "[No Variations]"
Change component parameters (AddParameter): Name = "Cost"; Value = "0.00176"; VariantName = "[No Variations]"
Change component parameters (AddParameter): Name = "DigiKey"; Value = ""; VariantName = "[No Variations]"
Change component parameters (AddParameter): Name = "Farnell"; Value = "2447009"; VariantName = "[No Variations]"
Change component parameters (AddParameter): Name = "FootprintName"; Value = ""; VariantName = "[No Variations]"
Change component parameters (AddParameter): Name = "HelpURL"; Value = ""; VariantName = "[No Variations]"
Change component parameters (AddParameter): Name = "LCSC"; Value = ""; VariantName = "[No Variations]"
Change component parameters (AddParameter): Name = "LibraryVersion"; Value = "v1"; VariantName = "[No Variations]"
Change component parameters (AddParameter): Name = "MF"; Value = ""; VariantName = "[No Variations]"
Change component parameters (AddParameter): Name = "Mounting"; Value = "SMT"; VariantName = "[No Variations]"
Change component parameters (AddParameter): Name = "Mouser"; Value = ""; VariantName = "[No Variations]"
Change component parameters (AddParameter): Name = "MP"; Value = ""; VariantName = "[No Variations]"
Change component parameters (AddParameter): Name = "My_P/N"; Value = ""; VariantName = "[No Variations]"
Change component parameters (AddParameter): Name = "My_PN"; Value = ""; VariantName = "[No Variations]"
Change component parameters (AddParameter): Name = "Package"; Value = ""; VariantName = "[No Variations]"
Change component parameters (AddParameter): Name = "Profusion"; Value = ""; VariantName = "[No Variations]"
Change component parameters (AddParameter): Name = "RS"; Value = ""; VariantName = "[No Variations]"
Change component parameters (AddParameter): Name = "Subcategory"; Value = "[0001] Resistor"; VariantName = "[No Variations]"
Change component parameters (AddParameter): Name = "UA P/N"; Value = "13-0111"; VariantName = "[No Variations]"
Change component parameters (AddParameter): Name = "Unique ID"; Value = "109"; VariantName = "[No Variations]"
Change component parameters (AddParameter): Name = "Value"; Value = "5K1"; VariantName = "[No Variations]"
Change component parameters: Designator = "R7" ("R7"); Footprint = "RESC2012X60N"; UniqueID = "\CLUXCEKR" ("\CLUXCEKR")
Change component parameters (AddParameter): Name = "Arrow"; Value = ""; VariantName = "[No Variations]"
Change component parameters (AddParameter): Name = "Category"; Value = "[0000] Passive components"; VariantName = "[No Variations]"
Change component parameters (AddParameter): Name = "Cost"; Value = "0.00176"; VariantName = "[No Variations]"
Change component parameters (AddParameter): Name = "DigiKey"; Value = ""; VariantName = "[No Variations]"
Change component parameters (AddParameter): Name = "Farnell"; Value = "2447009"; VariantName = "[No Variations]"
Change component parameters (AddParameter): Name = "FootprintName"; Value = ""; VariantName = "[No Variations]"
Change component parameters (AddParameter): Name = "HelpURL"; Value = ""; VariantName = "[No Variations]"
Change component parameters (AddParameter): Name = "LCSC"; Value = ""; VariantName = "[No Variations]"
Change component parameters (AddParameter): Name = "LibraryVersion"; Value = "v1"; VariantName = "[No Variations]"
Change component parameters (AddParameter): Name = "MF"; Value = ""; VariantName = "[No Variations]"
Change component parameters (AddParameter): Name = "Mounting"; Value = "SMT"; VariantName = "[No Variations]"
Change component parameters (AddParameter): Name = "Mouser"; Value = ""; VariantName = "[No Variations]"
Change component parameters (AddParameter): Name = "MP"; Value = ""; VariantName = "[No Variations]"
Change component parameters (AddParameter): Name = "My_P/N"; Value = ""; VariantName = "[No Variations]"
Change component parameters (AddParameter): Name = "My_PN"; Value = ""; VariantName = "[No Variations]"
Change component parameters (AddParameter): Name = "Package"; Value = ""; VariantName = "[No Variations]"
Change component parameters (AddParameter): Name = "Profusion"; Value = ""; VariantName = "[No Variations]"
Change component parameters (AddParameter): Name = "RS"; Value = ""; VariantName = "[No Variations]"
Change component parameters (AddParameter): Name = "Subcategory"; Value = "[0001] Resistor"; VariantName = "[No Variations]"
Change component parameters (AddParameter): Name = "UA P/N"; Value = "13-0111"; VariantName = "[No Variations]"
Change component parameters (AddParameter): Name = "Unique ID"; Value = "109"; VariantName = "[No Variations]"
Change component parameters (AddParameter): Name = "Value"; Value = "5K1"; VariantName = "[No Variations]"
Change component parameters: Designator = "R8" ("R8"); Footprint = "RESC2012X60N"; UniqueID = "\FTDVORFS" ("\FTDVORFS")
Change component parameters (AddParameter): Name = "Arrow"; Value = ""; VariantName = "[No Variations]"
Change component parameters (AddParameter): Name = "Category"; Value = "[0000] Passive components"; VariantName = "[No Variations]"
Change component parameters (AddParameter): Name = "Cost"; Value = "0.0049"; VariantName = "[No Variations]"
Change component parameters (AddParameter): Name = "DigiKey"; Value = ""; VariantName = "[No Variations]"
Change component parameters (AddParameter): Name = "Farnell"; Value = "2692652"; VariantName = "[No Variations]"
Change component parameters (AddParameter): Name = "FootprintName"; Value = ""; VariantName = "[No Variations]"
Change component parameters (AddParameter): Name = "HelpURL"; Value = ""; VariantName = "[No Variations]"
Change component parameters (AddParameter): Name = "LCSC"; Value = ""; VariantName = "[No Variations]"
Change component parameters (AddParameter): Name = "LibraryVersion"; Value = "v1"; VariantName = "[No Variations]"
Change component parameters (AddParameter): Name = "MF"; Value = ""; VariantName = "[No Variations]"
Change component parameters (AddParameter): Name = "Mounting"; Value = "SMT"; VariantName = "[No Variations]"
Change component parameters (AddParameter): Name = "Mouser"; Value = ""; VariantName = "[No Variations]"
Change component parameters (AddParameter): Name = "MP"; Value = ""; VariantName = "[No Variations]"
Change component parameters (AddParameter): Name = "My_P/N"; Value = ""; VariantName = "[No Variations]"
Change component parameters (AddParameter): Name = "My_PN"; Value = ""; VariantName = "[No Variations]"
Change component parameters (AddParameter): Name = "Package"; Value = ""; VariantName = "[No Variations]"
Change component parameters (AddParameter): Name = "Profusion"; Value = ""; VariantName = "[No Variations]"
Change component parameters (AddParameter): Name = "RS"; Value = ""; VariantName = "[No Variations]"
Change component parameters (AddParameter): Name = "Subcategory"; Value = "[0001] Resistor"; VariantName = "[No Variations]"
Change component parameters (AddParameter): Name = "UA P/N"; Value = "13-0001"; VariantName = "[No Variations]"
Change component parameters (AddParameter): Name = "Unique ID"; Value = "0"; VariantName = "[No Variations]"
Change component parameters (AddParameter): Name = "Value"; Value = "0R0"; VariantName = "[No Variations]"
Change component parameters: Designator = "R9" ("R9"); Footprint = "RESC2012X60N"; UniqueID = "\WAVSYKNY" ("\WAVSYKNY")
Change component parameters (AddParameter): Name = "Arrow"; Value = ""; VariantName = "[No Variations]"
Change component parameters (AddParameter): Name = "Category"; Value = "[0000] Passive components"; VariantName = "[No Variations]"
Change component parameters (AddParameter): Name = "Cost"; Value = "0.00218"; VariantName = "[No Variations]"
Change component parameters (AddParameter): Name = "DigiKey"; Value = ""; VariantName = "[No Variations]"
Change component parameters (AddParameter): Name = "Farnell"; Value = "2446869"; VariantName = "[No Variations]"
Change component parameters (AddParameter): Name = "FootprintName"; Value = ""; VariantName = "[No Variations]"
Change component parameters (AddParameter): Name = "HelpURL"; Value = ""; VariantName = "[No Variations]"
Change component parameters (AddParameter): Name = "LCSC"; Value = ""; VariantName = "[No Variations]"
Change component parameters (AddParameter): Name = "LibraryVersion"; Value = "v1"; VariantName = "[No Variations]"
Change component parameters (AddParameter): Name = "MF"; Value = ""; VariantName = "[No Variations]"
Change component parameters (AddParameter): Name = "Mounting"; Value = "SMT"; VariantName = "[No Variations]"
Change component parameters (AddParameter): Name = "Mouser"; Value = ""; VariantName = "[No Variations]"
Change component parameters (AddParameter): Name = "MP"; Value = ""; VariantName = "[No Variations]"
Change component parameters (AddParameter): Name = "My_P/N"; Value = ""; VariantName = "[No Variations]"
Change component parameters (AddParameter): Name = "My_PN"; Value = ""; VariantName = "[No Variations]"
Change component parameters (AddParameter): Name = "Package"; Value = ""; VariantName = "[No Variations]"
Change component parameters (AddParameter): Name = "Profusion"; Value = ""; VariantName = "[No Variations]"
Change component parameters (AddParameter): Name = "RS"; Value = ""; VariantName = "[No Variations]"
Change component parameters (AddParameter): Name = "Subcategory"; Value = "[0001] Resistor"; VariantName = "[No Variations]"
Change component parameters (AddParameter): Name = "UA P/N"; Value = "13-0004"; VariantName = "[No Variations]"
Change component parameters (AddParameter): Name = "Unique ID"; Value = "3"; VariantName = "[No Variations]"
Change component parameters (AddParameter): Name = "Value"; Value = "100R"; VariantName = "[No Variations]"
Change component parameters: Designator = "U2" ("U2"); Footprint = "SOT95P280X145-6N"; UniqueID = "\UXKIIELG" ("\UXKIIELG")
Change component parameters (AddParameter): Name = "Arrow"; Value = ""; VariantName = "[No Variations]"
Change component parameters (AddParameter): Name = "Category"; Value = "[0100] Integrated circuits"; VariantName = "[No Variations]"
Change component parameters (AddParameter): Name = "ComponentLink1Description"; Value = "Web MF"; VariantName = "[No Variations]"
Change component parameters (AddParameter): Name = "ComponentLink1URL"; Value = "https://hmsemi.com"; VariantName = "[No Variations]"
Change component parameters (AddParameter): Name = "ComponentLink2Description"; Value = "Datasheet web"; VariantName = "[No Variations]"
Change component parameters (AddParameter): Name = "ComponentLink2URL"; Value = "https://pdf1.alldatasheet.com/datasheet-pdf/view/1150541/HMSEMI/DW01A.html"; VariantName = "[No Variations]"
Change component parameters (AddParameter): Name = "ComponentLink3Description"; Value = "Datasheet local"; VariantName = "[No Variations]"
Change component parameters (AddParameter): Name = "ComponentLink3URL"; Value = "/D/"; VariantName = "[No Variations]"
Change component parameters (AddParameter): Name = "Cost"; Value = "0"; VariantName = "[No Variations]"
Change component parameters (AddParameter): Name = "DigiKey"; Value = ""; VariantName = "[No Variations]"
Change component parameters (AddParameter): Name = "Farnell"; Value = ""; VariantName = "[No Variations]"
Change component parameters (AddParameter): Name = "FootprintName"; Value = ""; VariantName = "[No Variations]"
Change component parameters (AddParameter): Name = "HelpURL"; Value = ""; VariantName = "[No Variations]"
Change component parameters (AddParameter): Name = "LCSC"; Value = ""; VariantName = "[No Variations]"
Change component parameters (AddParameter): Name = "LibraryVersion"; Value = "v1"; VariantName = "[No Variations]"
Change component parameters (AddParameter): Name = "MF"; Value = ""; VariantName = "[No Variations]"
Change component parameters (AddParameter): Name = "Mounting"; Value = "SMT"; VariantName = "[No Variations]"
Change component parameters (AddParameter): Name = "Mouser"; Value = ""; VariantName = "[No Variations]"
Change component parameters (AddParameter): Name = "MP"; Value = ""; VariantName = "[No Variations]"
Change component parameters (AddParameter): Name = "My_P/N"; Value = ""; VariantName = "[No Variations]"
Change component parameters (AddParameter): Name = "Package"; Value = ""; VariantName = "[No Variations]"
Change component parameters (AddParameter): Name = "Profusion"; Value = ""; VariantName = "[No Variations]"
Change component parameters (AddParameter): Name = "RS"; Value = ""; VariantName = "[No Variations]"
Change component parameters (AddParameter): Name = "Subcategory"; Value = "[0117] Battery Management"; VariantName = "[No Variations]"
Change component parameters (AddParameter): Name = "UA P/N"; Value = ""; VariantName = "[No Variations]"
Change component parameters (AddParameter): Name = "Unique ID"; Value = "559"; VariantName = "[No Variations]"
Change component parameters (AddParameter): Name = "Value"; Value = "LITHUM PROTECTION"; VariantName = "[No Variations]"
Add Component: Footprint Not Found LED_ASMB-KTF0-0A306
Added Component: Designator=Q3(SOT95P280X145-6N)
Add component (AddParameter): Name = "Arrow"; Value = ""; VariantName = "[No Variations]"
Add component (AddParameter): Name = "ComponentLink1Description"; Value = "Web MF"; VariantName = "[No Variations]"
Add component (AddParameter): Name = "ComponentLink1URL"; Value = "http://forsemi.com"; VariantName = "[No Variations]"
Add component (AddParameter): Name = "ComponentLink2Description"; Value = "Datasheet web"; VariantName = "[No Variations]"
Add component (AddParameter): Name = "ComponentLink2URL"; Value = "https://pdf1.alldatasheet.com/datasheet-pdf/view/1132762/FORTUNE/FS8205A.html"; VariantName = "[No Variations]"
Add component (AddParameter): Name = "ComponentLink3Description"; Value = "Datasheet local"; VariantName = "[No Variations]"
Add component (AddParameter): Name = "ComponentLink3URL"; Value = "/D/"; VariantName = "[No Variations]"
Add component (AddParameter): Name = "DigiKey"; Value = ""; VariantName = "[No Variations]"
Add component (AddParameter): Name = "Farnell"; Value = ""; VariantName = "[No Variations]"
Add component (AddParameter): Name = "FootprintName"; Value = ""; VariantName = "[No Variations]"
Add component (AddParameter): Name = "HelpURL"; Value = "http://forsemi.com"; VariantName = "[No Variations]"
Add component (AddParameter): Name = "LCSC"; Value = ""; VariantName = "[No Variations]"
Add component (AddParameter): Name = "MF"; Value = ""; VariantName = "[No Variations]"
Add component (AddParameter): Name = "Mounting"; Value = "SMT"; VariantName = "[No Variations]"
Add component (AddParameter): Name = "Mouser"; Value = ""; VariantName = "[No Variations]"
Add component (AddParameter): Name = "MP"; Value = "FS8205A"; VariantName = "[No Variations]"
Add component (AddParameter): Name = "My_P/N"; Value = ""; VariantName = "[No Variations]"
Add component (AddParameter): Name = "Package"; Value = "SOT95P280X145-6N"; VariantName = "[No Variations]"
Add component (AddParameter): Name = "Profusion"; Value = ""; VariantName = "[No Variations]"
Add component (AddParameter): Name = "RS"; Value = ""; VariantName = "[No Variations]"
Add component (AddParameter): Name = "UA P/N"; Value = "15-0xxx"; VariantName = "[No Variations]"
Add component (AddParameter): Name = "Value"; Value = "FS8205"; VariantName = "[No Variations]"
Added Component: Designator=Q4(SOT95P280X145-6N)
Add component (AddParameter): Name = "Arrow"; Value = ""; VariantName = "[No Variations]"
Add component (AddParameter): Name = "ComponentLink1Description"; Value = "Web MF"; VariantName = "[No Variations]"
Add component (AddParameter): Name = "ComponentLink1URL"; Value = "http://forsemi.com"; VariantName = "[No Variations]"
Add component (AddParameter): Name = "ComponentLink2Description"; Value = "Datasheet web"; VariantName = "[No Variations]"
Add component (AddParameter): Name = "ComponentLink2URL"; Value = "https://pdf1.alldatasheet.com/datasheet-pdf/view/1132762/FORTUNE/FS8205A.html"; VariantName = "[No Variations]"
Add component (AddParameter): Name = "ComponentLink3Description"; Value = "Datasheet local"; VariantName = "[No Variations]"
Add component (AddParameter): Name = "ComponentLink3URL"; Value = "/D/"; VariantName = "[No Variations]"
Add component (AddParameter): Name = "DigiKey"; Value = ""; VariantName = "[No Variations]"
Add component (AddParameter): Name = "Farnell"; Value = ""; VariantName = "[No Variations]"
Add component (AddParameter): Name = "FootprintName"; Value = ""; VariantName = "[No Variations]"
Add component (AddParameter): Name = "HelpURL"; Value = "http://forsemi.com"; VariantName = "[No Variations]"
Add component (AddParameter): Name = "LCSC"; Value = ""; VariantName = "[No Variations]"
Add component (AddParameter): Name = "MF"; Value = ""; VariantName = "[No Variations]"
Add component (AddParameter): Name = "Mounting"; Value = "SMT"; VariantName = "[No Variations]"
Add component (AddParameter): Name = "Mouser"; Value = ""; VariantName = "[No Variations]"
Add component (AddParameter): Name = "MP"; Value = "FS8205A"; VariantName = "[No Variations]"
Add component (AddParameter): Name = "My_P/N"; Value = ""; VariantName = "[No Variations]"
Add component (AddParameter): Name = "Package"; Value = "SOT95P280X145-6N"; VariantName = "[No Variations]"
Add component (AddParameter): Name = "Profusion"; Value = ""; VariantName = "[No Variations]"
Add component (AddParameter): Name = "RS"; Value = ""; VariantName = "[No Variations]"
Add component (AddParameter): Name = "UA P/N"; Value = "15-0xxx"; VariantName = "[No Variations]"
Add component (AddParameter): Name = "Value"; Value = "FS8205"; VariantName = "[No Variations]"
Added Component: Designator=R5(RESC2012X60N)
Add component (AddParameter): Name = "Arrow"; Value = ""; VariantName = "[No Variations]"
Add component (AddParameter): Name = "Category"; Value = "[0000] Passive components"; VariantName = "[No Variations]"
Add component (AddParameter): Name = "Cost"; Value = "0.0014"; VariantName = "[No Variations]"
Add component (AddParameter): Name = "DigiKey"; Value = ""; VariantName = "[No Variations]"
Add component (AddParameter): Name = "Farnell"; Value = "2446870"; VariantName = "[No Variations]"
Add component (AddParameter): Name = "FootprintName"; Value = ""; VariantName = "[No Variations]"
Add component (AddParameter): Name = "HelpURL"; Value = ""; VariantName = "[No Variations]"
Add component (AddParameter): Name = "LCSC"; Value = ""; VariantName = "[No Variations]"
Add component (AddParameter): Name = "LibraryVersion"; Value = "v1"; VariantName = "[No Variations]"
Add component (AddParameter): Name = "MF"; Value = ""; VariantName = "[No Variations]"
Add component (AddParameter): Name = "Mounting"; Value = "SMT"; VariantName = "[No Variations]"
Add component (AddParameter): Name = "Mouser"; Value = ""; VariantName = "[No Variations]"
Add component (AddParameter): Name = "MP"; Value = ""; VariantName = "[No Variations]"
Add component (AddParameter): Name = "My_P/N"; Value = ""; VariantName = "[No Variations]"
Add component (AddParameter): Name = "My_PN"; Value = ""; VariantName = "[No Variations]"
Add component (AddParameter): Name = "Package"; Value = ""; VariantName = "[No Variations]"
Add component (AddParameter): Name = "Profusion"; Value = ""; VariantName = "[No Variations]"
Add component (AddParameter): Name = "RS"; Value = ""; VariantName = "[No Variations]"
Add component (AddParameter): Name = "Subcategory"; Value = "[0001] Resistor"; VariantName = "[No Variations]"
Add component (AddParameter): Name = "UA P/N"; Value = "13-0007"; VariantName = "[No Variations]"
Add component (AddParameter): Name = "Unique ID"; Value = "6"; VariantName = "[No Variations]"
Add component (AddParameter): Name = "Value"; Value = "10K"; VariantName = "[No Variations]"
Added Component: Designator=R10(RESC2012X60N)
Add component (AddParameter): Name = "Arrow"; Value = ""; VariantName = "[No Variations]"
Add component (AddParameter): Name = "Category"; Value = "[0000] Passive components"; VariantName = "[No Variations]"
Add component (AddParameter): Name = "Cost"; Value = "0.00214"; VariantName = "[No Variations]"
Add component (AddParameter): Name = "DigiKey"; Value = ""; VariantName = "[No Variations]"
Add component (AddParameter): Name = "Farnell"; Value = "2446904"; VariantName = "[No Variations]"
Add component (AddParameter): Name = "FootprintName"; Value = ""; VariantName = "[No Variations]"
Add component (AddParameter): Name = "HelpURL"; Value = ""; VariantName = "[No Variations]"
Add component (AddParameter): Name = "LCSC"; Value = ""; VariantName = "[No Variations]"
Add component (AddParameter): Name = "LibraryVersion"; Value = "v1"; VariantName = "[No Variations]"
Add component (AddParameter): Name = "MF"; Value = ""; VariantName = "[No Variations]"
Add component (AddParameter): Name = "Mounting"; Value = "SMT"; VariantName = "[No Variations]"
Add component (AddParameter): Name = "Mouser"; Value = ""; VariantName = "[No Variations]"
Add component (AddParameter): Name = "MP"; Value = ""; VariantName = "[No Variations]"
Add component (AddParameter): Name = "My_P/N"; Value = ""; VariantName = "[No Variations]"
Add component (AddParameter): Name = "My_PN"; Value = ""; VariantName = "[No Variations]"
Add component (AddParameter): Name = "Package"; Value = ""; VariantName = "[No Variations]"
Add component (AddParameter): Name = "Profusion"; Value = ""; VariantName = "[No Variations]"
Add component (AddParameter): Name = "RS"; Value = ""; VariantName = "[No Variations]"
Add component (AddParameter): Name = "Subcategory"; Value = "[0001] Resistor"; VariantName = "[No Variations]"
Add component (AddParameter): Name = "UA P/N"; Value = "13-0022"; VariantName = "[No Variations]"
Add component (AddParameter): Name = "Unique ID"; Value = "21"; VariantName = "[No Variations]"
Add component (AddParameter): Name = "Value"; Value = "1K0"; VariantName = "[No Variations]"
Added Component: Designator=TEST1(P200X100H90L100H50)
Add component (AddParameter): Name = "Arrow"; Value = ""; VariantName = "[No Variations]"
Add component (AddParameter): Name = "Category"; Value = "[0500] Connectors"; VariantName = "[No Variations]"
Add component (AddParameter): Name = "Cost"; Value = ""; VariantName = "[No Variations]"
Add component (AddParameter): Name = "DigiKey"; Value = ""; VariantName = "[No Variations]"
Add component (AddParameter): Name = "Farnell"; Value = "P50-H-120-G"; VariantName = "[No Variations]"
Add component (AddParameter): Name = "FootprintName"; Value = ""; VariantName = "[No Variations]"
Add component (AddParameter): Name = "HelpURL"; Value = ""; VariantName = "[No Variations]"
Add component (AddParameter): Name = "LCSC"; Value = ""; VariantName = "[No Variations]"
Add component (AddParameter): Name = "LibraryVersion"; Value = ""; VariantName = "[No Variations]"
Add component (AddParameter): Name = "MF"; Value = ""; VariantName = "[No Variations]"
Add component (AddParameter): Name = "Mounting"; Value = ""; VariantName = "[No Variations]"
Add component (AddParameter): Name = "Mouser"; Value = ""; VariantName = "[No Variations]"
Add component (AddParameter): Name = "MP"; Value = ""; VariantName = "[No Variations]"
Add component (AddParameter): Name = "My_P/N"; Value = ""; VariantName = "[No Variations]"
Add component (AddParameter): Name = "Package"; Value = ""; VariantName = "[No Variations]"
Add component (AddParameter): Name = "Profusion"; Value = ""; VariantName = "[No Variations]"
Add component (AddParameter): Name = "RS"; Value = ""; VariantName = "[No Variations]"
Add component (AddParameter): Name = "Subcategory"; Value = "[0510] Test pins"; VariantName = "[No Variations]"
Add component (AddParameter): Name = "UA P/N"; Value = ""; VariantName = "[No Variations]"
Add component (AddParameter): Name = "Unique ID"; Value = "509"; VariantName = "[No Variations]"
Add component (AddParameter): Name = "Value"; Value = "TESTPINT"; VariantName = "[No Variations]"
Added Component: Designator=TEST2(P200X100H90L100H50)
Add component (AddParameter): Name = "Arrow"; Value = ""; VariantName = "[No Variations]"
Add component (AddParameter): Name = "Category"; Value = "[0500] Connectors"; VariantName = "[No Variations]"
Add component (AddParameter): Name = "Cost"; Value = ""; VariantName = "[No Variations]"
Add component (AddParameter): Name = "DigiKey"; Value = ""; VariantName = "[No Variations]"
Add component (AddParameter): Name = "Farnell"; Value = "P50-H-120-G"; VariantName = "[No Variations]"
Add component (AddParameter): Name = "FootprintName"; Value = ""; VariantName = "[No Variations]"
Add component (AddParameter): Name = "HelpURL"; Value = ""; VariantName = "[No Variations]"
Add component (AddParameter): Name = "LCSC"; Value = ""; VariantName = "[No Variations]"
Add component (AddParameter): Name = "LibraryVersion"; Value = ""; VariantName = "[No Variations]"
Add component (AddParameter): Name = "MF"; Value = ""; VariantName = "[No Variations]"
Add component (AddParameter): Name = "Mounting"; Value = ""; VariantName = "[No Variations]"
Add component (AddParameter): Name = "Mouser"; Value = ""; VariantName = "[No Variations]"
Add component (AddParameter): Name = "MP"; Value = ""; VariantName = "[No Variations]"
Add component (AddParameter): Name = "My_P/N"; Value = ""; VariantName = "[No Variations]"
Add component (AddParameter): Name = "Package"; Value = ""; VariantName = "[No Variations]"
Add component (AddParameter): Name = "Profusion"; Value = ""; VariantName = "[No Variations]"
Add component (AddParameter): Name = "RS"; Value = ""; VariantName = "[No Variations]"
Add component (AddParameter): Name = "Subcategory"; Value = "[0510] Test pins"; VariantName = "[No Variations]"
Add component (AddParameter): Name = "UA P/N"; Value = ""; VariantName = "[No Variations]"
Add component (AddParameter): Name = "Unique ID"; Value = "509"; VariantName = "[No Variations]"
Add component (AddParameter): Name = "Value"; Value = "TESTPINT"; VariantName = "[No Variations]"
Added Component: Designator=TEST3(P200X100H90L100H50)
Add component (AddParameter): Name = "Arrow"; Value = ""; VariantName = "[No Variations]"
Add component (AddParameter): Name = "Category"; Value = "[0500] Connectors"; VariantName = "[No Variations]"
Add component (AddParameter): Name = "Cost"; Value = ""; VariantName = "[No Variations]"
Add component (AddParameter): Name = "DigiKey"; Value = ""; VariantName = "[No Variations]"
Add component (AddParameter): Name = "Farnell"; Value = "P50-H-120-G"; VariantName = "[No Variations]"
Add component (AddParameter): Name = "FootprintName"; Value = ""; VariantName = "[No Variations]"
Add component (AddParameter): Name = "HelpURL"; Value = ""; VariantName = "[No Variations]"
Add component (AddParameter): Name = "LCSC"; Value = ""; VariantName = "[No Variations]"
Add component (AddParameter): Name = "LibraryVersion"; Value = ""; VariantName = "[No Variations]"
Add component (AddParameter): Name = "MF"; Value = ""; VariantName = "[No Variations]"
Add component (AddParameter): Name = "Mounting"; Value = ""; VariantName = "[No Variations]"
Add component (AddParameter): Name = "Mouser"; Value = ""; VariantName = "[No Variations]"
Add component (AddParameter): Name = "MP"; Value = ""; VariantName = "[No Variations]"
Add component (AddParameter): Name = "My_P/N"; Value = ""; VariantName = "[No Variations]"
Add component (AddParameter): Name = "Package"; Value = ""; VariantName = "[No Variations]"
Add component (AddParameter): Name = "Profusion"; Value = ""; VariantName = "[No Variations]"
Add component (AddParameter): Name = "RS"; Value = ""; VariantName = "[No Variations]"
Add component (AddParameter): Name = "Subcategory"; Value = "[0510] Test pins"; VariantName = "[No Variations]"
Add component (AddParameter): Name = "UA P/N"; Value = ""; VariantName = "[No Variations]"
Add component (AddParameter): Name = "Unique ID"; Value = "509"; VariantName = "[No Variations]"
Add component (AddParameter): Name = "Value"; Value = "TESTPINT"; VariantName = "[No Variations]"
Added Component: Designator=TEST4(P200X100H90L100H50)
Add component (AddParameter): Name = "Arrow"; Value = ""; VariantName = "[No Variations]"
Add component (AddParameter): Name = "Category"; Value = "[0500] Connectors"; VariantName = "[No Variations]"
Add component (AddParameter): Name = "Cost"; Value = ""; VariantName = "[No Variations]"
Add component (AddParameter): Name = "DigiKey"; Value = ""; VariantName = "[No Variations]"
Add component (AddParameter): Name = "Farnell"; Value = "P50-H-120-G"; VariantName = "[No Variations]"
Add component (AddParameter): Name = "FootprintName"; Value = ""; VariantName = "[No Variations]"
Add component (AddParameter): Name = "HelpURL"; Value = ""; VariantName = "[No Variations]"
Add component (AddParameter): Name = "LCSC"; Value = ""; VariantName = "[No Variations]"
Add component (AddParameter): Name = "LibraryVersion"; Value = ""; VariantName = "[No Variations]"
Add component (AddParameter): Name = "MF"; Value = ""; VariantName = "[No Variations]"
Add component (AddParameter): Name = "Mounting"; Value = ""; VariantName = "[No Variations]"
Add component (AddParameter): Name = "Mouser"; Value = ""; VariantName = "[No Variations]"
Add component (AddParameter): Name = "MP"; Value = ""; VariantName = "[No Variations]"
Add component (AddParameter): Name = "My_P/N"; Value = ""; VariantName = "[No Variations]"
Add component (AddParameter): Name = "Package"; Value = ""; VariantName = "[No Variations]"
Add component (AddParameter): Name = "Profusion"; Value = ""; VariantName = "[No Variations]"
Add component (AddParameter): Name = "RS"; Value = ""; VariantName = "[No Variations]"
Add component (AddParameter): Name = "Subcategory"; Value = "[0510] Test pins"; VariantName = "[No Variations]"
Add component (AddParameter): Name = "UA P/N"; Value = ""; VariantName = "[No Variations]"
Add component (AddParameter): Name = "Unique ID"; Value = "509"; VariantName = "[No Variations]"
Add component (AddParameter): Name = "Value"; Value = "TESTPINT"; VariantName = "[No Variations]"
Added Component: Designator=U1(SOP127P600X175-9N)
Add component (AddParameter): Name = "Arrow"; Value = ""; VariantName = "[No Variations]"
Add component (AddParameter): Name = "Category"; Value = "[0100] Integrated circuits"; VariantName = "[No Variations]"
Add component (AddParameter): Name = "Cost"; Value = "0"; VariantName = "[No Variations]"
Add component (AddParameter): Name = "DigiKey"; Value = ""; VariantName = "[No Variations]"
Add component (AddParameter): Name = "Farnell"; Value = ""; VariantName = "[No Variations]"
Add component (AddParameter): Name = "FootprintName"; Value = ""; VariantName = "[No Variations]"
Add component (AddParameter): Name = "HelpURL"; Value = ""; VariantName = "[No Variations]"
Add component (AddParameter): Name = "LCSC"; Value = ""; VariantName = "[No Variations]"
Add component (AddParameter): Name = "LibraryVersion"; Value = "v1"; VariantName = "[No Variations]"
Add component (AddParameter): Name = "MF"; Value = ""; VariantName = "[No Variations]"
Add component (AddParameter): Name = "Mounting"; Value = "SMT"; VariantName = "[No Variations]"
Add component (AddParameter): Name = "Mouser"; Value = ""; VariantName = "[No Variations]"
Add component (AddParameter): Name = "MP"; Value = ""; VariantName = "[No Variations]"
Add component (AddParameter): Name = "My_P/N"; Value = ""; VariantName = "[No Variations]"
Add component (AddParameter): Name = "Package"; Value = ""; VariantName = "[No Variations]"
Add component (AddParameter): Name = "Profusion"; Value = ""; VariantName = "[No Variations]"
Add component (AddParameter): Name = "RS"; Value = ""; VariantName = "[No Variations]"
Add component (AddParameter): Name = "Subcategory"; Value = "[0117] Battery Management"; VariantName = "[No Variations]"
Add component (AddParameter): Name = "UA P/N"; Value = ""; VariantName = "[No Variations]"
Add component (AddParameter): Name = "Unique ID"; Value = "558"; VariantName = "[No Variations]"
Add component (AddParameter): Name = "Value"; Value = "LITHUM CHARGER"; VariantName = "[No Variations]"
Added Pin To Net: NetName=NetD4_3 Pin=C2-2
Added Pin To Net: NetName=CHGND Pin=C3-1
Added Pin To Net: NetName=DGND Pin=C3-2
Added Pin To Net: NetName=DGND Pin=J1-A1/B12
Added Pin To Net: NetName=NetD4_3 Pin=J1-A4/B9
Added Pin To Net: NetName=DGND Pin=J1-B1/A12
Added Pin To Net: NetName=NetD4_3 Pin=J1-B4/A9
Add Pin To Net: Unknown Pin: Pin LED1-1
Add Pin To Net: Unknown Pin: Pin LED1-4
Added Pin To Net: NetName=GND Pin=Q3-3
Added Pin To Net: NetName=GND Pin=Q4-3
Added Pin To Net: NetName=GND Pin=R3-1
Added Pin To Net: NetName=GND Pin=R4-1
Added Pin To Net: NetName=GND Pin=R5-1
Added Pin To Net: NetName=NetD4_3 Pin=R5-2
Added Pin To Net: NetName=DGND Pin=R6-1
Added Pin To Net: NetName=NetJ1_A5 Pin=R6-2
Added Pin To Net: NetName=DGND Pin=R7-1
Added Pin To Net: NetName=NetJ1_B5 Pin=R7-2
Added Pin To Net: NetName=DGND Pin=R8-1
Added Pin To Net: NetName=CHGND Pin=R8-2
Added Pin To Net: NetName=GND Pin=R10-1
Added Pin To Net: NetName=NetC7_1 Pin=TEST2-1
Added Pin To Net: NetName=GND Pin=TEST3-1
Added Pin To Net: NetName=NetC1_1 Pin=U1-1
Added Pin To Net: NetName=GND Pin=U1-3
Added Pin To Net: NetName=NetD4_3 Pin=U1-4
Added Pin To Net: NetName=NetD4_3 Pin=U1-8
Added Pin To Net: NetName=GND Pin=U1-9
Change Net Name : Old Net Name=CHGND New Net Name=CHS
Change Net Name : Old Net Name=NetC7_1 New Net Name=NetD1_1
Change Net Name : Old Net Name=NetD4_3 New Net Name=VBUS
Added Pin To Net: NetName=+Vbat Pin=C1-2
Added Pin To Net: NetName=+Vbat Pin=R9-1
Added Pin To Net: NetName=+Vbat Pin=TEST1-1
Added Pin To Net: NetName=+Vbat Pin=U1-5
Added Net: Name=+Vbat
Added Pin To Net: NetName=-Vbat Pin=C4-1
Added Pin To Net: NetName=-Vbat Pin=Q3-1
Added Pin To Net: NetName=-Vbat Pin=Q4-1
Added Pin To Net: NetName=-Vbat Pin=TEST4-1
Added Pin To Net: NetName=-Vbat Pin=U2-6
Added Net: Name=-Vbat
Added Pin To Net: NetName=NetC4_2 Pin=C4-2
Added Pin To Net: NetName=NetC4_2 Pin=R9-2
Added Pin To Net: NetName=NetC4_2 Pin=U2-5
Added Net: Name=NetC4_2
Added Pin To Net: NetName=NetJ1_A6 Pin=J1-A6
Added Pin To Net: NetName=NetJ1_A6 Pin=J1-B6
Added Net: Name=NetJ1_A6
Added Pin To Net: NetName=NetJ1_A7 Pin=J1-A7
Added Pin To Net: NetName=NetJ1_A7 Pin=J1-B7
Added Net: Name=NetJ1_A7
Added Pin To Net: NetName=NetLED1_2 Pin=R1-1
Added Net: Name=NetLED1_2
Added Pin To Net: NetName=NetLED1_3 Pin=R2-1
Added Net: Name=NetLED1_3
Added Pin To Net: NetName=NetQ1_3 Pin=Q1-3
Added Pin To Net: NetName=NetQ1_3 Pin=Q2-3
Added Net: Name=NetQ1_3
Added Pin To Net: NetName=NetQ3_2 Pin=Q3-2
Added Pin To Net: NetName=NetQ3_2 Pin=Q3-5
Added Pin To Net: NetName=NetQ3_2 Pin=Q4-2
Added Pin To Net: NetName=NetQ3_2 Pin=Q4-5
Added Net: Name=NetQ3_2
Added Pin To Net: NetName=NetQ3_4 Pin=Q3-4
Added Pin To Net: NetName=NetQ3_4 Pin=Q4-4
Added Pin To Net: NetName=NetQ3_4 Pin=U2-3
Added Net: Name=NetQ3_4
Added Pin To Net: NetName=NetQ3_6 Pin=Q3-6
Added Pin To Net: NetName=NetQ3_6 Pin=Q4-6
Added Pin To Net: NetName=NetQ3_6 Pin=U2-1
Added Net: Name=NetQ3_6
Added Pin To Net: NetName=NetR1_2 Pin=R1-2
Added Pin To Net: NetName=NetR1_2 Pin=U1-7
Added Net: Name=NetR1_2
Added Pin To Net: NetName=NetR2_2 Pin=R2-2
Added Pin To Net: NetName=NetR2_2 Pin=U1-6
Added Net: Name=NetR2_2
Added Pin To Net: NetName=NetR4_2 Pin=R4-2
Added Pin To Net: NetName=NetR4_2 Pin=U1-2
Added Net: Name=NetR4_2
Added Pin To Net: NetName=NetR10_2 Pin=R10-2
Added Pin To Net: NetName=NetR10_2 Pin=U2-2
Added Net: Name=NetR10_2
Add Class Member: Failed to add class member : Component LED1 ASMB-KTF0-0A306
Added Member To Class: ClassName=CtlBoard Member=Component Q3 FS8205
Added Member To Class: ClassName=CtlBoard Member=Component Q4 FS8205
Added Member To Class: ClassName=CtlBoard Member=Component R5 10K
Added Member To Class: ClassName=CtlBoard Member=Component R10 1K0
Added Member To Class: ClassName=CtlBoard Member=Component TEST1 TESTPINT
Added Member To Class: ClassName=CtlBoard Member=Component TEST2 TESTPINT
Added Member To Class: ClassName=CtlBoard Member=Component TEST3 TESTPINT
Added Member To Class: ClassName=CtlBoard Member=Component TEST4 TESTPINT
Added Member To Class: ClassName=CtlBoard Member=Component U1 LITHUM CHARGER
Added Rule: Name=Schematic Supply Nets
Added Rule: Name=Schematic Supply Nets_1
Added Rule: Name=Schematic Supply Nets_2
Added Rule: Name=Schematic Supply Nets_3
Added Rule: Name=Schematic Supply Nets_4
Added Rule: Name=Schematic Supply Nets_5
