Removed Pin From Net: NetName=GND Pin=D1-3
Removed Pin From Net: NetName=GND Pin=D2-3
Removed Member From Class: ClassName=CtlBoard Member=D1
Removed Member From Class: ClassName=CtlBoard Member=D2
Removed Member From Class: ClassName=CtlBoard Member=U2
Change Component Designator: OldDesignator=C1 NewDesignator=C?
Change Component Designator: OldDesignator=C2 NewDesignator=C?
Change Component Designator: OldDesignator=C3 NewDesignator=C?
Change Component Designator: OldDesignator=C4 NewDesignator=C?
Change Component Designator: OldDesignator=C5 NewDesignator=C7
Change Component Designator: OldDesignator=C6 NewDesignator=C?
Change Component Designator: OldDesignator=C7 NewDesignator=C5
Change Component Designator: OldDesignator=CN1 NewDesignator=CN?
Change Component Designator: OldDesignator=D3 NewDesignator=D?
Change Component Designator: OldDesignator=D4 NewDesignator=D?
Change Component Designator: OldDesignator=D5 NewDesignator=D?
Change Component Designator: OldDesignator=J1 NewDesignator=J?
Change Component Designator: OldDesignator=Q1 NewDesignator=Q?
Change Component Designator: OldDesignator=Q2 NewDesignator=Q?
Change Component Designator: OldDesignator=R1 NewDesignator=R?
Change Component Designator: OldDesignator=R2 NewDesignator=R3
Change Component Designator: OldDesignator=R3 NewDesignator=R2
Change Component Designator: OldDesignator=R4 NewDesignator=R?
Change Component Designator: OldDesignator=R6 NewDesignator=R?
Change Component Designator: OldDesignator=R7 NewDesignator=R8
Change Component Designator: OldDesignator=R8 NewDesignator=R7
Change Component Designator: OldDesignator=R9 NewDesignator=R?
Change Component Designator: OldDesignator=R100 NewDesignator=R5
Change Component Designator: OldDesignator=U3 NewDesignator=U?
Change component parameters: Designator = "C1" ("C?"); Footprint = "CAPC2012X60N"; UniqueID = "\ADVJUEYH" ("\ADVJUEYH")
Change component parameters (AddParameter): Name = "Arrow"; Value = ""; VariantName = "[No Variations]"
Change component parameters (AddParameter): Name = "ComponentLink1Description"; Value = "Web MF"; VariantName = "[No Variations]"
Change component parameters (AddParameter): Name = "ComponentLink1URL"; Value = ""; VariantName = "[No Variations]"
Change component parameters (AddParameter): Name = "ComponentLink2Description"; Value = "Datasheet web"; VariantName = "[No Variations]"
Change component parameters (AddParameter): Name = "ComponentLink2URL"; Value = ""; VariantName = "[No Variations]"
Change component parameters (AddParameter): Name = "ComponentLink3Description"; Value = "Datasheet local"; VariantName = "[No Variations]"
Change component parameters (AddParameter): Name = "ComponentLink3URL"; Value = "/D/"; VariantName = "[No Variations]"
Change component parameters (AddParameter): Name = "DigiKey"; Value = ""; VariantName = "[No Variations]"
Change component parameters (AddParameter): Name = "Farnell"; Value = ""; VariantName = "[No Variations]"
Change component parameters (AddParameter): Name = "FootprintName"; Value = "0805"; VariantName = "[No Variations]"
Change component parameters (AddParameter): Name = "HelpURL"; Value = ""; VariantName = "[No Variations]"
Change component parameters (AddParameter): Name = "LCSC"; Value = ""; VariantName = "[No Variations]"
Change component parameters (AddParameter): Name = "MF"; Value = ""; VariantName = "[No Variations]"
Change component parameters (AddParameter): Name = "Mouser"; Value = ""; VariantName = "[No Variations]"
Change component parameters (AddParameter): Name = "MP"; Value = ""; VariantName = "[No Variations]"
Change component parameters (AddParameter): Name = "My_P/N"; Value = ""; VariantName = "[No Variations]"
Change component parameters (AddParameter): Name = "Package"; Value = "CAPC2012X60N"; VariantName = "[No Variations]"
Change component parameters (AddParameter): Name = "Profusion"; Value = ""; VariantName = "[No Variations]"
Change component parameters (AddParameter): Name = "RS"; Value = ""; VariantName = "[No Variations]"
Change component parameters (AddParameter): Name = "UA P/N"; Value = "16-0xxx"; VariantName = "[No Variations]"
Change component parameters (AddParameter): Name = "Value"; Value = "NF"; VariantName = "[No Variations]"
Change component parameters: Designator = "C2" ("C?"); Footprint = "CAPC2012X60N"; UniqueID = "\DRQSZIIP" ("\DRQSZIIP")
Change component parameters (AddParameter): Name = "Arrow"; Value = ""; VariantName = "[No Variations]"
Change component parameters (AddParameter): Name = "ComponentLink1Description"; Value = "Web MF"; VariantName = "[No Variations]"
Change component parameters (AddParameter): Name = "ComponentLink1URL"; Value = ""; VariantName = "[No Variations]"
Change component parameters (AddParameter): Name = "ComponentLink2Description"; Value = "Datasheet web"; VariantName = "[No Variations]"
Change component parameters (AddParameter): Name = "ComponentLink2URL"; Value = ""; VariantName = "[No Variations]"
Change component parameters (AddParameter): Name = "ComponentLink3Description"; Value = "Datasheet local"; VariantName = "[No Variations]"
Change component parameters (AddParameter): Name = "ComponentLink3URL"; Value = "/D/"; VariantName = "[No Variations]"
Change component parameters (AddParameter): Name = "DigiKey"; Value = ""; VariantName = "[No Variations]"
Change component parameters (AddParameter): Name = "Farnell"; Value = ""; VariantName = "[No Variations]"
Change component parameters (AddParameter): Name = "FootprintName"; Value = "0805"; VariantName = "[No Variations]"
Change component parameters (AddParameter): Name = "HelpURL"; Value = ""; VariantName = "[No Variations]"
Change component parameters (AddParameter): Name = "LCSC"; Value = ""; VariantName = "[No Variations]"
Change component parameters (AddParameter): Name = "MF"; Value = ""; VariantName = "[No Variations]"
Change component parameters (AddParameter): Name = "Mouser"; Value = ""; VariantName = "[No Variations]"
Change component parameters (AddParameter): Name = "MP"; Value = ""; VariantName = "[No Variations]"
Change component parameters (AddParameter): Name = "My_P/N"; Value = ""; VariantName = "[No Variations]"
Change component parameters (AddParameter): Name = "Package"; Value = "CAPC2012X60N"; VariantName = "[No Variations]"
Change component parameters (AddParameter): Name = "Profusion"; Value = ""; VariantName = "[No Variations]"
Change component parameters (AddParameter): Name = "RS"; Value = ""; VariantName = "[No Variations]"
Change component parameters (AddParameter): Name = "UA P/N"; Value = "16-0xxx"; VariantName = "[No Variations]"
Change component parameters (AddParameter): Name = "Value"; Value = "NF"; VariantName = "[No Variations]"
Change component parameters: Designator = "C3" ("C?"); Footprint = "CAPC2012X60N"; UniqueID = "\EYHJRCWA" ("\EYHJRCWA")
Change component parameters (AddParameter): Name = "Arrow"; Value = ""; VariantName = "[No Variations]"
Change component parameters (AddParameter): Name = "ComponentLink1Description"; Value = "Web MF"; VariantName = "[No Variations]"
Change component parameters (AddParameter): Name = "ComponentLink1URL"; Value = ""; VariantName = "[No Variations]"
Change component parameters (AddParameter): Name = "ComponentLink2Description"; Value = "Datasheet web"; VariantName = "[No Variations]"
Change component parameters (AddParameter): Name = "ComponentLink2URL"; Value = ""; VariantName = "[No Variations]"
Change component parameters (AddParameter): Name = "ComponentLink3Description"; Value = "Datasheet local"; VariantName = "[No Variations]"
Change component parameters (AddParameter): Name = "ComponentLink3URL"; Value = "/D/"; VariantName = "[No Variations]"
Change component parameters (AddParameter): Name = "DigiKey"; Value = ""; VariantName = "[No Variations]"
Change component parameters (AddParameter): Name = "Farnell"; Value = ""; VariantName = "[No Variations]"
Change component parameters (AddParameter): Name = "FootprintName"; Value = "0805"; VariantName = "[No Variations]"
Change component parameters (AddParameter): Name = "HelpURL"; Value = ""; VariantName = "[No Variations]"
Change component parameters (AddParameter): Name = "LCSC"; Value = ""; VariantName = "[No Variations]"
Change component parameters (AddParameter): Name = "MF"; Value = ""; VariantName = "[No Variations]"
Change component parameters (AddParameter): Name = "Mouser"; Value = ""; VariantName = "[No Variations]"
Change component parameters (AddParameter): Name = "MP"; Value = ""; VariantName = "[No Variations]"
Change component parameters (AddParameter): Name = "My_P/N"; Value = ""; VariantName = "[No Variations]"
Change component parameters (AddParameter): Name = "Package"; Value = "CAPC2012X60N"; VariantName = "[No Variations]"
Change component parameters (AddParameter): Name = "Profusion"; Value = ""; VariantName = "[No Variations]"
Change component parameters (AddParameter): Name = "RS"; Value = ""; VariantName = "[No Variations]"
Change component parameters (AddParameter): Name = "UA P/N"; Value = "16-0xxx"; VariantName = "[No Variations]"
Change component parameters (AddParameter): Name = "Value"; Value = "NF"; VariantName = "[No Variations]"
Change component parameters: Designator = "C4" ("C?"); Footprint = "CAP_EEE1CA100AR"; UniqueID = "\PULGQSTY" ("\PULGQSTY")
Change component parameters (AddParameter): Name = "Arrow"; Value = ""; VariantName = "[No Variations]"
Change component parameters (AddParameter): Name = "ComponentLink1Description"; Value = "Web MF"; VariantName = "[No Variations]"
Change component parameters (AddParameter): Name = "ComponentLink1URL"; Value = "https://industrial.panasonic.com"; VariantName = "[No Variations]"
Change component parameters (AddParameter): Name = "ComponentLink2Description"; Value = "Datasheet web"; VariantName = "[No Variations]"
Change component parameters (AddParameter): Name = "ComponentLink2URL"; Value = "https://pdf1.alldatasheet.com/datasheet-pdf/view/525972/PANASONIC/EEE1CA100AR.html"; VariantName = "[No Variations]"
Change component parameters (AddParameter): Name = "ComponentLink3Description"; Value = "Datasheet local"; VariantName = "[No Variations]"
Change component parameters (AddParameter): Name = "ComponentLink3URL"; Value = "/D/"; VariantName = "[No Variations]"
Change component parameters (AddParameter): Name = "DigiKey"; Value = ""; VariantName = "[No Variations]"
Change component parameters (AddParameter): Name = "Farnell"; Value = ""; VariantName = "[No Variations]"
Change component parameters (AddParameter): Name = "FootprintName"; Value = "EEE1CA100AR"; VariantName = "[No Variations]"
Change component parameters (AddParameter): Name = "HelpURL"; Value = "https://industrial.panasonic.com/ww/products/pt/aluminum-cap-smd/models/EEE1CA100AR"; VariantName = "[No Variations]"
Change component parameters (AddParameter): Name = "LCSC"; Value = ""; VariantName = "[No Variations]"
Change component parameters (AddParameter): Name = "MF"; Value = ""; VariantName = "[No Variations]"
Change component parameters (AddParameter): Name = "Mouser"; Value = ""; VariantName = "[No Variations]"
Change component parameters (AddParameter): Name = "MP"; Value = ""; VariantName = "[No Variations]"
Change component parameters (AddParameter): Name = "My_P/N"; Value = ""; VariantName = "[No Variations]"
Change component parameters (AddParameter): Name = "Package"; Value = "CAP_EEE1CA100AR"; VariantName = "[No Variations]"
Change component parameters (AddParameter): Name = "Profusion"; Value = ""; VariantName = "[No Variations]"
Change component parameters (AddParameter): Name = "RS"; Value = ""; VariantName = "[No Variations]"
Change component parameters (AddParameter): Name = "UA P/N"; Value = "16-0xxx"; VariantName = "[No Variations]"
Change component parameters (AddParameter): Name = "Value"; Value = "NF"; VariantName = "[No Variations]"
Change component parameters: Designator = "C5" ("C7"); Footprint = "CAPC2012X60N"; UniqueID = "\MECCQBSZ" ("\MECCQBSZ")
Change component parameters (AddParameter): Name = "Arrow"; Value = ""; VariantName = "[No Variations]"
Change component parameters (AddParameter): Name = "ComponentLink1Description"; Value = "Web MF"; VariantName = "[No Variations]"
Change component parameters (AddParameter): Name = "ComponentLink1URL"; Value = ""; VariantName = "[No Variations]"
Change component parameters (AddParameter): Name = "ComponentLink2Description"; Value = "Datasheet web"; VariantName = "[No Variations]"
Change component parameters (AddParameter): Name = "ComponentLink2URL"; Value = ""; VariantName = "[No Variations]"
Change component parameters (AddParameter): Name = "ComponentLink3Description"; Value = "Datasheet local"; VariantName = "[No Variations]"
Change component parameters (AddParameter): Name = "ComponentLink3URL"; Value = "/D/"; VariantName = "[No Variations]"
Change component parameters (AddParameter): Name = "DigiKey"; Value = ""; VariantName = "[No Variations]"
Change component parameters (AddParameter): Name = "Farnell"; Value = ""; VariantName = "[No Variations]"
Change component parameters (AddParameter): Name = "FootprintName"; Value = "0805"; VariantName = "[No Variations]"
Change component parameters (AddParameter): Name = "HelpURL"; Value = ""; VariantName = "[No Variations]"
Change component parameters (AddParameter): Name = "LCSC"; Value = ""; VariantName = "[No Variations]"
Change component parameters (AddParameter): Name = "MF"; Value = ""; VariantName = "[No Variations]"
Change component parameters (AddParameter): Name = "Mouser"; Value = ""; VariantName = "[No Variations]"
Change component parameters (AddParameter): Name = "MP"; Value = ""; VariantName = "[No Variations]"
Change component parameters (AddParameter): Name = "My_P/N"; Value = ""; VariantName = "[No Variations]"
Change component parameters (AddParameter): Name = "Package"; Value = "CAPC2012X60N"; VariantName = "[No Variations]"
Change component parameters (AddParameter): Name = "Profusion"; Value = ""; VariantName = "[No Variations]"
Change component parameters (AddParameter): Name = "RS"; Value = ""; VariantName = "[No Variations]"
Change component parameters (AddParameter): Name = "UA P/N"; Value = "16-0xxx"; VariantName = "[No Variations]"
Change component parameters (AddParameter): Name = "Value"; Value = "NF"; VariantName = "[No Variations]"
Change component parameters: Designator = "C6" ("C?"); Footprint = "CAPC2012X60N"; UniqueID = "\OYFYIVPA" ("\OYFYIVPA")
Change component parameters (AddParameter): Name = "Arrow"; Value = ""; VariantName = "[No Variations]"
Change component parameters (AddParameter): Name = "ComponentLink1Description"; Value = "Web MF"; VariantName = "[No Variations]"
Change component parameters (AddParameter): Name = "ComponentLink1URL"; Value = ""; VariantName = "[No Variations]"
Change component parameters (AddParameter): Name = "ComponentLink2Description"; Value = "Datasheet web"; VariantName = "[No Variations]"
Change component parameters (AddParameter): Name = "ComponentLink2URL"; Value = ""; VariantName = "[No Variations]"
Change component parameters (AddParameter): Name = "ComponentLink3Description"; Value = "Datasheet local"; VariantName = "[No Variations]"
Change component parameters (AddParameter): Name = "ComponentLink3URL"; Value = "/D/"; VariantName = "[No Variations]"
Change component parameters (AddParameter): Name = "DigiKey"; Value = ""; VariantName = "[No Variations]"
Change component parameters (AddParameter): Name = "Farnell"; Value = ""; VariantName = "[No Variations]"
Change component parameters (AddParameter): Name = "FootprintName"; Value = "0805"; VariantName = "[No Variations]"
Change component parameters (AddParameter): Name = "HelpURL"; Value = ""; VariantName = "[No Variations]"
Change component parameters (AddParameter): Name = "LCSC"; Value = ""; VariantName = "[No Variations]"
Change component parameters (AddParameter): Name = "MF"; Value = ""; VariantName = "[No Variations]"
Change component parameters (AddParameter): Name = "Mouser"; Value = ""; VariantName = "[No Variations]"
Change component parameters (AddParameter): Name = "MP"; Value = ""; VariantName = "[No Variations]"
Change component parameters (AddParameter): Name = "My_P/N"; Value = ""; VariantName = "[No Variations]"
Change component parameters (AddParameter): Name = "Package"; Value = "CAPC2012X60N"; VariantName = "[No Variations]"
Change component parameters (AddParameter): Name = "Profusion"; Value = ""; VariantName = "[No Variations]"
Change component parameters (AddParameter): Name = "RS"; Value = ""; VariantName = "[No Variations]"
Change component parameters (AddParameter): Name = "UA P/N"; Value = "16-0xxx"; VariantName = "[No Variations]"
Change component parameters (AddParameter): Name = "Value"; Value = "NF"; VariantName = "[No Variations]"
Change component parameters: Designator = "C7" ("C5"); Footprint = "CAP_EEEFT1V470AR"; UniqueID = "\BLWZUQIY" ("\BLWZUQIY")
Change component parameters (AddParameter): Name = "Arrow"; Value = ""; VariantName = "[No Variations]"
Change component parameters (AddParameter): Name = "ComponentLink1Description"; Value = "Web MF"; VariantName = "[No Variations]"
Change component parameters (AddParameter): Name = "ComponentLink1URL"; Value = "https://industrial.panasonic.com"; VariantName = "[No Variations]"
Change component parameters (AddParameter): Name = "ComponentLink2Description"; Value = "Datasheet web"; VariantName = "[No Variations]"
Change component parameters (AddParameter): Name = "ComponentLink2URL"; Value = "https://pdf1.alldatasheet.com/datasheet-pdf/view/525995/PANASONIC/EEEFT1V470AR.html"; VariantName = "[No Variations]"
Change component parameters (AddParameter): Name = "ComponentLink3Description"; Value = "Datasheet local"; VariantName = "[No Variations]"
Change component parameters (AddParameter): Name = "ComponentLink3URL"; Value = "/D/"; VariantName = "[No Variations]"
Change component parameters (AddParameter): Name = "DigiKey"; Value = ""; VariantName = "[No Variations]"
Change component parameters (AddParameter): Name = "Farnell"; Value = ""; VariantName = "[No Variations]"
Change component parameters (AddParameter): Name = "FootprintName"; Value = "EEEFT1V470AR"; VariantName = "[No Variations]"
Change component parameters (AddParameter): Name = "HelpURL"; Value = "https://industrial.panasonic.com/ww/products/pt/aluminum-cap-smd/models/EEE1CA100AR"; VariantName = "[No Variations]"
Change component parameters (AddParameter): Name = "LCSC"; Value = ""; VariantName = "[No Variations]"
Change component parameters (AddParameter): Name = "MF"; Value = ""; VariantName = "[No Variations]"
Change component parameters (AddParameter): Name = "Mouser"; Value = ""; VariantName = "[No Variations]"
Change component parameters (AddParameter): Name = "MP"; Value = ""; VariantName = "[No Variations]"
Change component parameters (AddParameter): Name = "My_P/N"; Value = ""; VariantName = "[No Variations]"
Change component parameters (AddParameter): Name = "Package"; Value = "CAP_EEEFT1V470AR"; VariantName = "[No Variations]"
Change component parameters (AddParameter): Name = "Profusion"; Value = ""; VariantName = "[No Variations]"
Change component parameters (AddParameter): Name = "RS"; Value = ""; VariantName = "[No Variations]"
Change component parameters (AddParameter): Name = "UA P/N"; Value = "16-0xxx"; VariantName = "[No Variations]"
Change component parameters (AddParameter): Name = "Value"; Value = "NF"; VariantName = "[No Variations]"
Change component parameters: Designator = "D3" ("D?"); Footprint = "SOT91P240X110-3N"; UniqueID = "\MAJZETOZ" ("\MAJZETOZ")
Change component parameters (AddParameter): Name = "Arrow"; Value = ""; VariantName = "[No Variations]"
Change component parameters (AddParameter): Name = "ComponentLink1Description"; Value = "Web MF"; VariantName = "[No Variations]"
Change component parameters (AddParameter): Name = "ComponentLink1URL"; Value = "https://www.diodes.com"; VariantName = "[No Variations]"
Change component parameters (AddParameter): Name = "ComponentLink2Description"; Value = "Datasheet web"; VariantName = "[No Variations]"
Change component parameters (AddParameter): Name = "ComponentLink2URL"; Value = "https://pdf1.alldatasheet.com/datasheet-pdf/view/515456/DIODES/ZHCS1000TA.html"; VariantName = "[No Variations]"
Change component parameters (AddParameter): Name = "ComponentLink3Description"; Value = "Datasheet local"; VariantName = "[No Variations]"
Change component parameters (AddParameter): Name = "ComponentLink3URL"; Value = "/D/"; VariantName = "[No Variations]"
Change component parameters (AddParameter): Name = "DigiKey"; Value = ""; VariantName = "[No Variations]"
Change component parameters (AddParameter): Name = "Farnell"; Value = ""; VariantName = "[No Variations]"
Change component parameters (AddParameter): Name = "FootprintName"; Value = ""; VariantName = "[No Variations]"
Change component parameters (AddParameter): Name = "HelpURL"; Value = "https://www.diodes.com/assets/Datasheets/ZHCS1000.pdf"; VariantName = "[No Variations]"
Change component parameters (AddParameter): Name = "LCSC"; Value = ""; VariantName = "[No Variations]"
Change component parameters (AddParameter): Name = "MF"; Value = ""; VariantName = "[No Variations]"
Change component parameters (AddParameter): Name = "Mouser"; Value = ""; VariantName = "[No Variations]"
Change component parameters (AddParameter): Name = "MP"; Value = ""; VariantName = "[No Variations]"
Change component parameters (AddParameter): Name = "My_P/N"; Value = ""; VariantName = "[No Variations]"
Change component parameters (AddParameter): Name = "Package"; Value = "SOT91P240X110-3N"; VariantName = "[No Variations]"
Change component parameters (AddParameter): Name = "Profusion"; Value = ""; VariantName = "[No Variations]"
Change component parameters (AddParameter): Name = "RS"; Value = ""; VariantName = "[No Variations]"
Change component parameters (AddParameter): Name = "UA P/N"; Value = "15-0xxx"; VariantName = "[No Variations]"
Change component parameters (AddParameter): Name = "Value"; Value = "ZHCS1000TA"; VariantName = "[No Variations]"
Change component parameters: Designator = "D4" ("D?"); Footprint = "SOT91P240X110-3N"; UniqueID = "\YLDYAQMV" ("\YLDYAQMV")
Change component parameters (AddParameter): Name = "Arrow"; Value = ""; VariantName = "[No Variations]"
Change component parameters (AddParameter): Name = "ComponentLink1Description"; Value = "Web MF"; VariantName = "[No Variations]"
Change component parameters (AddParameter): Name = "ComponentLink1URL"; Value = "https://www.diodes.com"; VariantName = "[No Variations]"
Change component parameters (AddParameter): Name = "ComponentLink2Description"; Value = "Datasheet web"; VariantName = "[No Variations]"
Change component parameters (AddParameter): Name = "ComponentLink2URL"; Value = "https://pdf1.alldatasheet.com/datasheet-pdf/view/515456/DIODES/ZHCS1000TA.html"; VariantName = "[No Variations]"
Change component parameters (AddParameter): Name = "ComponentLink3Description"; Value = "Datasheet local"; VariantName = "[No Variations]"
Change component parameters (AddParameter): Name = "ComponentLink3URL"; Value = "/D/"; VariantName = "[No Variations]"
Change component parameters (AddParameter): Name = "DigiKey"; Value = ""; VariantName = "[No Variations]"
Change component parameters (AddParameter): Name = "Farnell"; Value = ""; VariantName = "[No Variations]"
Change component parameters (AddParameter): Name = "FootprintName"; Value = ""; VariantName = "[No Variations]"
Change component parameters (AddParameter): Name = "HelpURL"; Value = "https://www.diodes.com/assets/Datasheets/ZHCS1000.pdf"; VariantName = "[No Variations]"
Change component parameters (AddParameter): Name = "LCSC"; Value = ""; VariantName = "[No Variations]"
Change component parameters (AddParameter): Name = "MF"; Value = ""; VariantName = "[No Variations]"
Change component parameters (AddParameter): Name = "Mouser"; Value = ""; VariantName = "[No Variations]"
Change component parameters (AddParameter): Name = "MP"; Value = ""; VariantName = "[No Variations]"
Change component parameters (AddParameter): Name = "My_P/N"; Value = ""; VariantName = "[No Variations]"
Change component parameters (AddParameter): Name = "Package"; Value = "SOT91P240X110-3N"; VariantName = "[No Variations]"
Change component parameters (AddParameter): Name = "Profusion"; Value = ""; VariantName = "[No Variations]"
Change component parameters (AddParameter): Name = "RS"; Value = ""; VariantName = "[No Variations]"
Change component parameters (AddParameter): Name = "UA P/N"; Value = "15-0xxx"; VariantName = "[No Variations]"
Change component parameters (AddParameter): Name = "Value"; Value = "ZHCS1000TA"; VariantName = "[No Variations]"
Change component parameters: Designator = "D5" ("D?"); Footprint = "SOT91P240X110-3N"; UniqueID = "\PBIBWQZH" ("\PBIBWQZH")
Change component parameters (AddParameter): Name = "Arrow"; Value = ""; VariantName = "[No Variations]"
Change component parameters (AddParameter): Name = "ComponentLink1Description"; Value = "Web MF"; VariantName = "[No Variations]"
Change component parameters (AddParameter): Name = "ComponentLink1URL"; Value = "https://www.diodes.com"; VariantName = "[No Variations]"
Change component parameters (AddParameter): Name = "ComponentLink2Description"; Value = "Datasheet web"; VariantName = "[No Variations]"
Change component parameters (AddParameter): Name = "ComponentLink2URL"; Value = "https://pdf1.alldatasheet.com/datasheet-pdf/view/515456/DIODES/ZHCS1000TA.html"; VariantName = "[No Variations]"
Change component parameters (AddParameter): Name = "ComponentLink3Description"; Value = "Datasheet local"; VariantName = "[No Variations]"
Change component parameters (AddParameter): Name = "ComponentLink3URL"; Value = "/D/"; VariantName = "[No Variations]"
Change component parameters (AddParameter): Name = "DigiKey"; Value = ""; VariantName = "[No Variations]"
Change component parameters (AddParameter): Name = "Farnell"; Value = ""; VariantName = "[No Variations]"
Change component parameters (AddParameter): Name = "FootprintName"; Value = ""; VariantName = "[No Variations]"
Change component parameters (AddParameter): Name = "HelpURL"; Value = "https://www.diodes.com/assets/Datasheets/ZHCS1000.pdf"; VariantName = "[No Variations]"
Change component parameters (AddParameter): Name = "LCSC"; Value = ""; VariantName = "[No Variations]"
Change component parameters (AddParameter): Name = "MF"; Value = ""; VariantName = "[No Variations]"
Change component parameters (AddParameter): Name = "Mouser"; Value = ""; VariantName = "[No Variations]"
Change component parameters (AddParameter): Name = "MP"; Value = ""; VariantName = "[No Variations]"
Change component parameters (AddParameter): Name = "My_P/N"; Value = ""; VariantName = "[No Variations]"
Change component parameters (AddParameter): Name = "Package"; Value = "SOT91P240X110-3N"; VariantName = "[No Variations]"
Change component parameters (AddParameter): Name = "Profusion"; Value = ""; VariantName = "[No Variations]"
Change component parameters (AddParameter): Name = "RS"; Value = ""; VariantName = "[No Variations]"
Change component parameters (AddParameter): Name = "UA P/N"; Value = "15-0xxx"; VariantName = "[No Variations]"
Change component parameters (AddParameter): Name = "Value"; Value = "ZHCS1000TA"; VariantName = "[No Variations]"
Change component parameters: Designator = "J1" ("J?"); Footprint = "GCT_USB4110-GF-A_REVB"; UniqueID = "\DWZFLCSX" ("\DWZFLCSX")
Change component parameters (AddParameter): Name = "Availability"; Value = "Warning"; VariantName = "[No Variations]"
Change component parameters (AddParameter): Name = "Check_prices"; Value = "https://www.snapeda.com/parts/USB4110-GF-A/Global%20Connector%20Technology/view-part/4001167/?ref=eda"; VariantName = "[No Variations]"
Change component parameters (AddParameter): Name = "LSCS"; Value = ""; VariantName = "[No Variations]"
Change component parameters (AddParameter): Name = "MF"; Value = "GCT"; VariantName = "[No Variations]"
Change component parameters (AddParameter): Name = "Mounting"; Value = "THT"; VariantName = "[No Variations]"
Change component parameters (AddParameter): Name = "Mouser"; Value = "640-USB4110-GF-A"; VariantName = "[No Variations]"
Change component parameters (AddParameter): Name = "MP"; Value = "USB4110-GF-A"; VariantName = "[No Variations]"
Change component parameters (AddParameter): Name = "Package"; Value = "None"; VariantName = "[No Variations]"
Change component parameters (AddParameter): Name = "Price"; Value = "None"; VariantName = "[No Variations]"
Change component parameters (AddParameter): Name = "Purchase-URL"; Value = "https://pricing.snapeda.com/search/part/USB4110-GF-A/?ref=eda"; VariantName = "[No Variations]"
Change component parameters (AddParameter): Name = "SnapEDA_Link"; Value = "https://www.snapeda.com/parts/USB4110-GF-A/Global%20Connector%20Technology/view-part/4001167/?ref=snap"; VariantName = "[No Variations]"
Change component parameters (AddParameter): Name = "Type"; Value = "SMD"; VariantName = "[No Variations]"
Change component parameters (AddParameter): Name = "UA P/N"; Value = "112-0099"; VariantName = "[No Variations]"
Change component parameters (AddParameter): Name = "Value"; Value = "USB-C CONNECTOR"; VariantName = "[No Variations]"
Change component parameters: Designator = "Q1" ("Q?"); Footprint = "SOT91P240X110-3N"; UniqueID = "\GHXSQULS" ("\GHXSQULS")
Change component parameters (AddParameter): Name = "Arrow"; Value = ""; VariantName = "[No Variations]"
Change component parameters (AddParameter): Name = "ComponentLink1Description"; Value = "Web MF"; VariantName = "[No Variations]"
Change component parameters (AddParameter): Name = "ComponentLink1URL"; Value = "https://www.diodes.com"; VariantName = "[No Variations]"
Change component parameters (AddParameter): Name = "ComponentLink2Description"; Value = "Datasheet web"; VariantName = "[No Variations]"
Change component parameters (AddParameter): Name = "ComponentLink2URL"; Value = "https://html.alldatasheet.com/html-pdf/833068/DIODES/DMP1045U/217/1/DMP1045U.html"; VariantName = "[No Variations]"
Change component parameters (AddParameter): Name = "ComponentLink3Description"; Value = "Datasheet local"; VariantName = "[No Variations]"
Change component parameters (AddParameter): Name = "ComponentLink3URL"; Value = "/D/"; VariantName = "[No Variations]"
Change component parameters (AddParameter): Name = "DigiKey"; Value = ""; VariantName = "[No Variations]"
Change component parameters (AddParameter): Name = "Farnell"; Value = ""; VariantName = "[No Variations]"
Change component parameters (AddParameter): Name = "FootprintName"; Value = ""; VariantName = "[No Variations]"
Change component parameters (AddParameter): Name = "HelpURL"; Value = "https://www.diodes.com/assets/Datasheets/DMP1045U.pdf"; VariantName = "[No Variations]"
Change component parameters (AddParameter): Name = "LCSC"; Value = ""; VariantName = "[No Variations]"
Change component parameters (AddParameter): Name = "MF"; Value = ""; VariantName = "[No Variations]"
Change component parameters (AddParameter): Name = "Mouser"; Value = ""; VariantName = "[No Variations]"
Change component parameters (AddParameter): Name = "MP"; Value = "FS8205A"; VariantName = "[No Variations]"
Change component parameters (AddParameter): Name = "My_P/N"; Value = ""; VariantName = "[No Variations]"
Change component parameters (AddParameter): Name = "Package"; Value = "SOT91P240X110-3N"; VariantName = "[No Variations]"
Change component parameters (AddParameter): Name = "Profusion"; Value = ""; VariantName = "[No Variations]"
Change component parameters (AddParameter): Name = "RS"; Value = ""; VariantName = "[No Variations]"
Change component parameters (AddParameter): Name = "UA P/N"; Value = "15-0xxx"; VariantName = "[No Variations]"
Change component parameters (AddParameter): Name = "Value"; Value = "DMP1045U"; VariantName = "[No Variations]"
Change component parameters: Designator = "Q2" ("Q?"); Footprint = "SOT91P240X110-3N"; UniqueID = "\LAYBPEXZ" ("\LAYBPEXZ")
Change component parameters (AddParameter): Name = "Arrow"; Value = ""; VariantName = "[No Variations]"
Change component parameters (AddParameter): Name = "ComponentLink1Description"; Value = "Web MF"; VariantName = "[No Variations]"
Change component parameters (AddParameter): Name = "ComponentLink1URL"; Value = "https://www.diodes.com"; VariantName = "[No Variations]"
Change component parameters (AddParameter): Name = "ComponentLink2Description"; Value = "Datasheet web"; VariantName = "[No Variations]"
Change component parameters (AddParameter): Name = "ComponentLink2URL"; Value = "https://html.alldatasheet.com/html-pdf/833068/DIODES/DMP1045U/217/1/DMP1045U.html"; VariantName = "[No Variations]"
Change component parameters (AddParameter): Name = "ComponentLink3Description"; Value = "Datasheet local"; VariantName = "[No Variations]"
Change component parameters (AddParameter): Name = "ComponentLink3URL"; Value = "/D/"; VariantName = "[No Variations]"
Change component parameters (AddParameter): Name = "DigiKey"; Value = ""; VariantName = "[No Variations]"
Change component parameters (AddParameter): Name = "Farnell"; Value = ""; VariantName = "[No Variations]"
Change component parameters (AddParameter): Name = "FootprintName"; Value = ""; VariantName = "[No Variations]"
Change component parameters (AddParameter): Name = "HelpURL"; Value = "https://www.diodes.com/assets/Datasheets/DMP1045U.pdf"; VariantName = "[No Variations]"
Change component parameters (AddParameter): Name = "LCSC"; Value = ""; VariantName = "[No Variations]"
Change component parameters (AddParameter): Name = "MF"; Value = ""; VariantName = "[No Variations]"
Change component parameters (AddParameter): Name = "Mouser"; Value = ""; VariantName = "[No Variations]"
Change component parameters (AddParameter): Name = "MP"; Value = "FS8205A"; VariantName = "[No Variations]"
Change component parameters (AddParameter): Name = "My_P/N"; Value = ""; VariantName = "[No Variations]"
Change component parameters (AddParameter): Name = "Package"; Value = "SOT91P240X110-3N"; VariantName = "[No Variations]"
Change component parameters (AddParameter): Name = "Profusion"; Value = ""; VariantName = "[No Variations]"
Change component parameters (AddParameter): Name = "RS"; Value = ""; VariantName = "[No Variations]"
Change component parameters (AddParameter): Name = "UA P/N"; Value = "15-0xxx"; VariantName = "[No Variations]"
Change component parameters (AddParameter): Name = "Value"; Value = "DMP1045U"; VariantName = "[No Variations]"
Change component parameters: Designator = "R1" ("R?"); Footprint = "RESC2012X60N"; UniqueID = "\PECHBCMB" ("\PECHBCMB")
Change component parameters (AddParameter): Name = "Arrow"; Value = ""; VariantName = "[No Variations]"
Change component parameters (AddParameter): Name = "ComponentLink1Description"; Value = "Web MF"; VariantName = "[No Variations]"
Change component parameters (AddParameter): Name = "ComponentLink1URL"; Value = "/D/"; VariantName = "[No Variations]"
Change component parameters (AddParameter): Name = "ComponentLink2Description"; Value = "Datasheet web"; VariantName = "[No Variations]"
Change component parameters (AddParameter): Name = "ComponentLink2URL"; Value = "/D/"; VariantName = "[No Variations]"
Change component parameters (AddParameter): Name = "ComponentLink3Description"; Value = "Datasheet local"; VariantName = "[No Variations]"
Change component parameters (AddParameter): Name = "ComponentLink3URL"; Value = "/D/"; VariantName = "[No Variations]"
Change component parameters (AddParameter): Name = "DigiKey"; Value = ""; VariantName = "[No Variations]"
Change component parameters (AddParameter): Name = "Farnell"; Value = ""; VariantName = "[No Variations]"
Change component parameters (AddParameter): Name = "LCSC"; Value = "C60485"; VariantName = "[No Variations]"
Change component parameters (AddParameter): Name = "MF"; Value = "YAGEO"; VariantName = "[No Variations]"
Change component parameters (AddParameter): Name = "Mounting"; Value = "SMT"; VariantName = "[No Variations]"
Change component parameters (AddParameter): Name = "Mouser"; Value = ""; VariantName = "[No Variations]"
Change component parameters (AddParameter): Name = "MP"; Value = "RC0402JR-070RL"; VariantName = "[No Variations]"
Change component parameters (AddParameter): Name = "My_P/N"; Value = ""; VariantName = "[No Variations]"
Change component parameters (AddParameter): Name = "Package"; Value = "RESC2012X60N"; VariantName = "[No Variations]"
Change component parameters (AddParameter): Name = "Parameter 14"; Value = ""; VariantName = "[No Variations]"
Change component parameters (AddParameter): Name = "Profusion"; Value = ""; VariantName = "[No Variations]"
Change component parameters (AddParameter): Name = "RS"; Value = ""; VariantName = "[No Variations]"
Change component parameters (AddParameter): Name = "UA P/N"; Value = "13-0xxx"; VariantName = "[No Variations]"
Change component parameters (AddParameter): Name = "Value"; Value = "NF"; VariantName = "[No Variations]"
Change component parameters: Designator = "R2" ("R3"); Footprint = "RESC2012X60N"; UniqueID = "\IOCZUXWQ" ("\IOCZUXWQ")
Change component parameters (AddParameter): Name = "Arrow"; Value = ""; VariantName = "[No Variations]"
Change component parameters (AddParameter): Name = "ComponentLink1Description"; Value = "Web MF"; VariantName = "[No Variations]"
Change component parameters (AddParameter): Name = "ComponentLink1URL"; Value = "/D/"; VariantName = "[No Variations]"
Change component parameters (AddParameter): Name = "ComponentLink2Description"; Value = "Datasheet web"; VariantName = "[No Variations]"
Change component parameters (AddParameter): Name = "ComponentLink2URL"; Value = "/D/"; VariantName = "[No Variations]"
Change component parameters (AddParameter): Name = "ComponentLink3Description"; Value = "Datasheet local"; VariantName = "[No Variations]"
Change component parameters (AddParameter): Name = "ComponentLink3URL"; Value = "/D/"; VariantName = "[No Variations]"
Change component parameters (AddParameter): Name = "DigiKey"; Value = ""; VariantName = "[No Variations]"
Change component parameters (AddParameter): Name = "Farnell"; Value = ""; VariantName = "[No Variations]"
Change component parameters (AddParameter): Name = "LCSC"; Value = "C60485"; VariantName = "[No Variations]"
Change component parameters (AddParameter): Name = "MF"; Value = "YAGEO"; VariantName = "[No Variations]"
Change component parameters (AddParameter): Name = "Mounting"; Value = "SMT"; VariantName = "[No Variations]"
Change component parameters (AddParameter): Name = "Mouser"; Value = ""; VariantName = "[No Variations]"
Change component parameters (AddParameter): Name = "MP"; Value = "RC0402JR-070RL"; VariantName = "[No Variations]"
Change component parameters (AddParameter): Name = "My_P/N"; Value = ""; VariantName = "[No Variations]"
Change component parameters (AddParameter): Name = "Package"; Value = "RESC2012X60N"; VariantName = "[No Variations]"
Change component parameters (AddParameter): Name = "Parameter 14"; Value = ""; VariantName = "[No Variations]"
Change component parameters (AddParameter): Name = "Profusion"; Value = ""; VariantName = "[No Variations]"
Change component parameters (AddParameter): Name = "RS"; Value = ""; VariantName = "[No Variations]"
Change component parameters (AddParameter): Name = "UA P/N"; Value = "13-0xxx"; VariantName = "[No Variations]"
Change component parameters (AddParameter): Name = "Value"; Value = "NF"; VariantName = "[No Variations]"
Change component parameters: Designator = "R3" ("R2"); Footprint = "RESC2012X60N"; UniqueID = "\OGPZLCND" ("\OGPZLCND")
Change component parameters (AddParameter): Name = "Arrow"; Value = ""; VariantName = "[No Variations]"
Change component parameters (AddParameter): Name = "ComponentLink1Description"; Value = "Web MF"; VariantName = "[No Variations]"
Change component parameters (AddParameter): Name = "ComponentLink1URL"; Value = "/D/"; VariantName = "[No Variations]"
Change component parameters (AddParameter): Name = "ComponentLink2Description"; Value = "Datasheet web"; VariantName = "[No Variations]"
Change component parameters (AddParameter): Name = "ComponentLink2URL"; Value = "/D/"; VariantName = "[No Variations]"
Change component parameters (AddParameter): Name = "ComponentLink3Description"; Value = "Datasheet local"; VariantName = "[No Variations]"
Change component parameters (AddParameter): Name = "ComponentLink3URL"; Value = "/D/"; VariantName = "[No Variations]"
Change component parameters (AddParameter): Name = "DigiKey"; Value = ""; VariantName = "[No Variations]"
Change component parameters (AddParameter): Name = "Farnell"; Value = ""; VariantName = "[No Variations]"
Change component parameters (AddParameter): Name = "LCSC"; Value = "C60485"; VariantName = "[No Variations]"
Change component parameters (AddParameter): Name = "MF"; Value = "YAGEO"; VariantName = "[No Variations]"
Change component parameters (AddParameter): Name = "Mounting"; Value = "SMT"; VariantName = "[No Variations]"
Change component parameters (AddParameter): Name = "Mouser"; Value = ""; VariantName = "[No Variations]"
Change component parameters (AddParameter): Name = "MP"; Value = "RC0402JR-070RL"; VariantName = "[No Variations]"
Change component parameters (AddParameter): Name = "My_P/N"; Value = ""; VariantName = "[No Variations]"
Change component parameters (AddParameter): Name = "Package"; Value = "RESC2012X60N"; VariantName = "[No Variations]"
Change component parameters (AddParameter): Name = "Parameter 14"; Value = ""; VariantName = "[No Variations]"
Change component parameters (AddParameter): Name = "Profusion"; Value = ""; VariantName = "[No Variations]"
Change component parameters (AddParameter): Name = "RS"; Value = ""; VariantName = "[No Variations]"
Change component parameters (AddParameter): Name = "UA P/N"; Value = "13-0xxx"; VariantName = "[No Variations]"
Change component parameters (AddParameter): Name = "Value"; Value = "NF"; VariantName = "[No Variations]"
Change component parameters: Designator = "R4" ("R?"); Footprint = "RESC2012X60N"; UniqueID = "\LOPWDUVJ" ("\LOPWDUVJ")
Change component parameters (AddParameter): Name = "Arrow"; Value = ""; VariantName = "[No Variations]"
Change component parameters (AddParameter): Name = "ComponentLink1Description"; Value = "Web MF"; VariantName = "[No Variations]"
Change component parameters (AddParameter): Name = "ComponentLink1URL"; Value = "/D/"; VariantName = "[No Variations]"
Change component parameters (AddParameter): Name = "ComponentLink2Description"; Value = "Datasheet web"; VariantName = "[No Variations]"
Change component parameters (AddParameter): Name = "ComponentLink2URL"; Value = "/D/"; VariantName = "[No Variations]"
Change component parameters (AddParameter): Name = "ComponentLink3Description"; Value = "Datasheet local"; VariantName = "[No Variations]"
Change component parameters (AddParameter): Name = "ComponentLink3URL"; Value = "/D/"; VariantName = "[No Variations]"
Change component parameters (AddParameter): Name = "DigiKey"; Value = ""; VariantName = "[No Variations]"
Change component parameters (AddParameter): Name = "Farnell"; Value = ""; VariantName = "[No Variations]"
Change component parameters (AddParameter): Name = "LCSC"; Value = "C60485"; VariantName = "[No Variations]"
Change component parameters (AddParameter): Name = "MF"; Value = "YAGEO"; VariantName = "[No Variations]"
Change component parameters (AddParameter): Name = "Mounting"; Value = "SMT"; VariantName = "[No Variations]"
Change component parameters (AddParameter): Name = "Mouser"; Value = ""; VariantName = "[No Variations]"
Change component parameters (AddParameter): Name = "MP"; Value = "RC0402JR-070RL"; VariantName = "[No Variations]"
Change component parameters (AddParameter): Name = "My_P/N"; Value = ""; VariantName = "[No Variations]"
Change component parameters (AddParameter): Name = "Package"; Value = "RESC2012X60N"; VariantName = "[No Variations]"
Change component parameters (AddParameter): Name = "Parameter 14"; Value = ""; VariantName = "[No Variations]"
Change component parameters (AddParameter): Name = "Profusion"; Value = ""; VariantName = "[No Variations]"
Change component parameters (AddParameter): Name = "RS"; Value = ""; VariantName = "[No Variations]"
Change component parameters (AddParameter): Name = "UA P/N"; Value = "13-0xxx"; VariantName = "[No Variations]"
Change component parameters (AddParameter): Name = "Value"; Value = "NF"; VariantName = "[No Variations]"
Change component parameters: Designator = "R6" ("R?"); Footprint = "RESC2012X60N"; UniqueID = "\IOQLAGYK" ("\IOQLAGYK")
Change component parameters (AddParameter): Name = "Arrow"; Value = ""; VariantName = "[No Variations]"
Change component parameters (AddParameter): Name = "ComponentLink1Description"; Value = "Web MF"; VariantName = "[No Variations]"
Change component parameters (AddParameter): Name = "ComponentLink1URL"; Value = "/D/"; VariantName = "[No Variations]"
Change component parameters (AddParameter): Name = "ComponentLink2Description"; Value = "Datasheet web"; VariantName = "[No Variations]"
Change component parameters (AddParameter): Name = "ComponentLink2URL"; Value = "/D/"; VariantName = "[No Variations]"
Change component parameters (AddParameter): Name = "ComponentLink3Description"; Value = "Datasheet local"; VariantName = "[No Variations]"
Change component parameters (AddParameter): Name = "ComponentLink3URL"; Value = "/D/"; VariantName = "[No Variations]"
Change component parameters (AddParameter): Name = "DigiKey"; Value = ""; VariantName = "[No Variations]"
Change component parameters (AddParameter): Name = "Farnell"; Value = ""; VariantName = "[No Variations]"
Change component parameters (AddParameter): Name = "LCSC"; Value = "C60485"; VariantName = "[No Variations]"
Change component parameters (AddParameter): Name = "MF"; Value = "YAGEO"; VariantName = "[No Variations]"
Change component parameters (AddParameter): Name = "Mounting"; Value = "SMT"; VariantName = "[No Variations]"
Change component parameters (AddParameter): Name = "Mouser"; Value = ""; VariantName = "[No Variations]"
Change component parameters (AddParameter): Name = "MP"; Value = "RC0402JR-070RL"; VariantName = "[No Variations]"
Change component parameters (AddParameter): Name = "My_P/N"; Value = ""; VariantName = "[No Variations]"
Change component parameters (AddParameter): Name = "Package"; Value = "RESC2012X60N"; VariantName = "[No Variations]"
Change component parameters (AddParameter): Name = "Parameter 14"; Value = ""; VariantName = "[No Variations]"
Change component parameters (AddParameter): Name = "Profusion"; Value = ""; VariantName = "[No Variations]"
Change component parameters (AddParameter): Name = "RS"; Value = ""; VariantName = "[No Variations]"
Change component parameters (AddParameter): Name = "UA P/N"; Value = "13-0xxx"; VariantName = "[No Variations]"
Change component parameters (AddParameter): Name = "Value"; Value = "NF"; VariantName = "[No Variations]"
Change component parameters: Designator = "R7" ("R8"); Footprint = "RESC2012X60N"; UniqueID = "\RJHYWROT" ("\RJHYWROT")
Change component parameters (AddParameter): Name = "Arrow"; Value = ""; VariantName = "[No Variations]"
Change component parameters (AddParameter): Name = "ComponentLink1Description"; Value = "Web MF"; VariantName = "[No Variations]"
Change component parameters (AddParameter): Name = "ComponentLink1URL"; Value = "/D/"; VariantName = "[No Variations]"
Change component parameters (AddParameter): Name = "ComponentLink2Description"; Value = "Datasheet web"; VariantName = "[No Variations]"
Change component parameters (AddParameter): Name = "ComponentLink2URL"; Value = "/D/"; VariantName = "[No Variations]"
Change component parameters (AddParameter): Name = "ComponentLink3Description"; Value = "Datasheet local"; VariantName = "[No Variations]"
Change component parameters (AddParameter): Name = "ComponentLink3URL"; Value = "/D/"; VariantName = "[No Variations]"
Change component parameters (AddParameter): Name = "DigiKey"; Value = ""; VariantName = "[No Variations]"
Change component parameters (AddParameter): Name = "Farnell"; Value = ""; VariantName = "[No Variations]"
Change component parameters (AddParameter): Name = "LCSC"; Value = "C60485"; VariantName = "[No Variations]"
Change component parameters (AddParameter): Name = "MF"; Value = "YAGEO"; VariantName = "[No Variations]"
Change component parameters (AddParameter): Name = "Mounting"; Value = "SMT"; VariantName = "[No Variations]"
Change component parameters (AddParameter): Name = "Mouser"; Value = ""; VariantName = "[No Variations]"
Change component parameters (AddParameter): Name = "MP"; Value = "RC0402JR-070RL"; VariantName = "[No Variations]"
Change component parameters (AddParameter): Name = "My_P/N"; Value = ""; VariantName = "[No Variations]"
Change component parameters (AddParameter): Name = "Package"; Value = "RESC2012X60N"; VariantName = "[No Variations]"
Change component parameters (AddParameter): Name = "Parameter 14"; Value = ""; VariantName = "[No Variations]"
Change component parameters (AddParameter): Name = "Profusion"; Value = ""; VariantName = "[No Variations]"
Change component parameters (AddParameter): Name = "RS"; Value = ""; VariantName = "[No Variations]"
Change component parameters (AddParameter): Name = "UA P/N"; Value = "13-0xxx"; VariantName = "[No Variations]"
Change component parameters (AddParameter): Name = "Value"; Value = "NF"; VariantName = "[No Variations]"
Change component parameters: Designator = "R8" ("R7"); Footprint = "RESC2012X60N"; UniqueID = "\GJSBQOAU" ("\GJSBQOAU")
Change component parameters (AddParameter): Name = "Arrow"; Value = ""; VariantName = "[No Variations]"
Change component parameters (AddParameter): Name = "ComponentLink1Description"; Value = "Web MF"; VariantName = "[No Variations]"
Change component parameters (AddParameter): Name = "ComponentLink1URL"; Value = "/D/"; VariantName = "[No Variations]"
Change component parameters (AddParameter): Name = "ComponentLink2Description"; Value = "Datasheet web"; VariantName = "[No Variations]"
Change component parameters (AddParameter): Name = "ComponentLink2URL"; Value = "/D/"; VariantName = "[No Variations]"
Change component parameters (AddParameter): Name = "ComponentLink3Description"; Value = "Datasheet local"; VariantName = "[No Variations]"
Change component parameters (AddParameter): Name = "ComponentLink3URL"; Value = "/D/"; VariantName = "[No Variations]"
Change component parameters (AddParameter): Name = "DigiKey"; Value = ""; VariantName = "[No Variations]"
Change component parameters (AddParameter): Name = "Farnell"; Value = ""; VariantName = "[No Variations]"
Change component parameters (AddParameter): Name = "LCSC"; Value = "C60485"; VariantName = "[No Variations]"
Change component parameters (AddParameter): Name = "MF"; Value = "YAGEO"; VariantName = "[No Variations]"
Change component parameters (AddParameter): Name = "Mounting"; Value = "SMT"; VariantName = "[No Variations]"
Change component parameters (AddParameter): Name = "Mouser"; Value = ""; VariantName = "[No Variations]"
Change component parameters (AddParameter): Name = "MP"; Value = "RC0402JR-070RL"; VariantName = "[No Variations]"
Change component parameters (AddParameter): Name = "My_P/N"; Value = ""; VariantName = "[No Variations]"
Change component parameters (AddParameter): Name = "Package"; Value = "RESC2012X60N"; VariantName = "[No Variations]"
Change component parameters (AddParameter): Name = "Parameter 14"; Value = ""; VariantName = "[No Variations]"
Change component parameters (AddParameter): Name = "Profusion"; Value = ""; VariantName = "[No Variations]"
Change component parameters (AddParameter): Name = "RS"; Value = ""; VariantName = "[No Variations]"
Change component parameters (AddParameter): Name = "UA P/N"; Value = "13-0xxx"; VariantName = "[No Variations]"
Change component parameters (AddParameter): Name = "Value"; Value = "NF"; VariantName = "[No Variations]"
Change component parameters: Designator = "R9" ("R?"); Footprint = "RESC2012X60N"; UniqueID = "\IIICJIWY" ("\IIICJIWY")
Change component parameters (AddParameter): Name = "Arrow"; Value = ""; VariantName = "[No Variations]"
Change component parameters (AddParameter): Name = "ComponentLink1Description"; Value = "Web MF"; VariantName = "[No Variations]"
Change component parameters (AddParameter): Name = "ComponentLink1URL"; Value = "/D/"; VariantName = "[No Variations]"
Change component parameters (AddParameter): Name = "ComponentLink2Description"; Value = "Datasheet web"; VariantName = "[No Variations]"
Change component parameters (AddParameter): Name = "ComponentLink2URL"; Value = "/D/"; VariantName = "[No Variations]"
Change component parameters (AddParameter): Name = "ComponentLink3Description"; Value = "Datasheet local"; VariantName = "[No Variations]"
Change component parameters (AddParameter): Name = "ComponentLink3URL"; Value = "/D/"; VariantName = "[No Variations]"
Change component parameters (AddParameter): Name = "DigiKey"; Value = ""; VariantName = "[No Variations]"
Change component parameters (AddParameter): Name = "Farnell"; Value = ""; VariantName = "[No Variations]"
Change component parameters (AddParameter): Name = "LCSC"; Value = "C60485"; VariantName = "[No Variations]"
Change component parameters (AddParameter): Name = "MF"; Value = "YAGEO"; VariantName = "[No Variations]"
Change component parameters (AddParameter): Name = "Mounting"; Value = "SMT"; VariantName = "[No Variations]"
Change component parameters (AddParameter): Name = "Mouser"; Value = ""; VariantName = "[No Variations]"
Change component parameters (AddParameter): Name = "MP"; Value = "RC0402JR-070RL"; VariantName = "[No Variations]"
Change component parameters (AddParameter): Name = "My_P/N"; Value = ""; VariantName = "[No Variations]"
Change component parameters (AddParameter): Name = "Package"; Value = "RESC2012X60N"; VariantName = "[No Variations]"
Change component parameters (AddParameter): Name = "Parameter 14"; Value = ""; VariantName = "[No Variations]"
Change component parameters (AddParameter): Name = "Profusion"; Value = ""; VariantName = "[No Variations]"
Change component parameters (AddParameter): Name = "RS"; Value = ""; VariantName = "[No Variations]"
Change component parameters (AddParameter): Name = "UA P/N"; Value = "13-0xxx"; VariantName = "[No Variations]"
Change component parameters (AddParameter): Name = "Value"; Value = "NF"; VariantName = "[No Variations]"
Change component parameters: Designator = "R100" ("R5"); Footprint = "RESC2012X60N"; UniqueID = "\KFKGAGVC" ("\KFKGAGVC")
Change component parameters (AddParameter): Name = "Arrow"; Value = ""; VariantName = "[No Variations]"
Change component parameters (AddParameter): Name = "ComponentLink1Description"; Value = "Web MF"; VariantName = "[No Variations]"
Change component parameters (AddParameter): Name = "ComponentLink1URL"; Value = "/D/"; VariantName = "[No Variations]"
Change component parameters (AddParameter): Name = "ComponentLink2Description"; Value = "Datasheet web"; VariantName = "[No Variations]"
Change component parameters (AddParameter): Name = "ComponentLink2URL"; Value = "/D/"; VariantName = "[No Variations]"
Change component parameters (AddParameter): Name = "ComponentLink3Description"; Value = "Datasheet local"; VariantName = "[No Variations]"
Change component parameters (AddParameter): Name = "ComponentLink3URL"; Value = "/D/"; VariantName = "[No Variations]"
Change component parameters (AddParameter): Name = "DigiKey"; Value = ""; VariantName = "[No Variations]"
Change component parameters (AddParameter): Name = "Farnell"; Value = ""; VariantName = "[No Variations]"
Change component parameters (AddParameter): Name = "LCSC"; Value = "C60485"; VariantName = "[No Variations]"
Change component parameters (AddParameter): Name = "MF"; Value = "YAGEO"; VariantName = "[No Variations]"
Change component parameters (AddParameter): Name = "Mounting"; Value = "SMT"; VariantName = "[No Variations]"
Change component parameters (AddParameter): Name = "Mouser"; Value = ""; VariantName = "[No Variations]"
Change component parameters (AddParameter): Name = "MP"; Value = "RC0402JR-070RL"; VariantName = "[No Variations]"
Change component parameters (AddParameter): Name = "My_P/N"; Value = ""; VariantName = "[No Variations]"
Change component parameters (AddParameter): Name = "Package"; Value = "RESC2012X60N"; VariantName = "[No Variations]"
Change component parameters (AddParameter): Name = "Parameter 14"; Value = ""; VariantName = "[No Variations]"
Change component parameters (AddParameter): Name = "Profusion"; Value = ""; VariantName = "[No Variations]"
Change component parameters (AddParameter): Name = "RS"; Value = ""; VariantName = "[No Variations]"
Change component parameters (AddParameter): Name = "UA P/N"; Value = "13-0xxx"; VariantName = "[No Variations]"
Change component parameters (AddParameter): Name = "Value"; Value = "NF"; VariantName = "[No Variations]"
Change component parameters: Designator = "U3" ("U?"); Footprint = "SOT95P280X145-6N"; UniqueID = "\RDXHZDGD" ("\RDXHZDGD")
Change component parameters (AddParameter): Name = "Arrow"; Value = ""; VariantName = "[No Variations]"
Change component parameters (AddParameter): Name = "ComponentLink1Description"; Value = "Web MF"; VariantName = "[No Variations]"
Change component parameters (AddParameter): Name = "ComponentLink1URL"; Value = "https://aosmd.com"; VariantName = "[No Variations]"
Change component parameters (AddParameter): Name = "ComponentLink2Description"; Value = "Datasheet web"; VariantName = "[No Variations]"
Change component parameters (AddParameter): Name = "ComponentLink2URL"; Value = "https://pdf1.alldatasheet.com/datasheet-pdf/view/483045/AOSMD/AOZ1280CI.html"; VariantName = "[No Variations]"
Change component parameters (AddParameter): Name = "ComponentLink3Description"; Value = "Datasheet local"; VariantName = "[No Variations]"
Change component parameters (AddParameter): Name = "ComponentLink3URL"; Value = "/D/"; VariantName = "[No Variations]"
Change component parameters (AddParameter): Name = "DigiKey"; Value = ""; VariantName = "[No Variations]"
Change component parameters (AddParameter): Name = "Farnell"; Value = ""; VariantName = "[No Variations]"
Change component parameters (AddParameter): Name = "FootprintName"; Value = ""; VariantName = "[No Variations]"
Change component parameters (AddParameter): Name = "HelpURL"; Value = "https://aosmd.com/products/power-ics/ezbuck-dc-dc-buck-regulators/AOZ1280CI"; VariantName = "[No Variations]"
Change component parameters (AddParameter): Name = "LCSC"; Value = ""; VariantName = "[No Variations]"
Change component parameters (AddParameter): Name = "MF"; Value = ""; VariantName = "[No Variations]"
Change component parameters (AddParameter): Name = "Mouser"; Value = ""; VariantName = "[No Variations]"
Change component parameters (AddParameter): Name = "MP"; Value = "FS8205A"; VariantName = "[No Variations]"
Change component parameters (AddParameter): Name = "My_P/N"; Value = ""; VariantName = "[No Variations]"
Change component parameters (AddParameter): Name = "Package"; Value = "SOT95P280X145-6N"; VariantName = "[No Variations]"
Change component parameters (AddParameter): Name = "Profusion"; Value = ""; VariantName = "[No Variations]"
Change component parameters (AddParameter): Name = "RS"; Value = ""; VariantName = "[No Variations]"
Change component parameters (AddParameter): Name = "UA P/N"; Value = "15-0xxx"; VariantName = "[No Variations]"
Change component parameters (AddParameter): Name = "Value"; Value = "AOZ1280CI"; VariantName = "[No Variations]"
Add Component: Footprint Not Found RES 1206
Add Component: Footprint Not Found PL1609
Add Component: Footprint Not Found LED_ASMB-KTF0-0A306
Added Component: Designator=Q?(SOT95P280X145-6N)
Add component (AddParameter): Name = "Arrow"; Value = ""; VariantName = "[No Variations]"
Add component (AddParameter): Name = "ComponentLink1Description"; Value = "Web MF"; VariantName = "[No Variations]"
Add component (AddParameter): Name = "ComponentLink1URL"; Value = "http://forsemi.com"; VariantName = "[No Variations]"
Add component (AddParameter): Name = "ComponentLink2Description"; Value = "Datasheet web"; VariantName = "[No Variations]"
Add component (AddParameter): Name = "ComponentLink2URL"; Value = "https://pdf1.alldatasheet.com/datasheet-pdf/view/1132762/FORTUNE/FS8205A.html"; VariantName = "[No Variations]"
Add component (AddParameter): Name = "ComponentLink3Description"; Value = "Datasheet local"; VariantName = "[No Variations]"
Add component (AddParameter): Name = "ComponentLink3URL"; Value = "/D/"; VariantName = "[No Variations]"
Add component (AddParameter): Name = "DigiKey"; Value = ""; VariantName = "[No Variations]"
Add component (AddParameter): Name = "Farnell"; Value = ""; VariantName = "[No Variations]"
Add component (AddParameter): Name = "FootprintName"; Value = ""; VariantName = "[No Variations]"
Add component (AddParameter): Name = "HelpURL"; Value = "http://forsemi.com"; VariantName = "[No Variations]"
Add component (AddParameter): Name = "LCSC"; Value = ""; VariantName = "[No Variations]"
Add component (AddParameter): Name = "MF"; Value = ""; VariantName = "[No Variations]"
Add component (AddParameter): Name = "Mounting"; Value = "SMT"; VariantName = "[No Variations]"
Add component (AddParameter): Name = "Mouser"; Value = ""; VariantName = "[No Variations]"
Add component (AddParameter): Name = "MP"; Value = "FS8205A"; VariantName = "[No Variations]"
Add component (AddParameter): Name = "My_P/N"; Value = ""; VariantName = "[No Variations]"
Add component (AddParameter): Name = "Package"; Value = "SOT95P280X145-6N"; VariantName = "[No Variations]"
Add component (AddParameter): Name = "Profusion"; Value = ""; VariantName = "[No Variations]"
Add component (AddParameter): Name = "RS"; Value = ""; VariantName = "[No Variations]"
Add component (AddParameter): Name = "UA P/N"; Value = "15-0xxx"; VariantName = "[No Variations]"
Add component (AddParameter): Name = "Value"; Value = "FS8205"; VariantName = "[No Variations]"
Added Component: Designator=Q?(SOT95P280X145-6N)
Add component (AddParameter): Name = "Arrow"; Value = ""; VariantName = "[No Variations]"
Add component (AddParameter): Name = "ComponentLink1Description"; Value = "Web MF"; VariantName = "[No Variations]"
Add component (AddParameter): Name = "ComponentLink1URL"; Value = "http://forsemi.com"; VariantName = "[No Variations]"
Add component (AddParameter): Name = "ComponentLink2Description"; Value = "Datasheet web"; VariantName = "[No Variations]"
Add component (AddParameter): Name = "ComponentLink2URL"; Value = "https://pdf1.alldatasheet.com/datasheet-pdf/view/1132762/FORTUNE/FS8205A.html"; VariantName = "[No Variations]"
Add component (AddParameter): Name = "ComponentLink3Description"; Value = "Datasheet local"; VariantName = "[No Variations]"
Add component (AddParameter): Name = "ComponentLink3URL"; Value = "/D/"; VariantName = "[No Variations]"
Add component (AddParameter): Name = "DigiKey"; Value = ""; VariantName = "[No Variations]"
Add component (AddParameter): Name = "Farnell"; Value = ""; VariantName = "[No Variations]"
Add component (AddParameter): Name = "FootprintName"; Value = ""; VariantName = "[No Variations]"
Add component (AddParameter): Name = "HelpURL"; Value = "http://forsemi.com"; VariantName = "[No Variations]"
Add component (AddParameter): Name = "LCSC"; Value = ""; VariantName = "[No Variations]"
Add component (AddParameter): Name = "MF"; Value = ""; VariantName = "[No Variations]"
Add component (AddParameter): Name = "Mounting"; Value = "SMT"; VariantName = "[No Variations]"
Add component (AddParameter): Name = "Mouser"; Value = ""; VariantName = "[No Variations]"
Add component (AddParameter): Name = "MP"; Value = "FS8205A"; VariantName = "[No Variations]"
Add component (AddParameter): Name = "My_P/N"; Value = ""; VariantName = "[No Variations]"
Add component (AddParameter): Name = "Package"; Value = "SOT95P280X145-6N"; VariantName = "[No Variations]"
Add component (AddParameter): Name = "Profusion"; Value = ""; VariantName = "[No Variations]"
Add component (AddParameter): Name = "RS"; Value = ""; VariantName = "[No Variations]"
Add component (AddParameter): Name = "UA P/N"; Value = "15-0xxx"; VariantName = "[No Variations]"
Add component (AddParameter): Name = "Value"; Value = "FS8205"; VariantName = "[No Variations]"
Add Component: Footprint Not Found RES 0805
Add Component: Footprint Not Found RES 0805
Add Component: Footprint Not Found RES 0805
Added Component: Designator=R?(RESC2012X60N)
Add component (AddParameter): Name = "Arrow"; Value = ""; VariantName = "[No Variations]"
Add component (AddParameter): Name = "ComponentLink1Description"; Value = "Web MF"; VariantName = "[No Variations]"
Add component (AddParameter): Name = "ComponentLink1URL"; Value = "/D/"; VariantName = "[No Variations]"
Add component (AddParameter): Name = "ComponentLink2Description"; Value = "Datasheet web"; VariantName = "[No Variations]"
Add component (AddParameter): Name = "ComponentLink2URL"; Value = "/D/"; VariantName = "[No Variations]"
Add component (AddParameter): Name = "ComponentLink3Description"; Value = "Datasheet local"; VariantName = "[No Variations]"
Add component (AddParameter): Name = "ComponentLink3URL"; Value = "/D/"; VariantName = "[No Variations]"
Add component (AddParameter): Name = "DigiKey"; Value = ""; VariantName = "[No Variations]"
Add component (AddParameter): Name = "Farnell"; Value = ""; VariantName = "[No Variations]"
Add component (AddParameter): Name = "LCSC"; Value = "C60485"; VariantName = "[No Variations]"
Add component (AddParameter): Name = "MF"; Value = "YAGEO"; VariantName = "[No Variations]"
Add component (AddParameter): Name = "Mounting"; Value = "SMT"; VariantName = "[No Variations]"
Add component (AddParameter): Name = "Mouser"; Value = ""; VariantName = "[No Variations]"
Add component (AddParameter): Name = "MP"; Value = "RC0402JR-070RL"; VariantName = "[No Variations]"
Add component (AddParameter): Name = "My_P/N"; Value = ""; VariantName = "[No Variations]"
Add component (AddParameter): Name = "Package"; Value = "RESC2012X60N"; VariantName = "[No Variations]"
Add component (AddParameter): Name = "Parameter 14"; Value = ""; VariantName = "[No Variations]"
Add component (AddParameter): Name = "Profusion"; Value = ""; VariantName = "[No Variations]"
Add component (AddParameter): Name = "RS"; Value = ""; VariantName = "[No Variations]"
Add component (AddParameter): Name = "UA P/N"; Value = "13-0xxx"; VariantName = "[No Variations]"
Add component (AddParameter): Name = "Value"; Value = "NF"; VariantName = "[No Variations]"
Added Component: Designator=R?(RESC2012X60N)
Add component (AddParameter): Name = "Arrow"; Value = ""; VariantName = "[No Variations]"
Add component (AddParameter): Name = "ComponentLink1Description"; Value = "Web MF"; VariantName = "[No Variations]"
Add component (AddParameter): Name = "ComponentLink1URL"; Value = "/D/"; VariantName = "[No Variations]"
Add component (AddParameter): Name = "ComponentLink2Description"; Value = "Datasheet web"; VariantName = "[No Variations]"
Add component (AddParameter): Name = "ComponentLink2URL"; Value = "/D/"; VariantName = "[No Variations]"
Add component (AddParameter): Name = "ComponentLink3Description"; Value = "Datasheet local"; VariantName = "[No Variations]"
Add component (AddParameter): Name = "ComponentLink3URL"; Value = "/D/"; VariantName = "[No Variations]"
Add component (AddParameter): Name = "DigiKey"; Value = ""; VariantName = "[No Variations]"
Add component (AddParameter): Name = "Farnell"; Value = ""; VariantName = "[No Variations]"
Add component (AddParameter): Name = "LCSC"; Value = "C60485"; VariantName = "[No Variations]"
Add component (AddParameter): Name = "MF"; Value = "YAGEO"; VariantName = "[No Variations]"
Add component (AddParameter): Name = "Mounting"; Value = "SMT"; VariantName = "[No Variations]"
Add component (AddParameter): Name = "Mouser"; Value = ""; VariantName = "[No Variations]"
Add component (AddParameter): Name = "MP"; Value = "RC0402JR-070RL"; VariantName = "[No Variations]"
Add component (AddParameter): Name = "My_P/N"; Value = ""; VariantName = "[No Variations]"
Add component (AddParameter): Name = "Package"; Value = "RESC2012X60N"; VariantName = "[No Variations]"
Add component (AddParameter): Name = "Parameter 14"; Value = ""; VariantName = "[No Variations]"
Add component (AddParameter): Name = "Profusion"; Value = ""; VariantName = "[No Variations]"
Add component (AddParameter): Name = "RS"; Value = ""; VariantName = "[No Variations]"
Add component (AddParameter): Name = "UA P/N"; Value = "13-0xxx"; VariantName = "[No Variations]"
Add component (AddParameter): Name = "Value"; Value = "NF"; VariantName = "[No Variations]"
Added Component: Designator=R?(RESC2012X60N)
Add component (AddParameter): Name = "Arrow"; Value = ""; VariantName = "[No Variations]"
Add component (AddParameter): Name = "ComponentLink1Description"; Value = "Web MF"; VariantName = "[No Variations]"
Add component (AddParameter): Name = "ComponentLink1URL"; Value = "/D/"; VariantName = "[No Variations]"
Add component (AddParameter): Name = "ComponentLink2Description"; Value = "Datasheet web"; VariantName = "[No Variations]"
Add component (AddParameter): Name = "ComponentLink2URL"; Value = "/D/"; VariantName = "[No Variations]"
Add component (AddParameter): Name = "ComponentLink3Description"; Value = "Datasheet local"; VariantName = "[No Variations]"
Add component (AddParameter): Name = "ComponentLink3URL"; Value = "/D/"; VariantName = "[No Variations]"
Add component (AddParameter): Name = "DigiKey"; Value = ""; VariantName = "[No Variations]"
Add component (AddParameter): Name = "Farnell"; Value = ""; VariantName = "[No Variations]"
Add component (AddParameter): Name = "LCSC"; Value = "C60485"; VariantName = "[No Variations]"
Add component (AddParameter): Name = "MF"; Value = "YAGEO"; VariantName = "[No Variations]"
Add component (AddParameter): Name = "Mounting"; Value = "SMT"; VariantName = "[No Variations]"
Add component (AddParameter): Name = "Mouser"; Value = ""; VariantName = "[No Variations]"
Add component (AddParameter): Name = "MP"; Value = "RC0402JR-070RL"; VariantName = "[No Variations]"
Add component (AddParameter): Name = "My_P/N"; Value = ""; VariantName = "[No Variations]"
Add component (AddParameter): Name = "Package"; Value = "RESC2012X60N"; VariantName = "[No Variations]"
Add component (AddParameter): Name = "Parameter 14"; Value = ""; VariantName = "[No Variations]"
Add component (AddParameter): Name = "Profusion"; Value = ""; VariantName = "[No Variations]"
Add component (AddParameter): Name = "RS"; Value = ""; VariantName = "[No Variations]"
Add component (AddParameter): Name = "UA P/N"; Value = "13-0xxx"; VariantName = "[No Variations]"
Add component (AddParameter): Name = "Value"; Value = "NF"; VariantName = "[No Variations]"
Add Component: Footprint Not Found TactileSwitch_THT_SPST_6x6mm_4pins_ST
Added Component: Designator=U?(SOT95P280X145-6N)
Add component (AddParameter): Name = "Arrow"; Value = ""; VariantName = "[No Variations]"
Add component (AddParameter): Name = "ComponentLink1Description"; Value = "Web MF"; VariantName = "[No Variations]"
Add component (AddParameter): Name = "ComponentLink1URL"; Value = "https://hmsemi.com"; VariantName = "[No Variations]"
Add component (AddParameter): Name = "ComponentLink2Description"; Value = "Datasheet web"; VariantName = "[No Variations]"
Add component (AddParameter): Name = "ComponentLink2URL"; Value = "https://pdf1.alldatasheet.com/datasheet-pdf/view/1150541/HMSEMI/DW01A.html"; VariantName = "[No Variations]"
Add component (AddParameter): Name = "ComponentLink3Description"; Value = "Datasheet local"; VariantName = "[No Variations]"
Add component (AddParameter): Name = "ComponentLink3URL"; Value = "/D/"; VariantName = "[No Variations]"
Add component (AddParameter): Name = "DigiKey"; Value = ""; VariantName = "[No Variations]"
Add component (AddParameter): Name = "Farnell"; Value = ""; VariantName = "[No Variations]"
Add component (AddParameter): Name = "FootprintName"; Value = ""; VariantName = "[No Variations]"
Add component (AddParameter): Name = "HelpURL"; Value = "https://cxem.net/master/files/97_DW01A-DS-11_EN.pdf"; VariantName = "[No Variations]"
Add component (AddParameter): Name = "LCSC"; Value = ""; VariantName = "[No Variations]"
Add component (AddParameter): Name = "MF"; Value = ""; VariantName = "[No Variations]"
Add component (AddParameter): Name = "Mouser"; Value = ""; VariantName = "[No Variations]"
Add component (AddParameter): Name = "MP"; Value = "FS8205A"; VariantName = "[No Variations]"
Add component (AddParameter): Name = "My_P/N"; Value = ""; VariantName = "[No Variations]"
Add component (AddParameter): Name = "Package"; Value = "SOT95P280X145-6N"; VariantName = "[No Variations]"
Add component (AddParameter): Name = "Profusion"; Value = ""; VariantName = "[No Variations]"
Add component (AddParameter): Name = "RS"; Value = ""; VariantName = "[No Variations]"
Add component (AddParameter): Name = "UA P/N"; Value = "15-0xxx"; VariantName = "[No Variations]"
Add component (AddParameter): Name = "Value"; Value = "DW01A"; VariantName = "[No Variations]"
Add Component: Footprint Not Found SOP127P600X175-9N
Add Pin To Net: Unknown Pin: Pin L2-1
Add Pin To Net: Unknown Pin: Pin L2-2
Add Pin To Net: Unknown Pin: Pin L?-1
Add Pin To Net: Unknown Pin: Pin L?-2
Added Pin To Net: NetName=GND Pin=Q?-3
Added Pin To Net: NetName=GND Pin=Q?-3
Added Pin To Net: NetName=GND Pin=R7-1
Add Pin To Net: Unknown Pin: Pin R10-1
Add Pin To Net: Unknown Pin: Pin R11-1
Added Pin To Net: NetName=DGND Pin=R?-1
Added Pin To Net: NetName=NetC7_1 Pin=R?-1
Added Pin To Net: NetName=5V Pin=R?-2
Added Pin To Net: NetName=GND Pin=U?-3
Added Pin To Net: NetName=NetC1_2 Pin=U?-5
Add Pin To Net: Unknown Pin: Pin U?-9
Change Net Name : Old Net Name=NetC1_2 New Net Name=NetC?_2
Change Net Name : Old Net Name=NetC6_1 New Net Name=NetC?_1
Change Net Name : Old Net Name=NetC6_2 New Net Name=NetC?_2
Change Net Name : Old Net Name=NetC7_1 New Net Name=NetC5_1
Change Net Name : Old Net Name=NetCN1_1 New Net Name=NetCN?_1
Change Net Name : Old Net Name=NetD4_3 New Net Name=NetD?_3
Add Net: Net with name "NetC?_1" already exists
Add Net: Net with name "NetC?_1" already exists
Add Net: Net with name "NetC?_2" already exists
Add Net: Net with name "NetC?_2" already exists
Added Pin To Net: NetName=NetCN?_5 Pin=CN?-5
Added Net: Name=NetCN?_5
Added Pin To Net: NetName=NetJ?_A5 Pin=J?-A5
Added Net: Name=NetJ?_A5
Added Pin To Net: NetName=NetJ?_B5 Pin=J?-B5
Added Net: Name=NetJ?_B5
Added Pin To Net: NetName=NetLED?_4 Pin=R2-2
Added Net: Name=NetLED?_4
Added Pin To Net: NetName=NetQ?_2 Pin=Q?-2
Added Pin To Net: NetName=NetQ?_2 Pin=Q?-2
Added Pin To Net: NetName=NetQ?_2 Pin=Q?-5
Added Pin To Net: NetName=NetQ?_2 Pin=Q?-5
Added Net: Name=NetQ?_2
Added Pin To Net: NetName=NetQ?_4 Pin=Q?-4
Added Pin To Net: NetName=NetQ?_4 Pin=Q?-4
Added Pin To Net: NetName=NetQ?_4 Pin=U?-3
Added Net: Name=NetQ?_4
Added Pin To Net: NetName=NetQ?_6 Pin=Q?-6
Added Pin To Net: NetName=NetQ?_6 Pin=Q?-6
Added Pin To Net: NetName=NetQ?_6 Pin=U?-1
Added Net: Name=NetQ?_6
Added Pin To Net: NetName=NetR7_2 Pin=R7-2
Added Pin To Net: NetName=NetR7_2 Pin=U?-2
Added Net: Name=NetR7_2
Added Pin To Net: NetName=NetR?_1 Pin=R?-1
Added Pin To Net: NetName=NetR?_1 Pin=R?-2
Added Pin To Net: NetName=NetR?_1 Pin=U?-3
Added Net: Name=NetR?_1
Added Pin To Net: NetName=NetR?_2 Pin=R?-2
Added Pin To Net: NetName=NetR?_2 Pin=U?-4
Added Net: Name=NetR?_2
Added Net: Name=NetS?_2
Add Class Member: Failed to add class member : Component L2 FB 1.5A 600R
Add Class Member: Failed to add class member : Component L? PFL1609-222
Add Class Member: Failed to add class member : Component LED? ASMB-KTF0-0A306
Added Member To Class: ClassName=CtlBoard Member=Component Q? FS8205
Added Member To Class: ClassName=CtlBoard Member=Component Q? FS8205
Add Class Member: Failed to add class member : Component R10 5K1
Add Class Member: Failed to add class member : Component R11 5K1
Add Class Member: Failed to add class member : Component R123 0R
Added Member To Class: ClassName=CtlBoard Member=Component R? NF
Added Member To Class: ClassName=CtlBoard Member=Component R? NF
Added Member To Class: ClassName=CtlBoard Member=Component R? NF
Add Class Member: Failed to add class member : Component S? TactileSwitch_THT_SPST_6x6mm_4pins_ST.
Added Member To Class: ClassName=CtlBoard Member=Component U? DW01A
Added Member To Class: ClassName=CtlBoard Member=Component U? TP4056
