Change Component Designator: OldDesignator=Motor11 NewDesignator=holeMotor1
Added Component: Designator=Hmotor1(P200X100H90L100H50)
Add component (AddParameter): Name = "Arrow"; Value = ""; VariantName = "[No Variations]"
Add component (AddParameter): Name = "Category"; Value = "[0500] Connectors"; VariantName = "[No Variations]"
Add component (AddParameter): Name = "Cost"; Value = ""; VariantName = "[No Variations]"
Add component (AddParameter): Name = "DigiKey"; Value = ""; VariantName = "[No Variations]"
Add component (AddParameter): Name = "Farnell"; Value = "P50-H-120-G"; VariantName = "[No Variations]"
Add component (AddParameter): Name = "FootprintName"; Value = ""; VariantName = "[No Variations]"
Add component (AddParameter): Name = "HelpURL"; Value = ""; VariantName = "[No Variations]"
Add component (AddParameter): Name = "LCSC"; Value = ""; VariantName = "[No Variations]"
Add component (AddParameter): Name = "LibraryVersion"; Value = ""; VariantName = "[No Variations]"
Add component (AddParameter): Name = "MF"; Value = ""; VariantName = "[No Variations]"
Add component (AddParameter): Name = "Mounting"; Value = ""; VariantName = "[No Variations]"
Add component (AddParameter): Name = "Mouser"; Value = ""; VariantName = "[No Variations]"
Add component (AddParameter): Name = "MP"; Value = ""; VariantName = "[No Variations]"
Add component (AddParameter): Name = "My_P/N"; Value = ""; VariantName = "[No Variations]"
Add component (AddParameter): Name = "Package"; Value = ""; VariantName = "[No Variations]"
Add component (AddParameter): Name = "Profusion"; Value = ""; VariantName = "[No Variations]"
Add component (AddParameter): Name = "RS"; Value = ""; VariantName = "[No Variations]"
Add component (AddParameter): Name = "Subcategory"; Value = "[0510] Test pins"; VariantName = "[No Variations]"
Add component (AddParameter): Name = "UA P/N"; Value = ""; VariantName = "[No Variations]"
Add component (AddParameter): Name = "Unique ID"; Value = "509"; VariantName = "[No Variations]"
Add component (AddParameter): Name = "Value"; Value = "TESTPINT"; VariantName = "[No Variations]"
Added Component: Designator=Hmotor2(P200X100H90L100H50)
Add component (AddParameter): Name = "Arrow"; Value = ""; VariantName = "[No Variations]"
Add component (AddParameter): Name = "Category"; Value = "[0500] Connectors"; VariantName = "[No Variations]"
Add component (AddParameter): Name = "Cost"; Value = ""; VariantName = "[No Variations]"
Add component (AddParameter): Name = "DigiKey"; Value = ""; VariantName = "[No Variations]"
Add component (AddParameter): Name = "Farnell"; Value = "P50-H-120-G"; VariantName = "[No Variations]"
Add component (AddParameter): Name = "FootprintName"; Value = ""; VariantName = "[No Variations]"
Add component (AddParameter): Name = "HelpURL"; Value = ""; VariantName = "[No Variations]"
Add component (AddParameter): Name = "LCSC"; Value = ""; VariantName = "[No Variations]"
Add component (AddParameter): Name = "LibraryVersion"; Value = ""; VariantName = "[No Variations]"
Add component (AddParameter): Name = "MF"; Value = ""; VariantName = "[No Variations]"
Add component (AddParameter): Name = "Mounting"; Value = ""; VariantName = "[No Variations]"
Add component (AddParameter): Name = "Mouser"; Value = ""; VariantName = "[No Variations]"
Add component (AddParameter): Name = "MP"; Value = ""; VariantName = "[No Variations]"
Add component (AddParameter): Name = "My_P/N"; Value = ""; VariantName = "[No Variations]"
Add component (AddParameter): Name = "Package"; Value = ""; VariantName = "[No Variations]"
Add component (AddParameter): Name = "Profusion"; Value = ""; VariantName = "[No Variations]"
Add component (AddParameter): Name = "RS"; Value = ""; VariantName = "[No Variations]"
Add component (AddParameter): Name = "Subcategory"; Value = "[0510] Test pins"; VariantName = "[No Variations]"
Add component (AddParameter): Name = "UA P/N"; Value = ""; VariantName = "[No Variations]"
Add component (AddParameter): Name = "Unique ID"; Value = "509"; VariantName = "[No Variations]"
Add component (AddParameter): Name = "Value"; Value = "TESTPINT"; VariantName = "[No Variations]"
Added Component: Designator=vbat+(P200X100H90L100H50)
Add component (AddParameter): Name = "Arrow"; Value = ""; VariantName = "[No Variations]"
Add component (AddParameter): Name = "Category"; Value = "[0500] Connectors"; VariantName = "[No Variations]"
Add component (AddParameter): Name = "Cost"; Value = ""; VariantName = "[No Variations]"
Add component (AddParameter): Name = "DigiKey"; Value = ""; VariantName = "[No Variations]"
Add component (AddParameter): Name = "Farnell"; Value = "P50-H-120-G"; VariantName = "[No Variations]"
Add component (AddParameter): Name = "FootprintName"; Value = ""; VariantName = "[No Variations]"
Add component (AddParameter): Name = "HelpURL"; Value = ""; VariantName = "[No Variations]"
Add component (AddParameter): Name = "LCSC"; Value = ""; VariantName = "[No Variations]"
Add component (AddParameter): Name = "LibraryVersion"; Value = ""; VariantName = "[No Variations]"
Add component (AddParameter): Name = "MF"; Value = ""; VariantName = "[No Variations]"
Add component (AddParameter): Name = "Mounting"; Value = ""; VariantName = "[No Variations]"
Add component (AddParameter): Name = "Mouser"; Value = ""; VariantName = "[No Variations]"
Add component (AddParameter): Name = "MP"; Value = ""; VariantName = "[No Variations]"
Add component (AddParameter): Name = "My_P/N"; Value = ""; VariantName = "[No Variations]"
Add component (AddParameter): Name = "Package"; Value = ""; VariantName = "[No Variations]"
Add component (AddParameter): Name = "Profusion"; Value = ""; VariantName = "[No Variations]"
Add component (AddParameter): Name = "RS"; Value = ""; VariantName = "[No Variations]"
Add component (AddParameter): Name = "Subcategory"; Value = "[0510] Test pins"; VariantName = "[No Variations]"
Add component (AddParameter): Name = "UA P/N"; Value = ""; VariantName = "[No Variations]"
Add component (AddParameter): Name = "Unique ID"; Value = "509"; VariantName = "[No Variations]"
Add component (AddParameter): Name = "Value"; Value = "TESTPINT"; VariantName = "[No Variations]"
Added Pin To Net: NetName=+Vbat Pin=vbat+-1
Added Pin To Net: NetName=NetHmotor1_1 Pin=Hmotor1-1
Added Pin To Net: NetName=NetHmotor1_1 Pin=holeMotor1-1
Added Pin To Net: NetName=NetHmotor1_1 Pin=Motor12-1
Added Net: Name=NetHmotor1_1
Added Pin To Net: NetName=NetHmotor2_1 Pin=Hmotor2-1
Added Pin To Net: NetName=NetHmotor2_1 Pin=Motor21-1
Added Pin To Net: NetName=NetHmotor2_1 Pin=Motor22-1
Added Net: Name=NetHmotor2_1
Added Member To Class: ClassName=CtlBoard Member=Component Hmotor1 TESTPINT
Added Member To Class: ClassName=CtlBoard Member=Component Hmotor2 TESTPINT
Added Member To Class: ClassName=CtlBoard Member=Component Motor+ TESTPINT
Added Member To Class: ClassName=CtlBoard Member=Component Motor- TESTPINT
Added Member To Class: ClassName=CtlBoard Member=Component vbat+ TESTPINT
