Added Component: Designator=LED1(LEDSC220X200X190-4)
Add component (AddParameter): Name = "Arrow"; Value = ""; VariantName = "[No Variations]"
Add component (AddParameter): Name = "Availability"; Value = "Unavailable"; VariantName = "[No Variations]"
Add component (AddParameter): Name = "Category"; Value = "[0400] Optoelectronics"; VariantName = "[No Variations]"
Add component (AddParameter): Name = "Cost"; Value = "0"; VariantName = "[No Variations]"
Add component (AddParameter): Name = "DigiKey"; Value = ""; VariantName = "[No Variations]"
Add component (AddParameter): Name = "Farnell"; Value = ""; VariantName = "[No Variations]"
Add component (AddParameter): Name = "FootprintName"; Value = ""; VariantName = "[No Variations]"
Add component (AddParameter): Name = "HelpURL"; Value = ""; VariantName = "[No Variations]"
Add component (AddParameter): Name = "LCSC"; Value = ""; VariantName = "[No Variations]"
Add component (AddParameter): Name = "LibraryVersion"; Value = "v1"; VariantName = "[No Variations]"
Add component (AddParameter): Name = "MF"; Value = ""; VariantName = "[No Variations]"
Add component (AddParameter): Name = "Mounting"; Value = "SMT"; VariantName = "[No Variations]"
Add component (AddParameter): Name = "Mouser"; Value = ""; VariantName = "[No Variations]"
Add component (AddParameter): Name = "MP"; Value = ""; VariantName = "[No Variations]"
Add component (AddParameter): Name = "My_P/N"; Value = ""; VariantName = "[No Variations]"
Add component (AddParameter): Name = "Package"; Value = ""; VariantName = "[No Variations]"
Add component (AddParameter): Name = "Price"; Value = "None"; VariantName = "[No Variations]"
Add component (AddParameter): Name = "Profusion"; Value = ""; VariantName = "[No Variations]"
Add component (AddParameter): Name = "RS"; Value = ""; VariantName = "[No Variations]"
Add component (AddParameter): Name = "SnapEDA_Link"; Value = "https://www.snapeda.com/parts/ASMB-KTF0-0A306/Broadcom%20Limited/view-part/2703546/?ref=snap"; VariantName = "[No Variations]"
Add component (AddParameter): Name = "Subcategory"; Value = "[0401] LEDs"; VariantName = "[No Variations]"
Add component (AddParameter): Name = "UA P/N"; Value = ""; VariantName = "[No Variations]"
Add component (AddParameter): Name = "Unique ID"; Value = "557"; VariantName = "[No Variations]"
Add component (AddParameter): Name = "Value"; Value = "LED RGB"; VariantName = "[No Variations]"
Added Pin To Net: NetName=VBUS Pin=LED1-1
Added Pin To Net: NetName=NetLED1_2 Pin=LED1-2
Added Pin To Net: NetName=NetLED1_3 Pin=LED1-3
Added Pin To Net: NetName=NetLED1_4 Pin=LED1-4
Added Member To Class: ClassName=CtlBoard Member=Component D1 ZHCS1000TA
Added Member To Class: ClassName=CtlBoard Member=Component LED1 LED RGB
