Change component parameters: Designator = "C1" ("C1"); Footprint = "CAPC2012X60N"; UniqueID = "\DAFORAQE" ("\DAFORAQE")
Change component parameters (AddParameter): Name = "Arrow"; Value = ""; VariantName = "[No Variations]"
Change component parameters (AddParameter): Name = "Category"; Value = "[0000] Passive components"; VariantName = "[No Variations]"
Change component parameters (AddParameter): Name = "Cost"; Value = "0.172"; VariantName = "[No Variations]"
Change component parameters (AddParameter): Name = "DigiKey"; Value = ""; VariantName = "[No Variations]"
Change component parameters (AddParameter): Name = "Farnell"; Value = "3581774"; VariantName = "[No Variations]"
Change component parameters (AddParameter): Name = "FootprintName"; Value = ""; VariantName = "[No Variations]"
Change component parameters (AddParameter): Name = "HelpURL"; Value = ""; VariantName = "[No Variations]"
Change component parameters (AddParameter): Name = "LCSC"; Value = ""; VariantName = "[No Variations]"
Change component parameters (AddParameter): Name = "LibraryVersion"; Value = "v1"; VariantName = "[No Variations]"
Change component parameters (AddParameter): Name = "MF"; Value = ""; VariantName = "[No Variations]"
Change component parameters (AddParameter): Name = "Mounting"; Value = "SMT"; VariantName = "[No Variations]"
Change component parameters (AddParameter): Name = "Mouser"; Value = ""; VariantName = "[No Variations]"
Change component parameters (AddParameter): Name = "MP"; Value = ""; VariantName = "[No Variations]"
Change component parameters (AddParameter): Name = "My_P/N"; Value = ""; VariantName = "[No Variations]"
Change component parameters (AddParameter): Name = "My_PN"; Value = ""; VariantName = "[No Variations]"
Change component parameters (AddParameter): Name = "Package"; Value = ""; VariantName = "[No Variations]"
Change component parameters (AddParameter): Name = "Profusion"; Value = ""; VariantName = "[No Variations]"
Change component parameters (AddParameter): Name = "RS"; Value = ""; VariantName = "[No Variations]"
Change component parameters (AddParameter): Name = "Subcategory"; Value = "[0002] Capacitor"; VariantName = "[No Variations]"
Change component parameters (AddParameter): Name = "UA P/N"; Value = "16-0004"; VariantName = "[No Variations]"
Change component parameters (AddParameter): Name = "Unique ID"; Value = "139"; VariantName = "[No Variations]"
Change component parameters (AddParameter): Name = "Value"; Value = "10U"; VariantName = "[No Variations]"
Change component parameters: Designator = "C2" ("C2"); Footprint = "CAPC2012X60N"; UniqueID = "\BXBOZXJX" ("\BXBOZXJX")
Change component parameters (AddParameter): Name = "Arrow"; Value = ""; VariantName = "[No Variations]"
Change component parameters (AddParameter): Name = "Category"; Value = "[0000] Passive components"; VariantName = "[No Variations]"
Change component parameters (AddParameter): Name = "Cost"; Value = "0.0195"; VariantName = "[No Variations]"
Change component parameters (AddParameter): Name = "DigiKey"; Value = ""; VariantName = "[No Variations]"
Change component parameters (AddParameter): Name = "Farnell"; Value = "2408561"; VariantName = "[No Variations]"
Change component parameters (AddParameter): Name = "FootprintName"; Value = ""; VariantName = "[No Variations]"
Change component parameters (AddParameter): Name = "HelpURL"; Value = ""; VariantName = "[No Variations]"
Change component parameters (AddParameter): Name = "LCSC"; Value = ""; VariantName = "[No Variations]"
Change component parameters (AddParameter): Name = "LibraryVersion"; Value = "v1"; VariantName = "[No Variations]"
Change component parameters (AddParameter): Name = "MF"; Value = ""; VariantName = "[No Variations]"
Change component parameters (AddParameter): Name = "Mounting"; Value = "SMT"; VariantName = "[No Variations]"
Change component parameters (AddParameter): Name = "Mouser"; Value = ""; VariantName = "[No Variations]"
Change component parameters (AddParameter): Name = "MP"; Value = ""; VariantName = "[No Variations]"
Change component parameters (AddParameter): Name = "My_P/N"; Value = ""; VariantName = "[No Variations]"
Change component parameters (AddParameter): Name = "My_PN"; Value = ""; VariantName = "[No Variations]"
Change component parameters (AddParameter): Name = "Package"; Value = ""; VariantName = "[No Variations]"
Change component parameters (AddParameter): Name = "Profusion"; Value = ""; VariantName = "[No Variations]"
Change component parameters (AddParameter): Name = "RS"; Value = ""; VariantName = "[No Variations]"
Change component parameters (AddParameter): Name = "Subcategory"; Value = "[0002] Capacitor"; VariantName = "[No Variations]"
Change component parameters (AddParameter): Name = "UA P/N"; Value = "16-0001"; VariantName = "[No Variations]"
Change component parameters (AddParameter): Name = "Unique ID"; Value = "118"; VariantName = "[No Variations]"
Change component parameters (AddParameter): Name = "Value"; Value = "100N"; VariantName = "[No Variations]"
Change component parameters: Designator = "C3" ("C3"); Footprint = "CAPC2012X60N"; UniqueID = "\BLLOXVYE" ("\BLLOXVYE")
Change component parameters (AddParameter): Name = "Arrow"; Value = ""; VariantName = "[No Variations]"
Change component parameters (AddParameter): Name = "Category"; Value = "[0000] Passive components"; VariantName = "[No Variations]"
Change component parameters (AddParameter): Name = "Cost"; Value = "0.0195"; VariantName = "[No Variations]"
Change component parameters (AddParameter): Name = "DigiKey"; Value = ""; VariantName = "[No Variations]"
Change component parameters (AddParameter): Name = "Farnell"; Value = "2408561"; VariantName = "[No Variations]"
Change component parameters (AddParameter): Name = "FootprintName"; Value = ""; VariantName = "[No Variations]"
Change component parameters (AddParameter): Name = "HelpURL"; Value = ""; VariantName = "[No Variations]"
Change component parameters (AddParameter): Name = "LCSC"; Value = ""; VariantName = "[No Variations]"
Change component parameters (AddParameter): Name = "LibraryVersion"; Value = "v1"; VariantName = "[No Variations]"
Change component parameters (AddParameter): Name = "MF"; Value = ""; VariantName = "[No Variations]"
Change component parameters (AddParameter): Name = "Mounting"; Value = "SMT"; VariantName = "[No Variations]"
Change component parameters (AddParameter): Name = "Mouser"; Value = ""; VariantName = "[No Variations]"
Change component parameters (AddParameter): Name = "MP"; Value = ""; VariantName = "[No Variations]"
Change component parameters (AddParameter): Name = "My_P/N"; Value = ""; VariantName = "[No Variations]"
Change component parameters (AddParameter): Name = "My_PN"; Value = ""; VariantName = "[No Variations]"
Change component parameters (AddParameter): Name = "Package"; Value = ""; VariantName = "[No Variations]"
Change component parameters (AddParameter): Name = "Profusion"; Value = ""; VariantName = "[No Variations]"
Change component parameters (AddParameter): Name = "RS"; Value = ""; VariantName = "[No Variations]"
Change component parameters (AddParameter): Name = "Subcategory"; Value = "[0002] Capacitor"; VariantName = "[No Variations]"
Change component parameters (AddParameter): Name = "UA P/N"; Value = "16-0001"; VariantName = "[No Variations]"
Change component parameters (AddParameter): Name = "Unique ID"; Value = "118"; VariantName = "[No Variations]"
Change component parameters (AddParameter): Name = "Value"; Value = "100N"; VariantName = "[No Variations]"
Change component parameters: Designator = "C4" ("C4"); Footprint = "CAPC2012X60N"; UniqueID = "\VZELGGNM" ("\VZELGGNM")
Change component parameters (AddParameter): Name = "Arrow"; Value = ""; VariantName = "[No Variations]"
Change component parameters (AddParameter): Name = "Category"; Value = "[0000] Passive components"; VariantName = "[No Variations]"
Change component parameters (AddParameter): Name = "Cost"; Value = "0.0195"; VariantName = "[No Variations]"
Change component parameters (AddParameter): Name = "DigiKey"; Value = ""; VariantName = "[No Variations]"
Change component parameters (AddParameter): Name = "Farnell"; Value = "2408561"; VariantName = "[No Variations]"
Change component parameters (AddParameter): Name = "FootprintName"; Value = ""; VariantName = "[No Variations]"
Change component parameters (AddParameter): Name = "HelpURL"; Value = ""; VariantName = "[No Variations]"
Change component parameters (AddParameter): Name = "LCSC"; Value = ""; VariantName = "[No Variations]"
Change component parameters (AddParameter): Name = "LibraryVersion"; Value = "v1"; VariantName = "[No Variations]"
Change component parameters (AddParameter): Name = "MF"; Value = ""; VariantName = "[No Variations]"
Change component parameters (AddParameter): Name = "Mounting"; Value = "SMT"; VariantName = "[No Variations]"
Change component parameters (AddParameter): Name = "Mouser"; Value = ""; VariantName = "[No Variations]"
Change component parameters (AddParameter): Name = "MP"; Value = ""; VariantName = "[No Variations]"
Change component parameters (AddParameter): Name = "My_P/N"; Value = ""; VariantName = "[No Variations]"
Change component parameters (AddParameter): Name = "My_PN"; Value = ""; VariantName = "[No Variations]"
Change component parameters (AddParameter): Name = "Package"; Value = ""; VariantName = "[No Variations]"
Change component parameters (AddParameter): Name = "Profusion"; Value = ""; VariantName = "[No Variations]"
Change component parameters (AddParameter): Name = "RS"; Value = ""; VariantName = "[No Variations]"
Change component parameters (AddParameter): Name = "Subcategory"; Value = "[0002] Capacitor"; VariantName = "[No Variations]"
Change component parameters (AddParameter): Name = "UA P/N"; Value = "16-0001"; VariantName = "[No Variations]"
Change component parameters (AddParameter): Name = "Unique ID"; Value = "118"; VariantName = "[No Variations]"
Change component parameters (AddParameter): Name = "Value"; Value = "100N"; VariantName = "[No Variations]"
Change component parameters: Designator = "D1" ("D1"); Footprint = "SOT95P230X110-3N"; UniqueID = "\YLDYAQMV" ("\YLDYAQMV")
Change component parameters (AddParameter): Name = "Arrow"; Value = ""; VariantName = "[No Variations]"
Change component parameters (AddParameter): Name = "Category"; Value = "[0300] Discrete Semiconductors"; VariantName = "[No Variations]"
Change component parameters (AddParameter): Name = "ComponentLink1Description"; Value = "Web MF"; VariantName = "[No Variations]"
Change component parameters (AddParameter): Name = "ComponentLink1URL"; Value = "https://www.diodes.com"; VariantName = "[No Variations]"
Change component parameters (AddParameter): Name = "ComponentLink2Description"; Value = "Datasheet web"; VariantName = "[No Variations]"
Change component parameters (AddParameter): Name = "ComponentLink2URL"; Value = "https://pdf1.alldatasheet.com/datasheet-pdf/view/515456/DIODES/ZHCS1000TA.html"; VariantName = "[No Variations]"
Change component parameters (AddParameter): Name = "ComponentLink3Description"; Value = "Datasheet local"; VariantName = "[No Variations]"
Change component parameters (AddParameter): Name = "ComponentLink3URL"; Value = "/D/"; VariantName = "[No Variations]"
Change component parameters (AddParameter): Name = "Cost"; Value = "0.157"; VariantName = "[No Variations]"
Change component parameters (AddParameter): Name = "DigiKey"; Value = ""; VariantName = "[No Variations]"
Change component parameters (AddParameter): Name = "Farnell"; Value = "9526773"; VariantName = "[No Variations]"
Change component parameters (AddParameter): Name = "FootprintName"; Value = ""; VariantName = "[No Variations]"
Change component parameters (AddParameter): Name = "HelpURL"; Value = ""; VariantName = "[No Variations]"
Change component parameters (AddParameter): Name = "LCSC"; Value = ""; VariantName = "[No Variations]"
Change component parameters (AddParameter): Name = "LibraryVersion"; Value = "v1"; VariantName = "[No Variations]"
Change component parameters (AddParameter): Name = "MF"; Value = ""; VariantName = "[No Variations]"
Change component parameters (AddParameter): Name = "Mounting"; Value = "SMT"; VariantName = "[No Variations]"
Change component parameters (AddParameter): Name = "Mouser"; Value = ""; VariantName = "[No Variations]"
Change component parameters (AddParameter): Name = "MP"; Value = ""; VariantName = "[No Variations]"
Change component parameters (AddParameter): Name = "My_P/N"; Value = ""; VariantName = "[No Variations]"
Change component parameters (AddParameter): Name = "Package"; Value = ""; VariantName = "[No Variations]"
Change component parameters (AddParameter): Name = "Profusion"; Value = ""; VariantName = "[No Variations]"
Change component parameters (AddParameter): Name = "RS"; Value = ""; VariantName = "[No Variations]"
Change component parameters (AddParameter): Name = "Subcategory"; Value = "[0308] Schottky Diodes"; VariantName = "[No Variations]"
Change component parameters (AddParameter): Name = "UA P/N"; Value = "15-0119"; VariantName = "[No Variations]"
Change component parameters (AddParameter): Name = "Unique ID"; Value = "219"; VariantName = "[No Variations]"
Change component parameters (AddParameter): Name = "Value"; Value = "ZHCS1000TA"; VariantName = "[No Variations]"
Change component parameters: Designator = "J1" ("J1"); Footprint = "GCT_USB4110-GF-A_REVB"; UniqueID = "\DVUTTHHI" ("\DVUTTHHI")
Change component parameters (AddParameter): Name = "Arrow"; Value = ""; VariantName = "[No Variations]"
Change component parameters (AddParameter): Name = "Category"; Value = "[0500] Connectors"; VariantName = "[No Variations]"
Change component parameters (AddParameter): Name = "ComponentLink1Description"; Value = "Web MF"; VariantName = "[No Variations]"
Change component parameters (AddParameter): Name = "ComponentLink1URL"; Value = "https://gct.co"; VariantName = "[No Variations]"
Change component parameters (AddParameter): Name = "ComponentLink2Description"; Value = "Datasheet web"; VariantName = "[No Variations]"
Change component parameters (AddParameter): Name = "ComponentLink2URL"; Value = "https://pdf1.alldatasheet.com/datasheet-pdf/view/1355856/ETC/USB4110-GF-A.html"; VariantName = "[No Variations]"
Change component parameters (AddParameter): Name = "ComponentLink3Description"; Value = "Datasheet local"; VariantName = "[No Variations]"
Change component parameters (AddParameter): Name = "ComponentLink3URL"; Value = "/D/"; VariantName = "[No Variations]"
Change component parameters (AddParameter): Name = "Cost"; Value = "0.662"; VariantName = "[No Variations]"
Change component parameters (AddParameter): Name = "DigiKey"; Value = ""; VariantName = "[No Variations]"
Change component parameters (AddParameter): Name = "Farnell"; Value = "3588206"; VariantName = "[No Variations]"
Change component parameters (AddParameter): Name = "FootprintName"; Value = ""; VariantName = "[No Variations]"
Change component parameters (AddParameter): Name = "HelpURL"; Value = ""; VariantName = "[No Variations]"
Change component parameters (AddParameter): Name = "LCSC"; Value = ""; VariantName = "[No Variations]"
Change component parameters (AddParameter): Name = "LibraryVersion"; Value = "V1"; VariantName = "[No Variations]"
Change component parameters (AddParameter): Name = "MF"; Value = ""; VariantName = "[No Variations]"
Change component parameters (AddParameter): Name = "Mounting"; Value = "SMD"; VariantName = "[No Variations]"
Change component parameters (AddParameter): Name = "Mouser"; Value = ""; VariantName = "[No Variations]"
Change component parameters (AddParameter): Name = "MP"; Value = ""; VariantName = "[No Variations]"
Change component parameters (AddParameter): Name = "My_P/N"; Value = ""; VariantName = "[No Variations]"
Change component parameters (AddParameter): Name = "Package"; Value = ""; VariantName = "[No Variations]"
Change component parameters (AddParameter): Name = "Profusion"; Value = ""; VariantName = "[No Variations]"
Change component parameters (AddParameter): Name = "RS"; Value = ""; VariantName = "[No Variations]"
Change component parameters (AddParameter): Name = "Subcategory"; Value = "[0502] USB connectors"; VariantName = "[No Variations]"
Change component parameters (AddParameter): Name = "UA P/N"; Value = "112-0099"; VariantName = "[No Variations]"
Change component parameters (AddParameter): Name = "Unique ID"; Value = "399"; VariantName = "[No Variations]"
Change component parameters (AddParameter): Name = "Value"; Value = "USB"; VariantName = "[No Variations]"
Change component parameters: Designator = "LED1" ("LED1"); Footprint = "LEDSC220X200X190-4"; UniqueID = "\KBVLENUV" ("\KBVLENUV")
Change component parameters (AddParameter): Name = "Arrow"; Value = ""; VariantName = "[No Variations]"
Change component parameters (AddParameter): Name = "Availability"; Value = "Unavailable"; VariantName = "[No Variations]"
Change component parameters (AddParameter): Name = "Category"; Value = "[0400] Optoelectronics"; VariantName = "[No Variations]"
Change component parameters (AddParameter): Name = "Cost"; Value = "0"; VariantName = "[No Variations]"
Change component parameters (AddParameter): Name = "DigiKey"; Value = ""; VariantName = "[No Variations]"
Change component parameters (AddParameter): Name = "Farnell"; Value = ""; VariantName = "[No Variations]"
Change component parameters (AddParameter): Name = "FootprintName"; Value = ""; VariantName = "[No Variations]"
Change component parameters (AddParameter): Name = "HelpURL"; Value = ""; VariantName = "[No Variations]"
Change component parameters (AddParameter): Name = "LCSC"; Value = ""; VariantName = "[No Variations]"
Change component parameters (AddParameter): Name = "LibraryVersion"; Value = "v1"; VariantName = "[No Variations]"
Change component parameters (AddParameter): Name = "MF"; Value = ""; VariantName = "[No Variations]"
Change component parameters (AddParameter): Name = "Mounting"; Value = "SMT"; VariantName = "[No Variations]"
Change component parameters (AddParameter): Name = "Mouser"; Value = ""; VariantName = "[No Variations]"
Change component parameters (AddParameter): Name = "MP"; Value = ""; VariantName = "[No Variations]"
Change component parameters (AddParameter): Name = "My_P/N"; Value = ""; VariantName = "[No Variations]"
Change component parameters (AddParameter): Name = "Package"; Value = ""; VariantName = "[No Variations]"
Change component parameters (AddParameter): Name = "Price"; Value = "None"; VariantName = "[No Variations]"
Change component parameters (AddParameter): Name = "Profusion"; Value = ""; VariantName = "[No Variations]"
Change component parameters (AddParameter): Name = "RS"; Value = ""; VariantName = "[No Variations]"
Change component parameters (AddParameter): Name = "SnapEDA_Link"; Value = "https://www.snapeda.com/parts/ASMB-KTF0-0A306/Broadcom%20Limited/view-part/2703546/?ref=snap"; VariantName = "[No Variations]"
Change component parameters (AddParameter): Name = "Subcategory"; Value = "[0401] LEDs"; VariantName = "[No Variations]"
Change component parameters (AddParameter): Name = "UA P/N"; Value = ""; VariantName = "[No Variations]"
Change component parameters (AddParameter): Name = "Unique ID"; Value = "557"; VariantName = "[No Variations]"
Change component parameters (AddParameter): Name = "Value"; Value = "LED RGB"; VariantName = "[No Variations]"
Change component parameters: Designator = "Motor+" ("Motor+"); Footprint = "P200X100H90L100H50"; UniqueID = "\GFANYPPR" ("\GFANYPPR")
Change component parameters (AddParameter): Name = "Arrow"; Value = ""; VariantName = "[No Variations]"
Change component parameters (AddParameter): Name = "Category"; Value = "[0500] Connectors"; VariantName = "[No Variations]"
Change component parameters (AddParameter): Name = "Cost"; Value = ""; VariantName = "[No Variations]"
Change component parameters (AddParameter): Name = "DigiKey"; Value = ""; VariantName = "[No Variations]"
Change component parameters (AddParameter): Name = "Farnell"; Value = "P50-H-120-G"; VariantName = "[No Variations]"
Change component parameters (AddParameter): Name = "FootprintName"; Value = ""; VariantName = "[No Variations]"
Change component parameters (AddParameter): Name = "HelpURL"; Value = ""; VariantName = "[No Variations]"
Change component parameters (AddParameter): Name = "LCSC"; Value = ""; VariantName = "[No Variations]"
Change component parameters (AddParameter): Name = "LibraryVersion"; Value = ""; VariantName = "[No Variations]"
Change component parameters (AddParameter): Name = "MF"; Value = ""; VariantName = "[No Variations]"
Change component parameters (AddParameter): Name = "Mounting"; Value = ""; VariantName = "[No Variations]"
Change component parameters (AddParameter): Name = "Mouser"; Value = ""; VariantName = "[No Variations]"
Change component parameters (AddParameter): Name = "MP"; Value = ""; VariantName = "[No Variations]"
Change component parameters (AddParameter): Name = "My_P/N"; Value = ""; VariantName = "[No Variations]"
Change component parameters (AddParameter): Name = "Package"; Value = ""; VariantName = "[No Variations]"
Change component parameters (AddParameter): Name = "Profusion"; Value = ""; VariantName = "[No Variations]"
Change component parameters (AddParameter): Name = "RS"; Value = ""; VariantName = "[No Variations]"
Change component parameters (AddParameter): Name = "Subcategory"; Value = "[0510] Test pins"; VariantName = "[No Variations]"
Change component parameters (AddParameter): Name = "UA P/N"; Value = ""; VariantName = "[No Variations]"
Change component parameters (AddParameter): Name = "Unique ID"; Value = "509"; VariantName = "[No Variations]"
Change component parameters (AddParameter): Name = "Value"; Value = "TESTPINT"; VariantName = "[No Variations]"
Change component parameters: Designator = "Motor-" ("Motor-"); Footprint = "P200X100H90L100H50"; UniqueID = "\JMRPVRVS" ("\JMRPVRVS")
Change component parameters (AddParameter): Name = "Arrow"; Value = ""; VariantName = "[No Variations]"
Change component parameters (AddParameter): Name = "Category"; Value = "[0500] Connectors"; VariantName = "[No Variations]"
Change component parameters (AddParameter): Name = "Cost"; Value = ""; VariantName = "[No Variations]"
Change component parameters (AddParameter): Name = "DigiKey"; Value = ""; VariantName = "[No Variations]"
Change component parameters (AddParameter): Name = "Farnell"; Value = "P50-H-120-G"; VariantName = "[No Variations]"
Change component parameters (AddParameter): Name = "FootprintName"; Value = ""; VariantName = "[No Variations]"
Change component parameters (AddParameter): Name = "HelpURL"; Value = ""; VariantName = "[No Variations]"
Change component parameters (AddParameter): Name = "LCSC"; Value = ""; VariantName = "[No Variations]"
Change component parameters (AddParameter): Name = "LibraryVersion"; Value = ""; VariantName = "[No Variations]"
Change component parameters (AddParameter): Name = "MF"; Value = ""; VariantName = "[No Variations]"
Change component parameters (AddParameter): Name = "Mounting"; Value = ""; VariantName = "[No Variations]"
Change component parameters (AddParameter): Name = "Mouser"; Value = ""; VariantName = "[No Variations]"
Change component parameters (AddParameter): Name = "MP"; Value = ""; VariantName = "[No Variations]"
Change component parameters (AddParameter): Name = "My_P/N"; Value = ""; VariantName = "[No Variations]"
Change component parameters (AddParameter): Name = "Package"; Value = ""; VariantName = "[No Variations]"
Change component parameters (AddParameter): Name = "Profusion"; Value = ""; VariantName = "[No Variations]"
Change component parameters (AddParameter): Name = "RS"; Value = ""; VariantName = "[No Variations]"
Change component parameters (AddParameter): Name = "Subcategory"; Value = "[0510] Test pins"; VariantName = "[No Variations]"
Change component parameters (AddParameter): Name = "UA P/N"; Value = ""; VariantName = "[No Variations]"
Change component parameters (AddParameter): Name = "Unique ID"; Value = "509"; VariantName = "[No Variations]"
Change component parameters (AddParameter): Name = "Value"; Value = "TESTPINT"; VariantName = "[No Variations]"
Change component parameters: Designator = "Q1" ("Q1"); Footprint = "SOT91P240X110-3N"; UniqueID = "\GHXSQULS" ("\GHXSQULS")
Change component parameters (AddParameter): Name = "Arrow"; Value = ""; VariantName = "[No Variations]"
Change component parameters (AddParameter): Name = "Category"; Value = "[0300] Discrete Semiconductors"; VariantName = "[No Variations]"
Change component parameters (AddParameter): Name = "ComponentLink1Description"; Value = "Web MF"; VariantName = "[No Variations]"
Change component parameters (AddParameter): Name = "ComponentLink1URL"; Value = "https://www.diodes.com"; VariantName = "[No Variations]"
Change component parameters (AddParameter): Name = "ComponentLink2Description"; Value = "Datasheet web"; VariantName = "[No Variations]"
Change component parameters (AddParameter): Name = "ComponentLink2URL"; Value = "https://html.alldatasheet.com/html-pdf/833068/DIODES/DMP1045U/217/1/DMP1045U.html"; VariantName = "[No Variations]"
Change component parameters (AddParameter): Name = "ComponentLink3Description"; Value = "Datasheet local"; VariantName = "[No Variations]"
Change component parameters (AddParameter): Name = "ComponentLink3URL"; Value = "/D/"; VariantName = "[No Variations]"
Change component parameters (AddParameter): Name = "Cost"; Value = "0"; VariantName = "[No Variations]"
Change component parameters (AddParameter): Name = "DigiKey"; Value = ""; VariantName = "[No Variations]"
Change component parameters (AddParameter): Name = "Farnell"; Value = ""; VariantName = "[No Variations]"
Change component parameters (AddParameter): Name = "FootprintName"; Value = ""; VariantName = "[No Variations]"
Change component parameters (AddParameter): Name = "HelpURL"; Value = ""; VariantName = "[No Variations]"
Change component parameters (AddParameter): Name = "LCSC"; Value = ""; VariantName = "[No Variations]"
Change component parameters (AddParameter): Name = "LibraryVersion"; Value = "V1"; VariantName = "[No Variations]"
Change component parameters (AddParameter): Name = "MF"; Value = ""; VariantName = "[No Variations]"
Change component parameters (AddParameter): Name = "Mounting"; Value = "SMT"; VariantName = "[No Variations]"
Change component parameters (AddParameter): Name = "Mouser"; Value = ""; VariantName = "[No Variations]"
Change component parameters (AddParameter): Name = "MP"; Value = ""; VariantName = "[No Variations]"
Change component parameters (AddParameter): Name = "My_P/N"; Value = ""; VariantName = "[No Variations]"
Change component parameters (AddParameter): Name = "Package"; Value = ""; VariantName = "[No Variations]"
Change component parameters (AddParameter): Name = "Profusion"; Value = ""; VariantName = "[No Variations]"
Change component parameters (AddParameter): Name = "RS"; Value = ""; VariantName = "[No Variations]"
Change component parameters (AddParameter): Name = "Subcategory"; Value = "[0303] MOSFETs"; VariantName = "[No Variations]"
Change component parameters (AddParameter): Name = "UA P/N"; Value = ""; VariantName = "[No Variations]"
Change component parameters (AddParameter): Name = "Unique ID"; Value = "527"; VariantName = "[No Variations]"
Change component parameters (AddParameter): Name = "Value"; Value = ""; VariantName = "[No Variations]"
Change component parameters: Designator = "Q2" ("Q2"); Footprint = "SOT91P240X110-3N"; UniqueID = "\LAYBPEXZ" ("\LAYBPEXZ")
Change component parameters (AddParameter): Name = "Arrow"; Value = ""; VariantName = "[No Variations]"
Change component parameters (AddParameter): Name = "Category"; Value = "[0300] Discrete Semiconductors"; VariantName = "[No Variations]"
Change component parameters (AddParameter): Name = "ComponentLink1Description"; Value = "Web MF"; VariantName = "[No Variations]"
Change component parameters (AddParameter): Name = "ComponentLink1URL"; Value = "https://www.diodes.com"; VariantName = "[No Variations]"
Change component parameters (AddParameter): Name = "ComponentLink2Description"; Value = "Datasheet web"; VariantName = "[No Variations]"
Change component parameters (AddParameter): Name = "ComponentLink2URL"; Value = "https://html.alldatasheet.com/html-pdf/833068/DIODES/DMP1045U/217/1/DMP1045U.html"; VariantName = "[No Variations]"
Change component parameters (AddParameter): Name = "ComponentLink3Description"; Value = "Datasheet local"; VariantName = "[No Variations]"
Change component parameters (AddParameter): Name = "ComponentLink3URL"; Value = "/D/"; VariantName = "[No Variations]"
Change component parameters (AddParameter): Name = "Cost"; Value = "0"; VariantName = "[No Variations]"
Change component parameters (AddParameter): Name = "DigiKey"; Value = ""; VariantName = "[No Variations]"
Change component parameters (AddParameter): Name = "Farnell"; Value = ""; VariantName = "[No Variations]"
Change component parameters (AddParameter): Name = "FootprintName"; Value = ""; VariantName = "[No Variations]"
Change component parameters (AddParameter): Name = "HelpURL"; Value = ""; VariantName = "[No Variations]"
Change component parameters (AddParameter): Name = "LCSC"; Value = ""; VariantName = "[No Variations]"
Change component parameters (AddParameter): Name = "LibraryVersion"; Value = "V1"; VariantName = "[No Variations]"
Change component parameters (AddParameter): Name = "MF"; Value = ""; VariantName = "[No Variations]"
Change component parameters (AddParameter): Name = "Mounting"; Value = "SMT"; VariantName = "[No Variations]"
Change component parameters (AddParameter): Name = "Mouser"; Value = ""; VariantName = "[No Variations]"
Change component parameters (AddParameter): Name = "MP"; Value = ""; VariantName = "[No Variations]"
Change component parameters (AddParameter): Name = "My_P/N"; Value = ""; VariantName = "[No Variations]"
Change component parameters (AddParameter): Name = "Package"; Value = ""; VariantName = "[No Variations]"
Change component parameters (AddParameter): Name = "Profusion"; Value = ""; VariantName = "[No Variations]"
Change component parameters (AddParameter): Name = "RS"; Value = ""; VariantName = "[No Variations]"
Change component parameters (AddParameter): Name = "Subcategory"; Value = "[0303] MOSFETs"; VariantName = "[No Variations]"
Change component parameters (AddParameter): Name = "UA P/N"; Value = ""; VariantName = "[No Variations]"
Change component parameters (AddParameter): Name = "Unique ID"; Value = "527"; VariantName = "[No Variations]"
Change component parameters (AddParameter): Name = "Value"; Value = ""; VariantName = "[No Variations]"
Change component parameters: Designator = "Q3" ("Q3"); Footprint = "SOT95P280X145-6N"; UniqueID = "\BIFVFIUP" ("\BIFVFIUP")
Change component parameters (AddParameter): Name = "Arrow"; Value = ""; VariantName = "[No Variations]"
Change component parameters (AddParameter): Name = "ComponentLink1Description"; Value = "Web MF"; VariantName = "[No Variations]"
Change component parameters (AddParameter): Name = "ComponentLink1URL"; Value = "http://forsemi.com"; VariantName = "[No Variations]"
Change component parameters (AddParameter): Name = "ComponentLink2Description"; Value = "Datasheet web"; VariantName = "[No Variations]"
Change component parameters (AddParameter): Name = "ComponentLink2URL"; Value = "https://pdf1.alldatasheet.com/datasheet-pdf/view/1132762/FORTUNE/FS8205A.html"; VariantName = "[No Variations]"
Change component parameters (AddParameter): Name = "ComponentLink3Description"; Value = "Datasheet local"; VariantName = "[No Variations]"
Change component parameters (AddParameter): Name = "ComponentLink3URL"; Value = "/D/"; VariantName = "[No Variations]"
Change component parameters (AddParameter): Name = "DigiKey"; Value = ""; VariantName = "[No Variations]"
Change component parameters (AddParameter): Name = "Farnell"; Value = ""; VariantName = "[No Variations]"
Change component parameters (AddParameter): Name = "FootprintName"; Value = ""; VariantName = "[No Variations]"
Change component parameters (AddParameter): Name = "HelpURL"; Value = "http://forsemi.com"; VariantName = "[No Variations]"
Change component parameters (AddParameter): Name = "LCSC"; Value = ""; VariantName = "[No Variations]"
Change component parameters (AddParameter): Name = "MF"; Value = ""; VariantName = "[No Variations]"
Change component parameters (AddParameter): Name = "Mounting"; Value = "SMT"; VariantName = "[No Variations]"
Change component parameters (AddParameter): Name = "Mouser"; Value = ""; VariantName = "[No Variations]"
Change component parameters (AddParameter): Name = "MP"; Value = "FS8205A"; VariantName = "[No Variations]"
Change component parameters (AddParameter): Name = "My_P/N"; Value = ""; VariantName = "[No Variations]"
Change component parameters (AddParameter): Name = "Package"; Value = "SOT95P280X145-6N"; VariantName = "[No Variations]"
Change component parameters (AddParameter): Name = "Profusion"; Value = ""; VariantName = "[No Variations]"
Change component parameters (AddParameter): Name = "RS"; Value = ""; VariantName = "[No Variations]"
Change component parameters (AddParameter): Name = "UA P/N"; Value = "15-0xxx"; VariantName = "[No Variations]"
Change component parameters (AddParameter): Name = "Value"; Value = "FS8205"; VariantName = "[No Variations]"
Change component parameters: Designator = "Q4" ("Q4"); Footprint = "SOT95P280X145-6N"; UniqueID = "\OIOZBYEG" ("\OIOZBYEG")
Change component parameters (AddParameter): Name = "Arrow"; Value = ""; VariantName = "[No Variations]"
Change component parameters (AddParameter): Name = "ComponentLink1Description"; Value = "Web MF"; VariantName = "[No Variations]"
Change component parameters (AddParameter): Name = "ComponentLink1URL"; Value = "http://forsemi.com"; VariantName = "[No Variations]"
Change component parameters (AddParameter): Name = "ComponentLink2Description"; Value = "Datasheet web"; VariantName = "[No Variations]"
Change component parameters (AddParameter): Name = "ComponentLink2URL"; Value = "https://pdf1.alldatasheet.com/datasheet-pdf/view/1132762/FORTUNE/FS8205A.html"; VariantName = "[No Variations]"
Change component parameters (AddParameter): Name = "ComponentLink3Description"; Value = "Datasheet local"; VariantName = "[No Variations]"
Change component parameters (AddParameter): Name = "ComponentLink3URL"; Value = "/D/"; VariantName = "[No Variations]"
Change component parameters (AddParameter): Name = "DigiKey"; Value = ""; VariantName = "[No Variations]"
Change component parameters (AddParameter): Name = "Farnell"; Value = ""; VariantName = "[No Variations]"
Change component parameters (AddParameter): Name = "FootprintName"; Value = ""; VariantName = "[No Variations]"
Change component parameters (AddParameter): Name = "HelpURL"; Value = "http://forsemi.com"; VariantName = "[No Variations]"
Change component parameters (AddParameter): Name = "LCSC"; Value = ""; VariantName = "[No Variations]"
Change component parameters (AddParameter): Name = "MF"; Value = ""; VariantName = "[No Variations]"
Change component parameters (AddParameter): Name = "Mounting"; Value = "SMT"; VariantName = "[No Variations]"
Change component parameters (AddParameter): Name = "Mouser"; Value = ""; VariantName = "[No Variations]"
Change component parameters (AddParameter): Name = "MP"; Value = "FS8205A"; VariantName = "[No Variations]"
Change component parameters (AddParameter): Name = "My_P/N"; Value = ""; VariantName = "[No Variations]"
Change component parameters (AddParameter): Name = "Package"; Value = "SOT95P280X145-6N"; VariantName = "[No Variations]"
Change component parameters (AddParameter): Name = "Profusion"; Value = ""; VariantName = "[No Variations]"
Change component parameters (AddParameter): Name = "RS"; Value = ""; VariantName = "[No Variations]"
Change component parameters (AddParameter): Name = "UA P/N"; Value = "15-0xxx"; VariantName = "[No Variations]"
Change component parameters (AddParameter): Name = "Value"; Value = "FS8205"; VariantName = "[No Variations]"
Change component parameters: Designator = "R1" ("R1"); Footprint = "RESC2012X60N"; UniqueID = "\QDOKNFMZ" ("\QDOKNFMZ")
Change component parameters (AddParameter): Name = "Arrow"; Value = ""; VariantName = "[No Variations]"
Change component parameters (AddParameter): Name = "Category"; Value = "[0000] Passive components"; VariantName = "[No Variations]"
Change component parameters (AddParameter): Name = "Cost"; Value = "0.00214"; VariantName = "[No Variations]"
Change component parameters (AddParameter): Name = "DigiKey"; Value = ""; VariantName = "[No Variations]"
Change component parameters (AddParameter): Name = "Farnell"; Value = "2446904"; VariantName = "[No Variations]"
Change component parameters (AddParameter): Name = "FootprintName"; Value = ""; VariantName = "[No Variations]"
Change component parameters (AddParameter): Name = "HelpURL"; Value = ""; VariantName = "[No Variations]"
Change component parameters (AddParameter): Name = "LCSC"; Value = ""; VariantName = "[No Variations]"
Change component parameters (AddParameter): Name = "LibraryVersion"; Value = "v1"; VariantName = "[No Variations]"
Change component parameters (AddParameter): Name = "MF"; Value = ""; VariantName = "[No Variations]"
Change component parameters (AddParameter): Name = "Mounting"; Value = "SMT"; VariantName = "[No Variations]"
Change component parameters (AddParameter): Name = "Mouser"; Value = ""; VariantName = "[No Variations]"
Change component parameters (AddParameter): Name = "MP"; Value = ""; VariantName = "[No Variations]"
Change component parameters (AddParameter): Name = "My_P/N"; Value = ""; VariantName = "[No Variations]"
Change component parameters (AddParameter): Name = "My_PN"; Value = ""; VariantName = "[No Variations]"
Change component parameters (AddParameter): Name = "Package"; Value = ""; VariantName = "[No Variations]"
Change component parameters (AddParameter): Name = "Profusion"; Value = ""; VariantName = "[No Variations]"
Change component parameters (AddParameter): Name = "RS"; Value = ""; VariantName = "[No Variations]"
Change component parameters (AddParameter): Name = "Subcategory"; Value = "[0001] Resistor"; VariantName = "[No Variations]"
Change component parameters (AddParameter): Name = "UA P/N"; Value = "13-0022"; VariantName = "[No Variations]"
Change component parameters (AddParameter): Name = "Unique ID"; Value = "21"; VariantName = "[No Variations]"
Change component parameters (AddParameter): Name = "Value"; Value = "1K0"; VariantName = "[No Variations]"
Change component parameters: Designator = "R2" ("R2"); Footprint = "RESC2012X60N"; UniqueID = "\UTWJQZIT" ("\UTWJQZIT")
Change component parameters (AddParameter): Name = "Arrow"; Value = ""; VariantName = "[No Variations]"
Change component parameters (AddParameter): Name = "Category"; Value = "[0000] Passive components"; VariantName = "[No Variations]"
Change component parameters (AddParameter): Name = "Cost"; Value = "0.00214"; VariantName = "[No Variations]"
Change component parameters (AddParameter): Name = "DigiKey"; Value = ""; VariantName = "[No Variations]"
Change component parameters (AddParameter): Name = "Farnell"; Value = "2446904"; VariantName = "[No Variations]"
Change component parameters (AddParameter): Name = "FootprintName"; Value = ""; VariantName = "[No Variations]"
Change component parameters (AddParameter): Name = "HelpURL"; Value = ""; VariantName = "[No Variations]"
Change component parameters (AddParameter): Name = "LCSC"; Value = ""; VariantName = "[No Variations]"
Change component parameters (AddParameter): Name = "LibraryVersion"; Value = "v1"; VariantName = "[No Variations]"
Change component parameters (AddParameter): Name = "MF"; Value = ""; VariantName = "[No Variations]"
Change component parameters (AddParameter): Name = "Mounting"; Value = "SMT"; VariantName = "[No Variations]"
Change component parameters (AddParameter): Name = "Mouser"; Value = ""; VariantName = "[No Variations]"
Change component parameters (AddParameter): Name = "MP"; Value = ""; VariantName = "[No Variations]"
Change component parameters (AddParameter): Name = "My_P/N"; Value = ""; VariantName = "[No Variations]"
Change component parameters (AddParameter): Name = "My_PN"; Value = ""; VariantName = "[No Variations]"
Change component parameters (AddParameter): Name = "Package"; Value = ""; VariantName = "[No Variations]"
Change component parameters (AddParameter): Name = "Profusion"; Value = ""; VariantName = "[No Variations]"
Change component parameters (AddParameter): Name = "RS"; Value = ""; VariantName = "[No Variations]"
Change component parameters (AddParameter): Name = "Subcategory"; Value = "[0001] Resistor"; VariantName = "[No Variations]"
Change component parameters (AddParameter): Name = "UA P/N"; Value = "13-0022"; VariantName = "[No Variations]"
Change component parameters (AddParameter): Name = "Unique ID"; Value = "21"; VariantName = "[No Variations]"
Change component parameters (AddParameter): Name = "Value"; Value = "1K0"; VariantName = "[No Variations]"
Change component parameters: Designator = "R3" ("R3"); Footprint = "RESC2012X60N"; UniqueID = "\EMCFGFRY" ("\EMCFGFRY")
Change component parameters (AddParameter): Name = "Arrow"; Value = ""; VariantName = "[No Variations]"
Change component parameters (AddParameter): Name = "Category"; Value = "[0000] Passive components"; VariantName = "[No Variations]"
Change component parameters (AddParameter): Name = "Cost"; Value = "0.00214"; VariantName = "[No Variations]"
Change component parameters (AddParameter): Name = "DigiKey"; Value = ""; VariantName = "[No Variations]"
Change component parameters (AddParameter): Name = "Farnell"; Value = "2446904"; VariantName = "[No Variations]"
Change component parameters (AddParameter): Name = "FootprintName"; Value = ""; VariantName = "[No Variations]"
Change component parameters (AddParameter): Name = "HelpURL"; Value = ""; VariantName = "[No Variations]"
Change component parameters (AddParameter): Name = "LCSC"; Value = ""; VariantName = "[No Variations]"
Change component parameters (AddParameter): Name = "LibraryVersion"; Value = "v1"; VariantName = "[No Variations]"
Change component parameters (AddParameter): Name = "MF"; Value = ""; VariantName = "[No Variations]"
Change component parameters (AddParameter): Name = "Mounting"; Value = "SMT"; VariantName = "[No Variations]"
Change component parameters (AddParameter): Name = "Mouser"; Value = ""; VariantName = "[No Variations]"
Change component parameters (AddParameter): Name = "MP"; Value = ""; VariantName = "[No Variations]"
Change component parameters (AddParameter): Name = "My_P/N"; Value = ""; VariantName = "[No Variations]"
Change component parameters (AddParameter): Name = "My_PN"; Value = ""; VariantName = "[No Variations]"
Change component parameters (AddParameter): Name = "Package"; Value = ""; VariantName = "[No Variations]"
Change component parameters (AddParameter): Name = "Profusion"; Value = ""; VariantName = "[No Variations]"
Change component parameters (AddParameter): Name = "RS"; Value = ""; VariantName = "[No Variations]"
Change component parameters (AddParameter): Name = "Subcategory"; Value = "[0001] Resistor"; VariantName = "[No Variations]"
Change component parameters (AddParameter): Name = "UA P/N"; Value = "13-0022"; VariantName = "[No Variations]"
Change component parameters (AddParameter): Name = "Unique ID"; Value = "21"; VariantName = "[No Variations]"
Change component parameters (AddParameter): Name = "Value"; Value = "1K0"; VariantName = "[No Variations]"
Change component parameters: Designator = "R4" ("R4"); Footprint = "RESC2012X60N"; UniqueID = "\AVUDXDCV" ("\AVUDXDCV")
Change component parameters (AddParameter): Name = "Arrow"; Value = ""; VariantName = "[No Variations]"
Change component parameters (AddParameter): Name = "Category"; Value = "[0000] Passive components"; VariantName = "[No Variations]"
Change component parameters (AddParameter): Name = "Cost"; Value = "0.00352"; VariantName = "[No Variations]"
Change component parameters (AddParameter): Name = "DigiKey"; Value = ""; VariantName = "[No Variations]"
Change component parameters (AddParameter): Name = "Farnell"; Value = "2446906"; VariantName = "[No Variations]"
Change component parameters (AddParameter): Name = "FootprintName"; Value = ""; VariantName = "[No Variations]"
Change component parameters (AddParameter): Name = "HelpURL"; Value = ""; VariantName = "[No Variations]"
Change component parameters (AddParameter): Name = "LCSC"; Value = ""; VariantName = "[No Variations]"
Change component parameters (AddParameter): Name = "LibraryVersion"; Value = "v1"; VariantName = "[No Variations]"
Change component parameters (AddParameter): Name = "MF"; Value = ""; VariantName = "[No Variations]"
Change component parameters (AddParameter): Name = "Mounting"; Value = "SMT"; VariantName = "[No Variations]"
Change component parameters (AddParameter): Name = "Mouser"; Value = ""; VariantName = "[No Variations]"
Change component parameters (AddParameter): Name = "MP"; Value = ""; VariantName = "[No Variations]"
Change component parameters (AddParameter): Name = "My_P/N"; Value = ""; VariantName = "[No Variations]"
Change component parameters (AddParameter): Name = "My_PN"; Value = ""; VariantName = "[No Variations]"
Change component parameters (AddParameter): Name = "Package"; Value = ""; VariantName = "[No Variations]"
Change component parameters (AddParameter): Name = "Profusion"; Value = ""; VariantName = "[No Variations]"
Change component parameters (AddParameter): Name = "RS"; Value = ""; VariantName = "[No Variations]"
Change component parameters (AddParameter): Name = "Subcategory"; Value = "[0001] Resistor"; VariantName = "[No Variations]"
Change component parameters (AddParameter): Name = "UA P/N"; Value = "13-0024"; VariantName = "[No Variations]"
Change component parameters (AddParameter): Name = "Unique ID"; Value = "23"; VariantName = "[No Variations]"
Change component parameters (AddParameter): Name = "Value"; Value = "1K2"; VariantName = "[No Variations]"
Change component parameters: Designator = "R5" ("R5"); Footprint = "RESC2012X60N"; UniqueID = "\ZSORCZUB" ("\ZSORCZUB")
Change component parameters (AddParameter): Name = "Arrow"; Value = ""; VariantName = "[No Variations]"
Change component parameters (AddParameter): Name = "Category"; Value = "[0000] Passive components"; VariantName = "[No Variations]"
Change component parameters (AddParameter): Name = "Cost"; Value = "0.0014"; VariantName = "[No Variations]"
Change component parameters (AddParameter): Name = "DigiKey"; Value = ""; VariantName = "[No Variations]"
Change component parameters (AddParameter): Name = "Farnell"; Value = "2446870"; VariantName = "[No Variations]"
Change component parameters (AddParameter): Name = "FootprintName"; Value = ""; VariantName = "[No Variations]"
Change component parameters (AddParameter): Name = "HelpURL"; Value = ""; VariantName = "[No Variations]"
Change component parameters (AddParameter): Name = "LCSC"; Value = ""; VariantName = "[No Variations]"
Change component parameters (AddParameter): Name = "LibraryVersion"; Value = "v1"; VariantName = "[No Variations]"
Change component parameters (AddParameter): Name = "MF"; Value = ""; VariantName = "[No Variations]"
Change component parameters (AddParameter): Name = "Mounting"; Value = "SMT"; VariantName = "[No Variations]"
Change component parameters (AddParameter): Name = "Mouser"; Value = ""; VariantName = "[No Variations]"
Change component parameters (AddParameter): Name = "MP"; Value = ""; VariantName = "[No Variations]"
Change component parameters (AddParameter): Name = "My_P/N"; Value = ""; VariantName = "[No Variations]"
Change component parameters (AddParameter): Name = "My_PN"; Value = ""; VariantName = "[No Variations]"
Change component parameters (AddParameter): Name = "Package"; Value = ""; VariantName = "[No Variations]"
Change component parameters (AddParameter): Name = "Profusion"; Value = ""; VariantName = "[No Variations]"
Change component parameters (AddParameter): Name = "RS"; Value = ""; VariantName = "[No Variations]"
Change component parameters (AddParameter): Name = "Subcategory"; Value = "[0001] Resistor"; VariantName = "[No Variations]"
Change component parameters (AddParameter): Name = "UA P/N"; Value = "13-0007"; VariantName = "[No Variations]"
Change component parameters (AddParameter): Name = "Unique ID"; Value = "6"; VariantName = "[No Variations]"
Change component parameters (AddParameter): Name = "Value"; Value = "10K"; VariantName = "[No Variations]"
Change component parameters: Designator = "R6" ("R6"); Footprint = "RESC2012X60N"; UniqueID = "\PJVYBMUP" ("\PJVYBMUP")
Change component parameters (AddParameter): Name = "Arrow"; Value = ""; VariantName = "[No Variations]"
Change component parameters (AddParameter): Name = "Category"; Value = "[0000] Passive components"; VariantName = "[No Variations]"
Change component parameters (AddParameter): Name = "Cost"; Value = "0.00176"; VariantName = "[No Variations]"
Change component parameters (AddParameter): Name = "DigiKey"; Value = ""; VariantName = "[No Variations]"
Change component parameters (AddParameter): Name = "Farnell"; Value = "2447009"; VariantName = "[No Variations]"
Change component parameters (AddParameter): Name = "FootprintName"; Value = ""; VariantName = "[No Variations]"
Change component parameters (AddParameter): Name = "HelpURL"; Value = ""; VariantName = "[No Variations]"
Change component parameters (AddParameter): Name = "LCSC"; Value = ""; VariantName = "[No Variations]"
Change component parameters (AddParameter): Name = "LibraryVersion"; Value = "v1"; VariantName = "[No Variations]"
Change component parameters (AddParameter): Name = "MF"; Value = ""; VariantName = "[No Variations]"
Change component parameters (AddParameter): Name = "Mounting"; Value = "SMT"; VariantName = "[No Variations]"
Change component parameters (AddParameter): Name = "Mouser"; Value = ""; VariantName = "[No Variations]"
Change component parameters (AddParameter): Name = "MP"; Value = ""; VariantName = "[No Variations]"
Change component parameters (AddParameter): Name = "My_P/N"; Value = ""; VariantName = "[No Variations]"
Change component parameters (AddParameter): Name = "My_PN"; Value = ""; VariantName = "[No Variations]"
Change component parameters (AddParameter): Name = "Package"; Value = ""; VariantName = "[No Variations]"
Change component parameters (AddParameter): Name = "Profusion"; Value = ""; VariantName = "[No Variations]"
Change component parameters (AddParameter): Name = "RS"; Value = ""; VariantName = "[No Variations]"
Change component parameters (AddParameter): Name = "Subcategory"; Value = "[0001] Resistor"; VariantName = "[No Variations]"
Change component parameters (AddParameter): Name = "UA P/N"; Value = "13-0111"; VariantName = "[No Variations]"
Change component parameters (AddParameter): Name = "Unique ID"; Value = "109"; VariantName = "[No Variations]"
Change component parameters (AddParameter): Name = "Value"; Value = "5K1"; VariantName = "[No Variations]"
Change component parameters: Designator = "R7" ("R7"); Footprint = "RESC2012X60N"; UniqueID = "\CLUXCEKR" ("\CLUXCEKR")
Change component parameters (AddParameter): Name = "Arrow"; Value = ""; VariantName = "[No Variations]"
Change component parameters (AddParameter): Name = "Category"; Value = "[0000] Passive components"; VariantName = "[No Variations]"
Change component parameters (AddParameter): Name = "Cost"; Value = "0.00176"; VariantName = "[No Variations]"
Change component parameters (AddParameter): Name = "DigiKey"; Value = ""; VariantName = "[No Variations]"
Change component parameters (AddParameter): Name = "Farnell"; Value = "2447009"; VariantName = "[No Variations]"
Change component parameters (AddParameter): Name = "FootprintName"; Value = ""; VariantName = "[No Variations]"
Change component parameters (AddParameter): Name = "HelpURL"; Value = ""; VariantName = "[No Variations]"
Change component parameters (AddParameter): Name = "LCSC"; Value = ""; VariantName = "[No Variations]"
Change component parameters (AddParameter): Name = "LibraryVersion"; Value = "v1"; VariantName = "[No Variations]"
Change component parameters (AddParameter): Name = "MF"; Value = ""; VariantName = "[No Variations]"
Change component parameters (AddParameter): Name = "Mounting"; Value = "SMT"; VariantName = "[No Variations]"
Change component parameters (AddParameter): Name = "Mouser"; Value = ""; VariantName = "[No Variations]"
Change component parameters (AddParameter): Name = "MP"; Value = ""; VariantName = "[No Variations]"
Change component parameters (AddParameter): Name = "My_P/N"; Value = ""; VariantName = "[No Variations]"
Change component parameters (AddParameter): Name = "My_PN"; Value = ""; VariantName = "[No Variations]"
Change component parameters (AddParameter): Name = "Package"; Value = ""; VariantName = "[No Variations]"
Change component parameters (AddParameter): Name = "Profusion"; Value = ""; VariantName = "[No Variations]"
Change component parameters (AddParameter): Name = "RS"; Value = ""; VariantName = "[No Variations]"
Change component parameters (AddParameter): Name = "Subcategory"; Value = "[0001] Resistor"; VariantName = "[No Variations]"
Change component parameters (AddParameter): Name = "UA P/N"; Value = "13-0111"; VariantName = "[No Variations]"
Change component parameters (AddParameter): Name = "Unique ID"; Value = "109"; VariantName = "[No Variations]"
Change component parameters (AddParameter): Name = "Value"; Value = "5K1"; VariantName = "[No Variations]"
Change component parameters: Designator = "R8" ("R8"); Footprint = "RESC2012X60N"; UniqueID = "\FTDVORFS" ("\FTDVORFS")
Change component parameters (AddParameter): Name = "Arrow"; Value = ""; VariantName = "[No Variations]"
Change component parameters (AddParameter): Name = "Category"; Value = "[0000] Passive components"; VariantName = "[No Variations]"
Change component parameters (AddParameter): Name = "Cost"; Value = "0.0049"; VariantName = "[No Variations]"
Change component parameters (AddParameter): Name = "DigiKey"; Value = ""; VariantName = "[No Variations]"
Change component parameters (AddParameter): Name = "Farnell"; Value = "2692652"; VariantName = "[No Variations]"
Change component parameters (AddParameter): Name = "FootprintName"; Value = ""; VariantName = "[No Variations]"
Change component parameters (AddParameter): Name = "HelpURL"; Value = ""; VariantName = "[No Variations]"
Change component parameters (AddParameter): Name = "LCSC"; Value = ""; VariantName = "[No Variations]"
Change component parameters (AddParameter): Name = "LibraryVersion"; Value = "v1"; VariantName = "[No Variations]"
Change component parameters (AddParameter): Name = "MF"; Value = ""; VariantName = "[No Variations]"
Change component parameters (AddParameter): Name = "Mounting"; Value = "SMT"; VariantName = "[No Variations]"
Change component parameters (AddParameter): Name = "Mouser"; Value = ""; VariantName = "[No Variations]"
Change component parameters (AddParameter): Name = "MP"; Value = ""; VariantName = "[No Variations]"
Change component parameters (AddParameter): Name = "My_P/N"; Value = ""; VariantName = "[No Variations]"
Change component parameters (AddParameter): Name = "My_PN"; Value = ""; VariantName = "[No Variations]"
Change component parameters (AddParameter): Name = "Package"; Value = ""; VariantName = "[No Variations]"
Change component parameters (AddParameter): Name = "Profusion"; Value = ""; VariantName = "[No Variations]"
Change component parameters (AddParameter): Name = "RS"; Value = ""; VariantName = "[No Variations]"
Change component parameters (AddParameter): Name = "Subcategory"; Value = "[0001] Resistor"; VariantName = "[No Variations]"
Change component parameters (AddParameter): Name = "UA P/N"; Value = "13-0001"; VariantName = "[No Variations]"
Change component parameters (AddParameter): Name = "Unique ID"; Value = "0"; VariantName = "[No Variations]"
Change component parameters (AddParameter): Name = "Value"; Value = "0R0"; VariantName = "[No Variations]"
Change component parameters: Designator = "R9" ("R9"); Footprint = "RESC2012X60N"; UniqueID = "\WAVSYKNY" ("\WAVSYKNY")
Change component parameters (AddParameter): Name = "Arrow"; Value = ""; VariantName = "[No Variations]"
Change component parameters (AddParameter): Name = "Category"; Value = "[0000] Passive components"; VariantName = "[No Variations]"
Change component parameters (AddParameter): Name = "Cost"; Value = "0.00218"; VariantName = "[No Variations]"
Change component parameters (AddParameter): Name = "DigiKey"; Value = ""; VariantName = "[No Variations]"
Change component parameters (AddParameter): Name = "Farnell"; Value = "2446869"; VariantName = "[No Variations]"
Change component parameters (AddParameter): Name = "FootprintName"; Value = ""; VariantName = "[No Variations]"
Change component parameters (AddParameter): Name = "HelpURL"; Value = ""; VariantName = "[No Variations]"
Change component parameters (AddParameter): Name = "LCSC"; Value = ""; VariantName = "[No Variations]"
Change component parameters (AddParameter): Name = "LibraryVersion"; Value = "v1"; VariantName = "[No Variations]"
Change component parameters (AddParameter): Name = "MF"; Value = ""; VariantName = "[No Variations]"
Change component parameters (AddParameter): Name = "Mounting"; Value = "SMT"; VariantName = "[No Variations]"
Change component parameters (AddParameter): Name = "Mouser"; Value = ""; VariantName = "[No Variations]"
Change component parameters (AddParameter): Name = "MP"; Value = ""; VariantName = "[No Variations]"
Change component parameters (AddParameter): Name = "My_P/N"; Value = ""; VariantName = "[No Variations]"
Change component parameters (AddParameter): Name = "My_PN"; Value = ""; VariantName = "[No Variations]"
Change component parameters (AddParameter): Name = "Package"; Value = ""; VariantName = "[No Variations]"
Change component parameters (AddParameter): Name = "Profusion"; Value = ""; VariantName = "[No Variations]"
Change component parameters (AddParameter): Name = "RS"; Value = ""; VariantName = "[No Variations]"
Change component parameters (AddParameter): Name = "Subcategory"; Value = "[0001] Resistor"; VariantName = "[No Variations]"
Change component parameters (AddParameter): Name = "UA P/N"; Value = "13-0004"; VariantName = "[No Variations]"
Change component parameters (AddParameter): Name = "Unique ID"; Value = "3"; VariantName = "[No Variations]"
Change component parameters (AddParameter): Name = "Value"; Value = "100R"; VariantName = "[No Variations]"
Change component parameters: Designator = "R10" ("R10"); Footprint = "RESC2012X60N"; UniqueID = "\PWNKZUDE" ("\PWNKZUDE")
Change component parameters (AddParameter): Name = "Arrow"; Value = ""; VariantName = "[No Variations]"
Change component parameters (AddParameter): Name = "Category"; Value = "[0000] Passive components"; VariantName = "[No Variations]"
Change component parameters (AddParameter): Name = "Cost"; Value = "0.00214"; VariantName = "[No Variations]"
Change component parameters (AddParameter): Name = "DigiKey"; Value = ""; VariantName = "[No Variations]"
Change component parameters (AddParameter): Name = "Farnell"; Value = "2446904"; VariantName = "[No Variations]"
Change component parameters (AddParameter): Name = "FootprintName"; Value = ""; VariantName = "[No Variations]"
Change component parameters (AddParameter): Name = "HelpURL"; Value = ""; VariantName = "[No Variations]"
Change component parameters (AddParameter): Name = "LCSC"; Value = ""; VariantName = "[No Variations]"
Change component parameters (AddParameter): Name = "LibraryVersion"; Value = "v1"; VariantName = "[No Variations]"
Change component parameters (AddParameter): Name = "MF"; Value = ""; VariantName = "[No Variations]"
Change component parameters (AddParameter): Name = "Mounting"; Value = "SMT"; VariantName = "[No Variations]"
Change component parameters (AddParameter): Name = "Mouser"; Value = ""; VariantName = "[No Variations]"
Change component parameters (AddParameter): Name = "MP"; Value = ""; VariantName = "[No Variations]"
Change component parameters (AddParameter): Name = "My_P/N"; Value = ""; VariantName = "[No Variations]"
Change component parameters (AddParameter): Name = "My_PN"; Value = ""; VariantName = "[No Variations]"
Change component parameters (AddParameter): Name = "Package"; Value = ""; VariantName = "[No Variations]"
Change component parameters (AddParameter): Name = "Profusion"; Value = ""; VariantName = "[No Variations]"
Change component parameters (AddParameter): Name = "RS"; Value = ""; VariantName = "[No Variations]"
Change component parameters (AddParameter): Name = "Subcategory"; Value = "[0001] Resistor"; VariantName = "[No Variations]"
Change component parameters (AddParameter): Name = "UA P/N"; Value = "13-0022"; VariantName = "[No Variations]"
Change component parameters (AddParameter): Name = "Unique ID"; Value = "21"; VariantName = "[No Variations]"
Change component parameters (AddParameter): Name = "Value"; Value = "1K0"; VariantName = "[No Variations]"
Change component parameters: Designator = "U1" ("U1"); Footprint = "SOP127P600X175-9N"; UniqueID = "\NSIXPLDX" ("\NSIXPLDX")
Change component parameters (AddParameter): Name = "Arrow"; Value = ""; VariantName = "[No Variations]"
Change component parameters (AddParameter): Name = "Category"; Value = "[0100] Integrated circuits"; VariantName = "[No Variations]"
Change component parameters (AddParameter): Name = "Cost"; Value = "0"; VariantName = "[No Variations]"
Change component parameters (AddParameter): Name = "DigiKey"; Value = ""; VariantName = "[No Variations]"
Change component parameters (AddParameter): Name = "Farnell"; Value = ""; VariantName = "[No Variations]"
Change component parameters (AddParameter): Name = "FootprintName"; Value = ""; VariantName = "[No Variations]"
Change component parameters (AddParameter): Name = "HelpURL"; Value = ""; VariantName = "[No Variations]"
Change component parameters (AddParameter): Name = "LCSC"; Value = ""; VariantName = "[No Variations]"
Change component parameters (AddParameter): Name = "LibraryVersion"; Value = "v1"; VariantName = "[No Variations]"
Change component parameters (AddParameter): Name = "MF"; Value = ""; VariantName = "[No Variations]"
Change component parameters (AddParameter): Name = "Mounting"; Value = "SMT"; VariantName = "[No Variations]"
Change component parameters (AddParameter): Name = "Mouser"; Value = ""; VariantName = "[No Variations]"
Change component parameters (AddParameter): Name = "MP"; Value = ""; VariantName = "[No Variations]"
Change component parameters (AddParameter): Name = "My_P/N"; Value = ""; VariantName = "[No Variations]"
Change component parameters (AddParameter): Name = "Package"; Value = ""; VariantName = "[No Variations]"
Change component parameters (AddParameter): Name = "Profusion"; Value = ""; VariantName = "[No Variations]"
Change component parameters (AddParameter): Name = "RS"; Value = ""; VariantName = "[No Variations]"
Change component parameters (AddParameter): Name = "Subcategory"; Value = "[0117] Battery Management"; VariantName = "[No Variations]"
Change component parameters (AddParameter): Name = "UA P/N"; Value = ""; VariantName = "[No Variations]"
Change component parameters (AddParameter): Name = "Unique ID"; Value = "558"; VariantName = "[No Variations]"
Change component parameters (AddParameter): Name = "Value"; Value = "LITHUM CHARGER"; VariantName = "[No Variations]"
Change component parameters: Designator = "U2" ("U2"); Footprint = "SOT95P280X145-6N"; UniqueID = "\UXKIIELG" ("\UXKIIELG")
Change component parameters (AddParameter): Name = "Arrow"; Value = ""; VariantName = "[No Variations]"
Change component parameters (AddParameter): Name = "Category"; Value = "[0100] Integrated circuits"; VariantName = "[No Variations]"
Change component parameters (AddParameter): Name = "ComponentLink1Description"; Value = "Web MF"; VariantName = "[No Variations]"
Change component parameters (AddParameter): Name = "ComponentLink1URL"; Value = "https://hmsemi.com"; VariantName = "[No Variations]"
Change component parameters (AddParameter): Name = "ComponentLink2Description"; Value = "Datasheet web"; VariantName = "[No Variations]"
Change component parameters (AddParameter): Name = "ComponentLink2URL"; Value = "https://pdf1.alldatasheet.com/datasheet-pdf/view/1150541/HMSEMI/DW01A.html"; VariantName = "[No Variations]"
Change component parameters (AddParameter): Name = "ComponentLink3Description"; Value = "Datasheet local"; VariantName = "[No Variations]"
Change component parameters (AddParameter): Name = "ComponentLink3URL"; Value = "/D/"; VariantName = "[No Variations]"
Change component parameters (AddParameter): Name = "Cost"; Value = "0"; VariantName = "[No Variations]"
Change component parameters (AddParameter): Name = "DigiKey"; Value = ""; VariantName = "[No Variations]"
Change component parameters (AddParameter): Name = "Farnell"; Value = ""; VariantName = "[No Variations]"
Change component parameters (AddParameter): Name = "FootprintName"; Value = ""; VariantName = "[No Variations]"
Change component parameters (AddParameter): Name = "HelpURL"; Value = ""; VariantName = "[No Variations]"
Change component parameters (AddParameter): Name = "LCSC"; Value = ""; VariantName = "[No Variations]"
Change component parameters (AddParameter): Name = "LibraryVersion"; Value = "v1"; VariantName = "[No Variations]"
Change component parameters (AddParameter): Name = "MF"; Value = ""; VariantName = "[No Variations]"
Change component parameters (AddParameter): Name = "Mounting"; Value = "SMT"; VariantName = "[No Variations]"
Change component parameters (AddParameter): Name = "Mouser"; Value = ""; VariantName = "[No Variations]"
Change component parameters (AddParameter): Name = "MP"; Value = ""; VariantName = "[No Variations]"
Change component parameters (AddParameter): Name = "My_P/N"; Value = ""; VariantName = "[No Variations]"
Change component parameters (AddParameter): Name = "Package"; Value = ""; VariantName = "[No Variations]"
Change component parameters (AddParameter): Name = "Profusion"; Value = ""; VariantName = "[No Variations]"
Change component parameters (AddParameter): Name = "RS"; Value = ""; VariantName = "[No Variations]"
Change component parameters (AddParameter): Name = "Subcategory"; Value = "[0117] Battery Management"; VariantName = "[No Variations]"
Change component parameters (AddParameter): Name = "UA P/N"; Value = ""; VariantName = "[No Variations]"
Change component parameters (AddParameter): Name = "Unique ID"; Value = "559"; VariantName = "[No Variations]"
Change component parameters (AddParameter): Name = "Value"; Value = "LITHUM PROTECTION"; VariantName = "[No Variations]"
Change component parameters: Designator = "Vbat+SWT" ("Vbat+SWT"); Footprint = "P200X100H90L100H50"; UniqueID = "\CWRMQIEE" ("\CWRMQIEE")
Change component parameters (AddParameter): Name = "Arrow"; Value = ""; VariantName = "[No Variations]"
Change component parameters (AddParameter): Name = "Category"; Value = "[0500] Connectors"; VariantName = "[No Variations]"
Change component parameters (AddParameter): Name = "Cost"; Value = ""; VariantName = "[No Variations]"
Change component parameters (AddParameter): Name = "DigiKey"; Value = ""; VariantName = "[No Variations]"
Change component parameters (AddParameter): Name = "Farnell"; Value = "P50-H-120-G"; VariantName = "[No Variations]"
Change component parameters (AddParameter): Name = "FootprintName"; Value = ""; VariantName = "[No Variations]"
Change component parameters (AddParameter): Name = "HelpURL"; Value = ""; VariantName = "[No Variations]"
Change component parameters (AddParameter): Name = "LCSC"; Value = ""; VariantName = "[No Variations]"
Change component parameters (AddParameter): Name = "LibraryVersion"; Value = ""; VariantName = "[No Variations]"
Change component parameters (AddParameter): Name = "MF"; Value = ""; VariantName = "[No Variations]"
Change component parameters (AddParameter): Name = "Mounting"; Value = ""; VariantName = "[No Variations]"
Change component parameters (AddParameter): Name = "Mouser"; Value = ""; VariantName = "[No Variations]"
Change component parameters (AddParameter): Name = "MP"; Value = ""; VariantName = "[No Variations]"
Change component parameters (AddParameter): Name = "My_P/N"; Value = ""; VariantName = "[No Variations]"
Change component parameters (AddParameter): Name = "Package"; Value = ""; VariantName = "[No Variations]"
Change component parameters (AddParameter): Name = "Profusion"; Value = ""; VariantName = "[No Variations]"
Change component parameters (AddParameter): Name = "RS"; Value = ""; VariantName = "[No Variations]"
Change component parameters (AddParameter): Name = "Subcategory"; Value = "[0510] Test pins"; VariantName = "[No Variations]"
Change component parameters (AddParameter): Name = "UA P/N"; Value = ""; VariantName = "[No Variations]"
Change component parameters (AddParameter): Name = "Unique ID"; Value = "509"; VariantName = "[No Variations]"
Change component parameters (AddParameter): Name = "Value"; Value = "TESTPINT"; VariantName = "[No Variations]"
Change component parameters: Designator = "vbat-" ("vbat-"); Footprint = "P200X100H90L100H50"; UniqueID = "\XFGCPPUX" ("\XFGCPPUX")
Change component parameters (AddParameter): Name = "Arrow"; Value = ""; VariantName = "[No Variations]"
Change component parameters (AddParameter): Name = "Category"; Value = "[0500] Connectors"; VariantName = "[No Variations]"
Change component parameters (AddParameter): Name = "Cost"; Value = ""; VariantName = "[No Variations]"
Change component parameters (AddParameter): Name = "DigiKey"; Value = ""; VariantName = "[No Variations]"
Change component parameters (AddParameter): Name = "Farnell"; Value = "P50-H-120-G"; VariantName = "[No Variations]"
Change component parameters (AddParameter): Name = "FootprintName"; Value = ""; VariantName = "[No Variations]"
Change component parameters (AddParameter): Name = "HelpURL"; Value = ""; VariantName = "[No Variations]"
Change component parameters (AddParameter): Name = "LCSC"; Value = ""; VariantName = "[No Variations]"
Change component parameters (AddParameter): Name = "LibraryVersion"; Value = ""; VariantName = "[No Variations]"
Change component parameters (AddParameter): Name = "MF"; Value = ""; VariantName = "[No Variations]"
Change component parameters (AddParameter): Name = "Mounting"; Value = ""; VariantName = "[No Variations]"
Change component parameters (AddParameter): Name = "Mouser"; Value = ""; VariantName = "[No Variations]"
Change component parameters (AddParameter): Name = "MP"; Value = ""; VariantName = "[No Variations]"
Change component parameters (AddParameter): Name = "My_P/N"; Value = ""; VariantName = "[No Variations]"
Change component parameters (AddParameter): Name = "Package"; Value = ""; VariantName = "[No Variations]"
Change component parameters (AddParameter): Name = "Profusion"; Value = ""; VariantName = "[No Variations]"
Change component parameters (AddParameter): Name = "RS"; Value = ""; VariantName = "[No Variations]"
Change component parameters (AddParameter): Name = "Subcategory"; Value = "[0510] Test pins"; VariantName = "[No Variations]"
Change component parameters (AddParameter): Name = "UA P/N"; Value = ""; VariantName = "[No Variations]"
Change component parameters (AddParameter): Name = "Unique ID"; Value = "509"; VariantName = "[No Variations]"
Change component parameters (AddParameter): Name = "Value"; Value = "TESTPINT"; VariantName = "[No Variations]"
Added Component: Designator=Motor11(P200X100H90L100H50)
Add component (AddParameter): Name = "Arrow"; Value = ""; VariantName = "[No Variations]"
Add component (AddParameter): Name = "Category"; Value = "[0500] Connectors"; VariantName = "[No Variations]"
Add component (AddParameter): Name = "Cost"; Value = ""; VariantName = "[No Variations]"
Add component (AddParameter): Name = "DigiKey"; Value = ""; VariantName = "[No Variations]"
Add component (AddParameter): Name = "Farnell"; Value = "P50-H-120-G"; VariantName = "[No Variations]"
Add component (AddParameter): Name = "FootprintName"; Value = ""; VariantName = "[No Variations]"
Add component (AddParameter): Name = "HelpURL"; Value = ""; VariantName = "[No Variations]"
Add component (AddParameter): Name = "LCSC"; Value = ""; VariantName = "[No Variations]"
Add component (AddParameter): Name = "LibraryVersion"; Value = ""; VariantName = "[No Variations]"
Add component (AddParameter): Name = "MF"; Value = ""; VariantName = "[No Variations]"
Add component (AddParameter): Name = "Mounting"; Value = ""; VariantName = "[No Variations]"
Add component (AddParameter): Name = "Mouser"; Value = ""; VariantName = "[No Variations]"
Add component (AddParameter): Name = "MP"; Value = ""; VariantName = "[No Variations]"
Add component (AddParameter): Name = "My_P/N"; Value = ""; VariantName = "[No Variations]"
Add component (AddParameter): Name = "Package"; Value = ""; VariantName = "[No Variations]"
Add component (AddParameter): Name = "Profusion"; Value = ""; VariantName = "[No Variations]"
Add component (AddParameter): Name = "RS"; Value = ""; VariantName = "[No Variations]"
Add component (AddParameter): Name = "Subcategory"; Value = "[0510] Test pins"; VariantName = "[No Variations]"
Add component (AddParameter): Name = "UA P/N"; Value = ""; VariantName = "[No Variations]"
Add component (AddParameter): Name = "Unique ID"; Value = "509"; VariantName = "[No Variations]"
Add component (AddParameter): Name = "Value"; Value = "TESTPINT"; VariantName = "[No Variations]"
Added Component: Designator=Motor12(P200X100H90L100H50)
Add component (AddParameter): Name = "Arrow"; Value = ""; VariantName = "[No Variations]"
Add component (AddParameter): Name = "Category"; Value = "[0500] Connectors"; VariantName = "[No Variations]"
Add component (AddParameter): Name = "Cost"; Value = ""; VariantName = "[No Variations]"
Add component (AddParameter): Name = "DigiKey"; Value = ""; VariantName = "[No Variations]"
Add component (AddParameter): Name = "Farnell"; Value = "P50-H-120-G"; VariantName = "[No Variations]"
Add component (AddParameter): Name = "FootprintName"; Value = ""; VariantName = "[No Variations]"
Add component (AddParameter): Name = "HelpURL"; Value = ""; VariantName = "[No Variations]"
Add component (AddParameter): Name = "LCSC"; Value = ""; VariantName = "[No Variations]"
Add component (AddParameter): Name = "LibraryVersion"; Value = ""; VariantName = "[No Variations]"
Add component (AddParameter): Name = "MF"; Value = ""; VariantName = "[No Variations]"
Add component (AddParameter): Name = "Mounting"; Value = ""; VariantName = "[No Variations]"
Add component (AddParameter): Name = "Mouser"; Value = ""; VariantName = "[No Variations]"
Add component (AddParameter): Name = "MP"; Value = ""; VariantName = "[No Variations]"
Add component (AddParameter): Name = "My_P/N"; Value = ""; VariantName = "[No Variations]"
Add component (AddParameter): Name = "Package"; Value = ""; VariantName = "[No Variations]"
Add component (AddParameter): Name = "Profusion"; Value = ""; VariantName = "[No Variations]"
Add component (AddParameter): Name = "RS"; Value = ""; VariantName = "[No Variations]"
Add component (AddParameter): Name = "Subcategory"; Value = "[0510] Test pins"; VariantName = "[No Variations]"
Add component (AddParameter): Name = "UA P/N"; Value = ""; VariantName = "[No Variations]"
Add component (AddParameter): Name = "Unique ID"; Value = "509"; VariantName = "[No Variations]"
Add component (AddParameter): Name = "Value"; Value = "TESTPINT"; VariantName = "[No Variations]"
Added Component: Designator=Motor21(P200X100H90L100H50)
Add component (AddParameter): Name = "Arrow"; Value = ""; VariantName = "[No Variations]"
Add component (AddParameter): Name = "Category"; Value = "[0500] Connectors"; VariantName = "[No Variations]"
Add component (AddParameter): Name = "Cost"; Value = ""; VariantName = "[No Variations]"
Add component (AddParameter): Name = "DigiKey"; Value = ""; VariantName = "[No Variations]"
Add component (AddParameter): Name = "Farnell"; Value = "P50-H-120-G"; VariantName = "[No Variations]"
Add component (AddParameter): Name = "FootprintName"; Value = ""; VariantName = "[No Variations]"
Add component (AddParameter): Name = "HelpURL"; Value = ""; VariantName = "[No Variations]"
Add component (AddParameter): Name = "LCSC"; Value = ""; VariantName = "[No Variations]"
Add component (AddParameter): Name = "LibraryVersion"; Value = ""; VariantName = "[No Variations]"
Add component (AddParameter): Name = "MF"; Value = ""; VariantName = "[No Variations]"
Add component (AddParameter): Name = "Mounting"; Value = ""; VariantName = "[No Variations]"
Add component (AddParameter): Name = "Mouser"; Value = ""; VariantName = "[No Variations]"
Add component (AddParameter): Name = "MP"; Value = ""; VariantName = "[No Variations]"
Add component (AddParameter): Name = "My_P/N"; Value = ""; VariantName = "[No Variations]"
Add component (AddParameter): Name = "Package"; Value = ""; VariantName = "[No Variations]"
Add component (AddParameter): Name = "Profusion"; Value = ""; VariantName = "[No Variations]"
Add component (AddParameter): Name = "RS"; Value = ""; VariantName = "[No Variations]"
Add component (AddParameter): Name = "Subcategory"; Value = "[0510] Test pins"; VariantName = "[No Variations]"
Add component (AddParameter): Name = "UA P/N"; Value = ""; VariantName = "[No Variations]"
Add component (AddParameter): Name = "Unique ID"; Value = "509"; VariantName = "[No Variations]"
Add component (AddParameter): Name = "Value"; Value = "TESTPINT"; VariantName = "[No Variations]"
Added Component: Designator=Motor22(P200X100H90L100H50)
Add component (AddParameter): Name = "Arrow"; Value = ""; VariantName = "[No Variations]"
Add component (AddParameter): Name = "Category"; Value = "[0500] Connectors"; VariantName = "[No Variations]"
Add component (AddParameter): Name = "Cost"; Value = ""; VariantName = "[No Variations]"
Add component (AddParameter): Name = "DigiKey"; Value = ""; VariantName = "[No Variations]"
Add component (AddParameter): Name = "Farnell"; Value = "P50-H-120-G"; VariantName = "[No Variations]"
Add component (AddParameter): Name = "FootprintName"; Value = ""; VariantName = "[No Variations]"
Add component (AddParameter): Name = "HelpURL"; Value = ""; VariantName = "[No Variations]"
Add component (AddParameter): Name = "LCSC"; Value = ""; VariantName = "[No Variations]"
Add component (AddParameter): Name = "LibraryVersion"; Value = ""; VariantName = "[No Variations]"
Add component (AddParameter): Name = "MF"; Value = ""; VariantName = "[No Variations]"
Add component (AddParameter): Name = "Mounting"; Value = ""; VariantName = "[No Variations]"
Add component (AddParameter): Name = "Mouser"; Value = ""; VariantName = "[No Variations]"
Add component (AddParameter): Name = "MP"; Value = ""; VariantName = "[No Variations]"
Add component (AddParameter): Name = "My_P/N"; Value = ""; VariantName = "[No Variations]"
Add component (AddParameter): Name = "Package"; Value = ""; VariantName = "[No Variations]"
Add component (AddParameter): Name = "Profusion"; Value = ""; VariantName = "[No Variations]"
Add component (AddParameter): Name = "RS"; Value = ""; VariantName = "[No Variations]"
Add component (AddParameter): Name = "Subcategory"; Value = "[0510] Test pins"; VariantName = "[No Variations]"
Add component (AddParameter): Name = "UA P/N"; Value = ""; VariantName = "[No Variations]"
Add component (AddParameter): Name = "Unique ID"; Value = "509"; VariantName = "[No Variations]"
Add component (AddParameter): Name = "Value"; Value = "TESTPINT"; VariantName = "[No Variations]"
Added Component: Designator=Motor+(P200X100H90L100H50)
Add component (AddParameter): Name = "Arrow"; Value = ""; VariantName = "[No Variations]"
Add component (AddParameter): Name = "Category"; Value = "[0500] Connectors"; VariantName = "[No Variations]"
Add component (AddParameter): Name = "Cost"; Value = ""; VariantName = "[No Variations]"
Add component (AddParameter): Name = "DigiKey"; Value = ""; VariantName = "[No Variations]"
Add component (AddParameter): Name = "Farnell"; Value = "P50-H-120-G"; VariantName = "[No Variations]"
Add component (AddParameter): Name = "FootprintName"; Value = ""; VariantName = "[No Variations]"
Add component (AddParameter): Name = "HelpURL"; Value = ""; VariantName = "[No Variations]"
Add component (AddParameter): Name = "LCSC"; Value = ""; VariantName = "[No Variations]"
Add component (AddParameter): Name = "LibraryVersion"; Value = ""; VariantName = "[No Variations]"
Add component (AddParameter): Name = "MF"; Value = ""; VariantName = "[No Variations]"
Add component (AddParameter): Name = "Mounting"; Value = ""; VariantName = "[No Variations]"
Add component (AddParameter): Name = "Mouser"; Value = ""; VariantName = "[No Variations]"
Add component (AddParameter): Name = "MP"; Value = ""; VariantName = "[No Variations]"
Add component (AddParameter): Name = "My_P/N"; Value = ""; VariantName = "[No Variations]"
Add component (AddParameter): Name = "Package"; Value = ""; VariantName = "[No Variations]"
Add component (AddParameter): Name = "Profusion"; Value = ""; VariantName = "[No Variations]"
Add component (AddParameter): Name = "RS"; Value = ""; VariantName = "[No Variations]"
Add component (AddParameter): Name = "Subcategory"; Value = "[0510] Test pins"; VariantName = "[No Variations]"
Add component (AddParameter): Name = "UA P/N"; Value = ""; VariantName = "[No Variations]"
Add component (AddParameter): Name = "Unique ID"; Value = "509"; VariantName = "[No Variations]"
Add component (AddParameter): Name = "Value"; Value = "TESTPINT"; VariantName = "[No Variations]"
Added Component: Designator=Motor-(P200X100H90L100H50)
Add component (AddParameter): Name = "Arrow"; Value = ""; VariantName = "[No Variations]"
Add component (AddParameter): Name = "Category"; Value = "[0500] Connectors"; VariantName = "[No Variations]"
Add component (AddParameter): Name = "Cost"; Value = ""; VariantName = "[No Variations]"
Add component (AddParameter): Name = "DigiKey"; Value = ""; VariantName = "[No Variations]"
Add component (AddParameter): Name = "Farnell"; Value = "P50-H-120-G"; VariantName = "[No Variations]"
Add component (AddParameter): Name = "FootprintName"; Value = ""; VariantName = "[No Variations]"
Add component (AddParameter): Name = "HelpURL"; Value = ""; VariantName = "[No Variations]"
Add component (AddParameter): Name = "LCSC"; Value = ""; VariantName = "[No Variations]"
Add component (AddParameter): Name = "LibraryVersion"; Value = ""; VariantName = "[No Variations]"
Add component (AddParameter): Name = "MF"; Value = ""; VariantName = "[No Variations]"
Add component (AddParameter): Name = "Mounting"; Value = ""; VariantName = "[No Variations]"
Add component (AddParameter): Name = "Mouser"; Value = ""; VariantName = "[No Variations]"
Add component (AddParameter): Name = "MP"; Value = ""; VariantName = "[No Variations]"
Add component (AddParameter): Name = "My_P/N"; Value = ""; VariantName = "[No Variations]"
Add component (AddParameter): Name = "Package"; Value = ""; VariantName = "[No Variations]"
Add component (AddParameter): Name = "Profusion"; Value = ""; VariantName = "[No Variations]"
Add component (AddParameter): Name = "RS"; Value = ""; VariantName = "[No Variations]"
Add component (AddParameter): Name = "Subcategory"; Value = "[0510] Test pins"; VariantName = "[No Variations]"
Add component (AddParameter): Name = "UA P/N"; Value = ""; VariantName = "[No Variations]"
Add component (AddParameter): Name = "Unique ID"; Value = "509"; VariantName = "[No Variations]"
Add component (AddParameter): Name = "Value"; Value = "TESTPINT"; VariantName = "[No Variations]"
Added Component: Designator=Vbat+SWT2(P200X100H90L100H50)
Add component (AddParameter): Name = "Arrow"; Value = ""; VariantName = "[No Variations]"
Add component (AddParameter): Name = "Category"; Value = "[0500] Connectors"; VariantName = "[No Variations]"
Add component (AddParameter): Name = "Cost"; Value = ""; VariantName = "[No Variations]"
Add component (AddParameter): Name = "DigiKey"; Value = ""; VariantName = "[No Variations]"
Add component (AddParameter): Name = "Farnell"; Value = "P50-H-120-G"; VariantName = "[No Variations]"
Add component (AddParameter): Name = "FootprintName"; Value = ""; VariantName = "[No Variations]"
Add component (AddParameter): Name = "HelpURL"; Value = ""; VariantName = "[No Variations]"
Add component (AddParameter): Name = "LCSC"; Value = ""; VariantName = "[No Variations]"
Add component (AddParameter): Name = "LibraryVersion"; Value = ""; VariantName = "[No Variations]"
Add component (AddParameter): Name = "MF"; Value = ""; VariantName = "[No Variations]"
Add component (AddParameter): Name = "Mounting"; Value = ""; VariantName = "[No Variations]"
Add component (AddParameter): Name = "Mouser"; Value = ""; VariantName = "[No Variations]"
Add component (AddParameter): Name = "MP"; Value = ""; VariantName = "[No Variations]"
Add component (AddParameter): Name = "My_P/N"; Value = ""; VariantName = "[No Variations]"
Add component (AddParameter): Name = "Package"; Value = ""; VariantName = "[No Variations]"
Add component (AddParameter): Name = "Profusion"; Value = ""; VariantName = "[No Variations]"
Add component (AddParameter): Name = "RS"; Value = ""; VariantName = "[No Variations]"
Add component (AddParameter): Name = "Subcategory"; Value = "[0510] Test pins"; VariantName = "[No Variations]"
Add component (AddParameter): Name = "UA P/N"; Value = ""; VariantName = "[No Variations]"
Add component (AddParameter): Name = "Unique ID"; Value = "509"; VariantName = "[No Variations]"
Add component (AddParameter): Name = "Value"; Value = "TESTPINT"; VariantName = "[No Variations]"
Added Pin To Net: NetName=GND Pin=Motor--1
Added Pin To Net: NetName=NetQ1_3 Pin=Vbat+SWT2-1
Added Pin To Net: NetName=NetMotor11_1 Pin=Motor11-1
Added Pin To Net: NetName=NetMotor11_1 Pin=Motor12-1
Added Net: Name=NetMotor11_1
Added Pin To Net: NetName=NetMotor21_1 Pin=Motor21-1
Added Pin To Net: NetName=NetMotor21_1 Pin=Motor22-1
Added Net: Name=NetMotor21_1
Added Member To Class: ClassName=CtlBoard Member=Component Motor11 TESTPINT
Added Member To Class: ClassName=CtlBoard Member=Component Motor12 TESTPINT
Added Member To Class: ClassName=CtlBoard Member=Component Motor21 TESTPINT
Added Member To Class: ClassName=CtlBoard Member=Component Motor22 TESTPINT
Added Member To Class: ClassName=CtlBoard Member=Component Motor+ TESTPINT
Added Member To Class: ClassName=CtlBoard Member=Component Motor- TESTPINT
Added Member To Class: ClassName=CtlBoard Member=Component Vbat+SWT2 TESTPINT
